2020-01-11 15:37:10,783 ERROR 36130 nodejs.SequelizeAccessDeniedError: Access denied for user 'root'@'172.28.0.1' (using password: NO)
    at /Users/abser/go/src/github.com/yhyddr/projector/face/sequelize/node_modules/_sequelize@5.21.3@sequelize/lib/dialects/mysql/connection-manager.js:125:19
    at tryCatcher (/Users/abser/go/src/github.com/yhyddr/projector/face/sequelize/node_modules/_bluebird@3.7.2@bluebird/js/release/util.js:16:23)
    at Promise._settlePromiseFromHandler (/Users/abser/go/src/github.com/yhyddr/projector/face/sequelize/node_modules/_bluebird@3.7.2@bluebird/js/release/promise.js:547:31)
    at Promise._settlePromise (/Users/abser/go/src/github.com/yhyddr/projector/face/sequelize/node_modules/_bluebird@3.7.2@bluebird/js/release/promise.js:604:18)
    at Promise._settlePromise0 (/Users/abser/go/src/github.com/yhyddr/projector/face/sequelize/node_modules/_bluebird@3.7.2@bluebird/js/release/promise.js:649:10)
    at Promise._settlePromises (/Users/abser/go/src/github.com/yhyddr/projector/face/sequelize/node_modules/_bluebird@3.7.2@bluebird/js/release/promise.js:725:18)
    at _drainQueueStep (/Users/abser/go/src/github.com/yhyddr/projector/face/sequelize/node_modules/_bluebird@3.7.2@bluebird/js/release/async.js:93:12)
    at _drainQueue (/Users/abser/go/src/github.com/yhyddr/projector/face/sequelize/node_modules/_bluebird@3.7.2@bluebird/js/release/async.js:86:9)
    at Async._drainQueues (/Users/abser/go/src/github.com/yhyddr/projector/face/sequelize/node_modules/_bluebird@3.7.2@bluebird/js/release/async.js:102:5)
    at Immediate.Async.drainQueues [as _onImmediate] (/Users/abser/go/src/github.com/yhyddr/projector/face/sequelize/node_modules/_bluebird@3.7.2@bluebird/js/release/async.js:15:14)
From previous event:
    at Promise.longStackTracesCaptureStackTrace [as _captureStackTrace] (/Users/abser/go/src/github.com/yhyddr/projector/face/sequelize/node_modules/_bluebird@3.7.2@bluebird/js/release/debuggability.js:482:19)
    at Function.Promise.attempt.Promise.try (/Users/abser/go/src/github.com/yhyddr/projector/face/sequelize/node_modules/_bluebird@3.7.2@bluebird/js/release/method.js:29:9)
    at Sequelize.query (/Users/abser/go/src/github.com/yhyddr/projector/face/sequelize/node_modules/_sequelize@5.21.3@sequelize/lib/sequelize.js:580:23)
    at Sequelize.authenticate (/Users/abser/go/src/github.com/yhyddr/projector/face/sequelize/node_modules/_sequelize@5.21.3@sequelize/lib/sequelize.js:892:17)
    at authenticate (/Users/abser/go/src/github.com/yhyddr/projector/face/sequelize/node_modules/_egg-sequelize@5.2.1@egg-sequelize/lib/loader.js:134:22)
    at authenticate (/Users/abser/go/src/github.com/yhyddr/projector/face/sequelize/node_modules/_egg-sequelize@5.2.1@egg-sequelize/lib/loader.js:142:13)
    at async authenticate (/Users/abser/go/src/github.com/yhyddr/projector/face/sequelize/node_modules/_egg-sequelize@5.2.1@egg-sequelize/lib/loader.js:142:7)
    at async authenticate (/Users/abser/go/src/github.com/yhyddr/projector/face/sequelize/node_modules/_egg-sequelize@5.2.1@egg-sequelize/lib/loader.js:142:7)
    at async Promise.all (index 0)
    at async /Users/abser/go/src/github.com/yhyddr/projector/face/sequelize/node_modules/_egg-sequelize@5.2.1@egg-sequelize/lib/loader.js:40:5
name: "SequelizeAccessDeniedError"
parent: {"code":"ER_ACCESS_DENIED_ERROR","errno":1045,"sqlState":"28000","sqlMessage":"Access denied for user 'root'@'172.28.0.1' (using password: NO)"}
original: {"code":"ER_ACCESS_DENIED_ERROR","errno":1045,"sqlState":"28000","sqlMessage":"Access denied for user 'root'@'172.28.0.1' (using password: NO)"}
pid: 36130
hostname: ArideMacBook-Air.local

2020-01-11 15:38:58,146 ERROR 36235 nodejs.SequelizeAccessDeniedError: Access denied for user 'root'@'172.28.0.1' (using password: NO)
    at /Users/abser/go/src/github.com/yhyddr/projector/face/sequelize/node_modules/_sequelize@5.21.3@sequelize/lib/dialects/mysql/connection-manager.js:125:19
    at tryCatcher (/Users/abser/go/src/github.com/yhyddr/projector/face/sequelize/node_modules/_bluebird@3.7.2@bluebird/js/release/util.js:16:23)
    at Promise._settlePromiseFromHandler (/Users/abser/go/src/github.com/yhyddr/projector/face/sequelize/node_modules/_bluebird@3.7.2@bluebird/js/release/promise.js:547:31)
    at Promise._settlePromise (/Users/abser/go/src/github.com/yhyddr/projector/face/sequelize/node_modules/_bluebird@3.7.2@bluebird/js/release/promise.js:604:18)
    at Promise._settlePromise0 (/Users/abser/go/src/github.com/yhyddr/projector/face/sequelize/node_modules/_bluebird@3.7.2@bluebird/js/release/promise.js:649:10)
    at Promise._settlePromises (/Users/abser/go/src/github.com/yhyddr/projector/face/sequelize/node_modules/_bluebird@3.7.2@bluebird/js/release/promise.js:725:18)
    at _drainQueueStep (/Users/abser/go/src/github.com/yhyddr/projector/face/sequelize/node_modules/_bluebird@3.7.2@bluebird/js/release/async.js:93:12)
    at _drainQueue (/Users/abser/go/src/github.com/yhyddr/projector/face/sequelize/node_modules/_bluebird@3.7.2@bluebird/js/release/async.js:86:9)
    at Async._drainQueues (/Users/abser/go/src/github.com/yhyddr/projector/face/sequelize/node_modules/_bluebird@3.7.2@bluebird/js/release/async.js:102:5)
    at Immediate.Async.drainQueues [as _onImmediate] (/Users/abser/go/src/github.com/yhyddr/projector/face/sequelize/node_modules/_bluebird@3.7.2@bluebird/js/release/async.js:15:14)
From previous event:
    at Promise.longStackTracesCaptureStackTrace [as _captureStackTrace] (/Users/abser/go/src/github.com/yhyddr/projector/face/sequelize/node_modules/_bluebird@3.7.2@bluebird/js/release/debuggability.js:482:19)
    at Function.Promise.attempt.Promise.try (/Users/abser/go/src/github.com/yhyddr/projector/face/sequelize/node_modules/_bluebird@3.7.2@bluebird/js/release/method.js:29:9)
    at Sequelize.query (/Users/abser/go/src/github.com/yhyddr/projector/face/sequelize/node_modules/_sequelize@5.21.3@sequelize/lib/sequelize.js:580:23)
    at Sequelize.authenticate (/Users/abser/go/src/github.com/yhyddr/projector/face/sequelize/node_modules/_sequelize@5.21.3@sequelize/lib/sequelize.js:892:17)
    at authenticate (/Users/abser/go/src/github.com/yhyddr/projector/face/sequelize/node_modules/_egg-sequelize@5.2.1@egg-sequelize/lib/loader.js:134:22)
    at authenticate (/Users/abser/go/src/github.com/yhyddr/projector/face/sequelize/node_modules/_egg-sequelize@5.2.1@egg-sequelize/lib/loader.js:142:13)
    at async authenticate (/Users/abser/go/src/github.com/yhyddr/projector/face/sequelize/node_modules/_egg-sequelize@5.2.1@egg-sequelize/lib/loader.js:142:7)
    at async authenticate (/Users/abser/go/src/github.com/yhyddr/projector/face/sequelize/node_modules/_egg-sequelize@5.2.1@egg-sequelize/lib/loader.js:142:7)
    at async Promise.all (index 0)
    at async /Users/abser/go/src/github.com/yhyddr/projector/face/sequelize/node_modules/_egg-sequelize@5.2.1@egg-sequelize/lib/loader.js:40:5
name: "SequelizeAccessDeniedError"
parent: {"code":"ER_ACCESS_DENIED_ERROR","errno":1045,"sqlState":"28000","sqlMessage":"Access denied for user 'root'@'172.28.0.1' (using password: NO)"}
original: {"code":"ER_ACCESS_DENIED_ERROR","errno":1045,"sqlState":"28000","sqlMessage":"Access denied for user 'root'@'172.28.0.1' (using password: NO)"}
pid: 36235
hostname: ArideMacBook-Air.local

2020-01-11 16:43:18,363 ERROR 40599 [-/127.0.0.1/-/11ms GET /image] nodejs.ReferenceError: id is not defined
    at ImageInfoController.index (/Users/abser/go/src/github.com/yhyddr/projector/face/sequelize/app/controller/image.js:37:8)
    at Object.callFn (/Users/abser/go/src/github.com/yhyddr/projector/face/sequelize/node_modules/_egg-core@4.17.4@egg-core/lib/utils/index.js:44:21)
    at Object.classControllerMiddleware (/Users/abser/go/src/github.com/yhyddr/projector/face/sequelize/node_modules/_egg-core@4.17.4@egg-core/lib/loader/mixin/controller.js:87:20)
    at Object.callFn (/Users/abser/go/src/github.com/yhyddr/projector/face/sequelize/node_modules/_@eggjs_router@2.0.0@@eggjs/router/lib/utils.js:12:21)
    at wrappedController (/Users/abser/go/src/github.com/yhyddr/projector/face/sequelize/node_modules/_@eggjs_router@2.0.0@@eggjs/router/lib/egg_router.js:322:18)
    at dispatch (/Users/abser/go/src/github.com/yhyddr/projector/face/sequelize/node_modules/_koa-compose@3.2.1@koa-compose/index.js:44:32)
    at next (/Users/abser/go/src/github.com/yhyddr/projector/face/sequelize/node_modules/_koa-compose@3.2.1@koa-compose/index.js:45:18)
    at /Users/abser/go/src/github.com/yhyddr/projector/face/sequelize/node_modules/_@eggjs_router@2.0.0@@eggjs/router/lib/router.js:190:18
    at dispatch (/Users/abser/go/src/github.com/yhyddr/projector/face/sequelize/node_modules/_koa-compose@3.2.1@koa-compose/index.js:44:32)
    at /Users/abser/go/src/github.com/yhyddr/projector/face/sequelize/node_modules/_koa-compose@3.2.1@koa-compose/index.js:36:12
    at dispatch (/Users/abser/go/src/github.com/yhyddr/projector/face/sequelize/node_modules/_@eggjs_router@2.0.0@@eggjs/router/lib/router.js:195:33)
    at dispatch (/Users/abser/go/src/github.com/yhyddr/projector/face/sequelize/node_modules/_koa-compose@4.1.0@koa-compose/index.js:42:32)
    at /Users/abser/go/src/github.com/yhyddr/projector/face/sequelize/node_modules/_egg-development@2.4.3@egg-development/app/middleware/egg_loader_trace.js:9:56
    at dispatch (/Users/abser/go/src/github.com/yhyddr/projector/face/sequelize/node_modules/_koa-compose@4.1.0@koa-compose/index.js:42:32)
    at i18n (/Users/abser/go/src/github.com/yhyddr/projector/face/sequelize/node_modules/_egg-i18n@2.1.1@egg-i18n/app/middleware/i18n.js:13:12)
    at dispatch (/Users/abser/go/src/github.com/yhyddr/projector/face/sequelize/node_modules/_koa-compose@4.1.0@koa-compose/index.js:42:32)
    at dispatch (/Users/abser/go/src/github.com/yhyddr/projector/face/sequelize/node_modules/_koa-compose@4.1.0@koa-compose/index.js:42:32)
    at dta (/Users/abser/go/src/github.com/yhyddr/projector/face/sequelize/node_modules/_egg-security@2.7.1@egg-security/lib/middlewares/dta.js:12:12)
    at dispatch (/Users/abser/go/src/github.com/yhyddr/projector/face/sequelize/node_modules/_koa-compose@4.1.0@koa-compose/index.js:42:32)
    at xframe (/Users/abser/go/src/github.com/yhyddr/projector/face/sequelize/node_modules/_egg-security@2.7.1@egg-security/lib/middlewares/xframe.js:7:11)
    at dispatch (/Users/abser/go/src/github.com/yhyddr/projector/face/sequelize/node_modules/_koa-compose@4.1.0@koa-compose/index.js:42:32)
    at xssProtection (/Users/abser/go/src/github.com/yhyddr/projector/face/sequelize/node_modules/_egg-security@2.7.1@egg-security/lib/middlewares/xssProtection.js:7:11)

pid: 40599
hostname: ArideMacBook-Air.local

2020-01-11 16:43:29,888 ERROR 40599 [-/127.0.0.1/-/0ms GET /image] nodejs.ReferenceError: id is not defined
    at ImageInfoController.index (/Users/abser/go/src/github.com/yhyddr/projector/face/sequelize/app/controller/image.js:37:8)
    at Object.callFn (/Users/abser/go/src/github.com/yhyddr/projector/face/sequelize/node_modules/_egg-core@4.17.4@egg-core/lib/utils/index.js:44:21)
    at Object.classControllerMiddleware (/Users/abser/go/src/github.com/yhyddr/projector/face/sequelize/node_modules/_egg-core@4.17.4@egg-core/lib/loader/mixin/controller.js:87:20)
    at Object.callFn (/Users/abser/go/src/github.com/yhyddr/projector/face/sequelize/node_modules/_@eggjs_router@2.0.0@@eggjs/router/lib/utils.js:12:21)
    at wrappedController (/Users/abser/go/src/github.com/yhyddr/projector/face/sequelize/node_modules/_@eggjs_router@2.0.0@@eggjs/router/lib/egg_router.js:322:18)
    at dispatch (/Users/abser/go/src/github.com/yhyddr/projector/face/sequelize/node_modules/_koa-compose@3.2.1@koa-compose/index.js:44:32)
    at next (/Users/abser/go/src/github.com/yhyddr/projector/face/sequelize/node_modules/_koa-compose@3.2.1@koa-compose/index.js:45:18)
    at /Users/abser/go/src/github.com/yhyddr/projector/face/sequelize/node_modules/_@eggjs_router@2.0.0@@eggjs/router/lib/router.js:190:18
    at dispatch (/Users/abser/go/src/github.com/yhyddr/projector/face/sequelize/node_modules/_koa-compose@3.2.1@koa-compose/index.js:44:32)
    at /Users/abser/go/src/github.com/yhyddr/projector/face/sequelize/node_modules/_koa-compose@3.2.1@koa-compose/index.js:36:12
    at dispatch (/Users/abser/go/src/github.com/yhyddr/projector/face/sequelize/node_modules/_@eggjs_router@2.0.0@@eggjs/router/lib/router.js:195:33)
    at dispatch (/Users/abser/go/src/github.com/yhyddr/projector/face/sequelize/node_modules/_koa-compose@4.1.0@koa-compose/index.js:42:32)
    at /Users/abser/go/src/github.com/yhyddr/projector/face/sequelize/node_modules/_egg-development@2.4.3@egg-development/app/middleware/egg_loader_trace.js:9:56
    at dispatch (/Users/abser/go/src/github.com/yhyddr/projector/face/sequelize/node_modules/_koa-compose@4.1.0@koa-compose/index.js:42:32)
    at i18n (/Users/abser/go/src/github.com/yhyddr/projector/face/sequelize/node_modules/_egg-i18n@2.1.1@egg-i18n/app/middleware/i18n.js:13:12)
    at dispatch (/Users/abser/go/src/github.com/yhyddr/projector/face/sequelize/node_modules/_koa-compose@4.1.0@koa-compose/index.js:42:32)
    at dispatch (/Users/abser/go/src/github.com/yhyddr/projector/face/sequelize/node_modules/_koa-compose@4.1.0@koa-compose/index.js:42:32)
    at dta (/Users/abser/go/src/github.com/yhyddr/projector/face/sequelize/node_modules/_egg-security@2.7.1@egg-security/lib/middlewares/dta.js:12:12)
    at dispatch (/Users/abser/go/src/github.com/yhyddr/projector/face/sequelize/node_modules/_koa-compose@4.1.0@koa-compose/index.js:42:32)
    at xframe (/Users/abser/go/src/github.com/yhyddr/projector/face/sequelize/node_modules/_egg-security@2.7.1@egg-security/lib/middlewares/xframe.js:7:11)
    at dispatch (/Users/abser/go/src/github.com/yhyddr/projector/face/sequelize/node_modules/_koa-compose@4.1.0@koa-compose/index.js:42:32)
    at xssProtection (/Users/abser/go/src/github.com/yhyddr/projector/face/sequelize/node_modules/_egg-security@2.7.1@egg-security/lib/middlewares/xssProtection.js:7:11)

pid: 40599
hostname: ArideMacBook-Air.local

2020-01-11 16:43:32,852 ERROR 40599 [-/127.0.0.1/-/2ms GET /image] nodejs.ReferenceError: id is not defined
    at ImageInfoController.index (/Users/abser/go/src/github.com/yhyddr/projector/face/sequelize/app/controller/image.js:37:8)
    at Object.callFn (/Users/abser/go/src/github.com/yhyddr/projector/face/sequelize/node_modules/_egg-core@4.17.4@egg-core/lib/utils/index.js:44:21)
    at Object.classControllerMiddleware (/Users/abser/go/src/github.com/yhyddr/projector/face/sequelize/node_modules/_egg-core@4.17.4@egg-core/lib/loader/mixin/controller.js:87:20)
    at Object.callFn (/Users/abser/go/src/github.com/yhyddr/projector/face/sequelize/node_modules/_@eggjs_router@2.0.0@@eggjs/router/lib/utils.js:12:21)
    at wrappedController (/Users/abser/go/src/github.com/yhyddr/projector/face/sequelize/node_modules/_@eggjs_router@2.0.0@@eggjs/router/lib/egg_router.js:322:18)
    at dispatch (/Users/abser/go/src/github.com/yhyddr/projector/face/sequelize/node_modules/_koa-compose@3.2.1@koa-compose/index.js:44:32)
    at next (/Users/abser/go/src/github.com/yhyddr/projector/face/sequelize/node_modules/_koa-compose@3.2.1@koa-compose/index.js:45:18)
    at /Users/abser/go/src/github.com/yhyddr/projector/face/sequelize/node_modules/_@eggjs_router@2.0.0@@eggjs/router/lib/router.js:190:18
    at dispatch (/Users/abser/go/src/github.com/yhyddr/projector/face/sequelize/node_modules/_koa-compose@3.2.1@koa-compose/index.js:44:32)
    at /Users/abser/go/src/github.com/yhyddr/projector/face/sequelize/node_modules/_koa-compose@3.2.1@koa-compose/index.js:36:12
    at dispatch (/Users/abser/go/src/github.com/yhyddr/projector/face/sequelize/node_modules/_@eggjs_router@2.0.0@@eggjs/router/lib/router.js:195:33)
    at dispatch (/Users/abser/go/src/github.com/yhyddr/projector/face/sequelize/node_modules/_koa-compose@4.1.0@koa-compose/index.js:42:32)
    at /Users/abser/go/src/github.com/yhyddr/projector/face/sequelize/node_modules/_egg-development@2.4.3@egg-development/app/middleware/egg_loader_trace.js:9:56
    at dispatch (/Users/abser/go/src/github.com/yhyddr/projector/face/sequelize/node_modules/_koa-compose@4.1.0@koa-compose/index.js:42:32)
    at i18n (/Users/abser/go/src/github.com/yhyddr/projector/face/sequelize/node_modules/_egg-i18n@2.1.1@egg-i18n/app/middleware/i18n.js:13:12)
    at dispatch (/Users/abser/go/src/github.com/yhyddr/projector/face/sequelize/node_modules/_koa-compose@4.1.0@koa-compose/index.js:42:32)
    at dispatch (/Users/abser/go/src/github.com/yhyddr/projector/face/sequelize/node_modules/_koa-compose@4.1.0@koa-compose/index.js:42:32)
    at dta (/Users/abser/go/src/github.com/yhyddr/projector/face/sequelize/node_modules/_egg-security@2.7.1@egg-security/lib/middlewares/dta.js:12:12)
    at dispatch (/Users/abser/go/src/github.com/yhyddr/projector/face/sequelize/node_modules/_koa-compose@4.1.0@koa-compose/index.js:42:32)
    at xframe (/Users/abser/go/src/github.com/yhyddr/projector/face/sequelize/node_modules/_egg-security@2.7.1@egg-security/lib/middlewares/xframe.js:7:11)
    at dispatch (/Users/abser/go/src/github.com/yhyddr/projector/face/sequelize/node_modules/_koa-compose@4.1.0@koa-compose/index.js:42:32)
    at xssProtection (/Users/abser/go/src/github.com/yhyddr/projector/face/sequelize/node_modules/_egg-security@2.7.1@egg-security/lib/middlewares/xssProtection.js:7:11)

pid: 40599
hostname: ArideMacBook-Air.local

2020-01-11 20:53:23,615 ERROR 45467 [-/127.0.0.1/-/14ms GET /face/add] nodejs.ReferenceError: Core is not defined
    at FaceController.add (/Users/abser/go/src/github.com/yhyddr/projector/face/sequelize/app/controller/face.js:8:24)
    at Object.callFn (/Users/abser/go/src/github.com/yhyddr/projector/face/sequelize/node_modules/_egg-core@4.17.4@egg-core/lib/utils/index.js:44:21)
    at Object.classControllerMiddleware (/Users/abser/go/src/github.com/yhyddr/projector/face/sequelize/node_modules/_egg-core@4.17.4@egg-core/lib/loader/mixin/controller.js:87:20)
    at Object.callFn (/Users/abser/go/src/github.com/yhyddr/projector/face/sequelize/node_modules/_@eggjs_router@2.0.0@@eggjs/router/lib/utils.js:12:21)
    at wrappedController (/Users/abser/go/src/github.com/yhyddr/projector/face/sequelize/node_modules/_@eggjs_router@2.0.0@@eggjs/router/lib/egg_router.js:322:18)
    at dispatch (/Users/abser/go/src/github.com/yhyddr/projector/face/sequelize/node_modules/_koa-compose@3.2.1@koa-compose/index.js:44:32)
    at next (/Users/abser/go/src/github.com/yhyddr/projector/face/sequelize/node_modules/_koa-compose@3.2.1@koa-compose/index.js:45:18)
    at /Users/abser/go/src/github.com/yhyddr/projector/face/sequelize/node_modules/_@eggjs_router@2.0.0@@eggjs/router/lib/router.js:190:18
    at dispatch (/Users/abser/go/src/github.com/yhyddr/projector/face/sequelize/node_modules/_koa-compose@3.2.1@koa-compose/index.js:44:32)
    at /Users/abser/go/src/github.com/yhyddr/projector/face/sequelize/node_modules/_koa-compose@3.2.1@koa-compose/index.js:36:12
    at dispatch (/Users/abser/go/src/github.com/yhyddr/projector/face/sequelize/node_modules/_@eggjs_router@2.0.0@@eggjs/router/lib/router.js:195:33)
    at dispatch (/Users/abser/go/src/github.com/yhyddr/projector/face/sequelize/node_modules/_koa-compose@4.1.0@koa-compose/index.js:42:32)
    at /Users/abser/go/src/github.com/yhyddr/projector/face/sequelize/node_modules/_egg-development@2.4.3@egg-development/app/middleware/egg_loader_trace.js:9:56
    at dispatch (/Users/abser/go/src/github.com/yhyddr/projector/face/sequelize/node_modules/_koa-compose@4.1.0@koa-compose/index.js:42:32)
    at i18n (/Users/abser/go/src/github.com/yhyddr/projector/face/sequelize/node_modules/_egg-i18n@2.1.1@egg-i18n/app/middleware/i18n.js:13:12)
    at dispatch (/Users/abser/go/src/github.com/yhyddr/projector/face/sequelize/node_modules/_koa-compose@4.1.0@koa-compose/index.js:42:32)
    at dispatch (/Users/abser/go/src/github.com/yhyddr/projector/face/sequelize/node_modules/_koa-compose@4.1.0@koa-compose/index.js:42:32)
    at dta (/Users/abser/go/src/github.com/yhyddr/projector/face/sequelize/node_modules/_egg-security@2.7.1@egg-security/lib/middlewares/dta.js:12:12)
    at dispatch (/Users/abser/go/src/github.com/yhyddr/projector/face/sequelize/node_modules/_koa-compose@4.1.0@koa-compose/index.js:42:32)
    at xframe (/Users/abser/go/src/github.com/yhyddr/projector/face/sequelize/node_modules/_egg-security@2.7.1@egg-security/lib/middlewares/xframe.js:7:11)
    at dispatch (/Users/abser/go/src/github.com/yhyddr/projector/face/sequelize/node_modules/_koa-compose@4.1.0@koa-compose/index.js:42:32)
    at xssProtection (/Users/abser/go/src/github.com/yhyddr/projector/face/sequelize/node_modules/_egg-security@2.7.1@egg-security/lib/middlewares/xssProtection.js:7:11)

pid: 45467
hostname: ArideMacBook-Air.local

2020-01-11 21:18:09,055 ERROR 46391 nodejs.ReferenceError: result is not defined
    at /Users/abser/go/src/github.com/yhyddr/projector/face/sequelize/app/controller/face.js:33:24
    at processTicksAndRejections (internal/process/task_queues.js:93:5)

pid: 46391
hostname: ArideMacBook-Air.local

2020-01-11 21:18:14,793 ERROR 46391 nodejs.ReferenceError: result is not defined
    at /Users/abser/go/src/github.com/yhyddr/projector/face/sequelize/app/controller/face.js:33:24
    at processTicksAndRejections (internal/process/task_queues.js:93:5)

pid: 46391
hostname: ArideMacBook-Air.local

2020-01-11 22:42:55,247 ERROR 50066 nodejs.TypeError: Assignment to constant variable.
    at /Users/abser/go/src/github.com/yhyddr/projector/face/sequelize/app/controller/image.js:31:10
    at processTicksAndRejections (internal/process/task_queues.js:93:5)

pid: 50066
hostname: ArideMacBook-Air.local

