2020-01-11 15:41:39,909 INFO 36411 [egg-schedule]: register schedule /Users/abser/go/src/github.com/yhyddr/projector/face/sequelize/node_modules/_egg-multipart@2.10.1@egg-multipart/app/schedule/clean_tmpdir.js
2020-01-11 15:41:39,909 INFO 36411 [egg-schedule]: register schedule /Users/abser/go/src/github.com/yhyddr/projector/face/sequelize/node_modules/_egg-logrotator@3.1.0@egg-logrotator/app/schedule/clean_log.js
2020-01-11 15:41:39,909 INFO 36411 [egg-schedule]: register schedule /Users/abser/go/src/github.com/yhyddr/projector/face/sequelize/node_modules/_egg-logrotator@3.1.0@egg-logrotator/app/schedule/rotate_by_file.js
2020-01-11 15:41:42,104 INFO 36409 [Timer] /Users/abser/go/src/github.com/yhyddr/projector/face/sequelize/node_modules/_egg-multipart@2.10.1@egg-multipart/app/schedule/clean_tmpdir.js next time will execute after 46097900ms at 2020-01-12 04:30:00.004
2020-01-11 15:41:42,104 INFO 36409 [Timer] /Users/abser/go/src/github.com/yhyddr/projector/face/sequelize/node_modules/_egg-logrotator@3.1.0@egg-logrotator/app/schedule/clean_log.js next time will execute after 29897896ms at 2020-01-12 00:00:00.000
2020-01-11 15:41:42,105 INFO 36409 [Timer] /Users/abser/go/src/github.com/yhyddr/projector/face/sequelize/node_modules/_egg-logrotator@3.1.0@egg-logrotator/app/schedule/rotate_by_file.js next time will execute after 29898896ms at 2020-01-12 00:00:01.001
2020-01-11 16:19:22,820 INFO 39638 [egg-schedule]: register schedule /Users/abser/go/src/github.com/yhyddr/projector/face/sequelize/node_modules/_egg-multipart@2.10.1@egg-multipart/app/schedule/clean_tmpdir.js
2020-01-11 16:19:22,820 INFO 39638 [egg-schedule]: register schedule /Users/abser/go/src/github.com/yhyddr/projector/face/sequelize/node_modules/_egg-logrotator@3.1.0@egg-logrotator/app/schedule/clean_log.js
2020-01-11 16:19:22,820 INFO 39638 [egg-schedule]: register schedule /Users/abser/go/src/github.com/yhyddr/projector/face/sequelize/node_modules/_egg-logrotator@3.1.0@egg-logrotator/app/schedule/rotate_by_file.js
2020-01-11 16:20:42,792 INFO 39688 [egg-schedule]: register schedule /Users/abser/go/src/github.com/yhyddr/projector/face/sequelize/node_modules/_egg-multipart@2.10.1@egg-multipart/app/schedule/clean_tmpdir.js
2020-01-11 16:20:42,792 INFO 39688 [egg-schedule]: register schedule /Users/abser/go/src/github.com/yhyddr/projector/face/sequelize/node_modules/_egg-logrotator@3.1.0@egg-logrotator/app/schedule/clean_log.js
2020-01-11 16:20:42,792 INFO 39688 [egg-schedule]: register schedule /Users/abser/go/src/github.com/yhyddr/projector/face/sequelize/node_modules/_egg-logrotator@3.1.0@egg-logrotator/app/schedule/rotate_by_file.js
2020-01-11 16:34:32,282 INFO 40280 [egg-schedule]: register schedule /Users/abser/go/src/github.com/yhyddr/projector/face/sequelize/node_modules/_egg-multipart@2.10.1@egg-multipart/app/schedule/clean_tmpdir.js
2020-01-11 16:34:32,282 INFO 40280 [egg-schedule]: register schedule /Users/abser/go/src/github.com/yhyddr/projector/face/sequelize/node_modules/_egg-logrotator@3.1.0@egg-logrotator/app/schedule/clean_log.js
2020-01-11 16:34:32,282 INFO 40280 [egg-schedule]: register schedule /Users/abser/go/src/github.com/yhyddr/projector/face/sequelize/node_modules/_egg-logrotator@3.1.0@egg-logrotator/app/schedule/rotate_by_file.js
2020-01-11 16:34:33,702 INFO 40269 [Timer] /Users/abser/go/src/github.com/yhyddr/projector/face/sequelize/node_modules/_egg-multipart@2.10.1@egg-multipart/app/schedule/clean_tmpdir.js next time will execute after 42926302ms at 2020-01-12 04:30:00.004
2020-01-11 16:34:33,703 INFO 40269 [Timer] /Users/abser/go/src/github.com/yhyddr/projector/face/sequelize/node_modules/_egg-logrotator@3.1.0@egg-logrotator/app/schedule/clean_log.js next time will execute after 26726297ms at 2020-01-12 00:00:00.000
2020-01-11 16:34:33,704 INFO 40269 [Timer] /Users/abser/go/src/github.com/yhyddr/projector/face/sequelize/node_modules/_egg-logrotator@3.1.0@egg-logrotator/app/schedule/rotate_by_file.js next time will execute after 26727296ms at 2020-01-12 00:00:01.000
2020-01-11 16:39:25,534 INFO 40427 [egg-schedule]: register schedule /Users/abser/go/src/github.com/yhyddr/projector/face/sequelize/node_modules/_egg-multipart@2.10.1@egg-multipart/app/schedule/clean_tmpdir.js
2020-01-11 16:39:25,534 INFO 40427 [egg-schedule]: register schedule /Users/abser/go/src/github.com/yhyddr/projector/face/sequelize/node_modules/_egg-logrotator@3.1.0@egg-logrotator/app/schedule/clean_log.js
2020-01-11 16:39:25,534 INFO 40427 [egg-schedule]: register schedule /Users/abser/go/src/github.com/yhyddr/projector/face/sequelize/node_modules/_egg-logrotator@3.1.0@egg-logrotator/app/schedule/rotate_by_file.js
2020-01-11 16:40:08,382 INFO 40468 [egg-schedule]: register schedule /Users/abser/go/src/github.com/yhyddr/projector/face/sequelize/node_modules/_egg-multipart@2.10.1@egg-multipart/app/schedule/clean_tmpdir.js
2020-01-11 16:40:08,382 INFO 40468 [egg-schedule]: register schedule /Users/abser/go/src/github.com/yhyddr/projector/face/sequelize/node_modules/_egg-logrotator@3.1.0@egg-logrotator/app/schedule/clean_log.js
2020-01-11 16:40:08,382 INFO 40468 [egg-schedule]: register schedule /Users/abser/go/src/github.com/yhyddr/projector/face/sequelize/node_modules/_egg-logrotator@3.1.0@egg-logrotator/app/schedule/rotate_by_file.js
2020-01-11 16:40:24,865 INFO 40489 [egg-schedule]: register schedule /Users/abser/go/src/github.com/yhyddr/projector/face/sequelize/node_modules/_egg-multipart@2.10.1@egg-multipart/app/schedule/clean_tmpdir.js
2020-01-11 16:40:24,865 INFO 40489 [egg-schedule]: register schedule /Users/abser/go/src/github.com/yhyddr/projector/face/sequelize/node_modules/_egg-logrotator@3.1.0@egg-logrotator/app/schedule/clean_log.js
2020-01-11 16:40:24,865 INFO 40489 [egg-schedule]: register schedule /Users/abser/go/src/github.com/yhyddr/projector/face/sequelize/node_modules/_egg-logrotator@3.1.0@egg-logrotator/app/schedule/rotate_by_file.js
2020-01-11 16:43:13,758 INFO 40599 [egg-schedule]: register schedule /Users/abser/go/src/github.com/yhyddr/projector/face/sequelize/node_modules/_egg-multipart@2.10.1@egg-multipart/app/schedule/clean_tmpdir.js
2020-01-11 16:43:13,758 INFO 40599 [egg-schedule]: register schedule /Users/abser/go/src/github.com/yhyddr/projector/face/sequelize/node_modules/_egg-logrotator@3.1.0@egg-logrotator/app/schedule/clean_log.js
2020-01-11 16:43:13,758 INFO 40599 [egg-schedule]: register schedule /Users/abser/go/src/github.com/yhyddr/projector/face/sequelize/node_modules/_egg-logrotator@3.1.0@egg-logrotator/app/schedule/rotate_by_file.js
2020-01-11 16:43:34,130 INFO 40628 [egg-schedule]: register schedule /Users/abser/go/src/github.com/yhyddr/projector/face/sequelize/node_modules/_egg-multipart@2.10.1@egg-multipart/app/schedule/clean_tmpdir.js
2020-01-11 16:43:34,130 INFO 40628 [egg-schedule]: register schedule /Users/abser/go/src/github.com/yhyddr/projector/face/sequelize/node_modules/_egg-logrotator@3.1.0@egg-logrotator/app/schedule/clean_log.js
2020-01-11 16:43:34,130 INFO 40628 [egg-schedule]: register schedule /Users/abser/go/src/github.com/yhyddr/projector/face/sequelize/node_modules/_egg-logrotator@3.1.0@egg-logrotator/app/schedule/rotate_by_file.js
2020-01-11 16:45:18,609 INFO 40692 [egg-schedule]: register schedule /Users/abser/go/src/github.com/yhyddr/projector/face/sequelize/node_modules/_egg-multipart@2.10.1@egg-multipart/app/schedule/clean_tmpdir.js
2020-01-11 16:45:18,609 INFO 40692 [egg-schedule]: register schedule /Users/abser/go/src/github.com/yhyddr/projector/face/sequelize/node_modules/_egg-logrotator@3.1.0@egg-logrotator/app/schedule/clean_log.js
2020-01-11 16:45:18,609 INFO 40692 [egg-schedule]: register schedule /Users/abser/go/src/github.com/yhyddr/projector/face/sequelize/node_modules/_egg-logrotator@3.1.0@egg-logrotator/app/schedule/rotate_by_file.js
2020-01-11 16:45:47,745 INFO 40721 [egg-schedule]: register schedule /Users/abser/go/src/github.com/yhyddr/projector/face/sequelize/node_modules/_egg-multipart@2.10.1@egg-multipart/app/schedule/clean_tmpdir.js
2020-01-11 16:45:47,745 INFO 40721 [egg-schedule]: register schedule /Users/abser/go/src/github.com/yhyddr/projector/face/sequelize/node_modules/_egg-logrotator@3.1.0@egg-logrotator/app/schedule/clean_log.js
2020-01-11 16:45:47,745 INFO 40721 [egg-schedule]: register schedule /Users/abser/go/src/github.com/yhyddr/projector/face/sequelize/node_modules/_egg-logrotator@3.1.0@egg-logrotator/app/schedule/rotate_by_file.js
2020-01-11 16:50:45,560 INFO 40909 [egg-schedule]: register schedule /Users/abser/go/src/github.com/yhyddr/projector/face/sequelize/node_modules/_egg-multipart@2.10.1@egg-multipart/app/schedule/clean_tmpdir.js
2020-01-11 16:50:45,560 INFO 40909 [egg-schedule]: register schedule /Users/abser/go/src/github.com/yhyddr/projector/face/sequelize/node_modules/_egg-logrotator@3.1.0@egg-logrotator/app/schedule/clean_log.js
2020-01-11 16:50:45,560 INFO 40909 [egg-schedule]: register schedule /Users/abser/go/src/github.com/yhyddr/projector/face/sequelize/node_modules/_egg-logrotator@3.1.0@egg-logrotator/app/schedule/rotate_by_file.js
2020-01-11 16:52:16,818 INFO 40966 [egg-schedule]: register schedule /Users/abser/go/src/github.com/yhyddr/projector/face/sequelize/node_modules/_egg-multipart@2.10.1@egg-multipart/app/schedule/clean_tmpdir.js
2020-01-11 16:52:16,818 INFO 40966 [egg-schedule]: register schedule /Users/abser/go/src/github.com/yhyddr/projector/face/sequelize/node_modules/_egg-logrotator@3.1.0@egg-logrotator/app/schedule/clean_log.js
2020-01-11 16:52:16,818 INFO 40966 [egg-schedule]: register schedule /Users/abser/go/src/github.com/yhyddr/projector/face/sequelize/node_modules/_egg-logrotator@3.1.0@egg-logrotator/app/schedule/rotate_by_file.js
2020-01-11 16:53:58,513 INFO 41037 [egg-schedule]: register schedule /Users/abser/go/src/github.com/yhyddr/projector/face/sequelize/node_modules/_egg-multipart@2.10.1@egg-multipart/app/schedule/clean_tmpdir.js
2020-01-11 16:53:58,513 INFO 41037 [egg-schedule]: register schedule /Users/abser/go/src/github.com/yhyddr/projector/face/sequelize/node_modules/_egg-logrotator@3.1.0@egg-logrotator/app/schedule/clean_log.js
2020-01-11 16:53:58,513 INFO 41037 [egg-schedule]: register schedule /Users/abser/go/src/github.com/yhyddr/projector/face/sequelize/node_modules/_egg-logrotator@3.1.0@egg-logrotator/app/schedule/rotate_by_file.js
2020-01-11 16:54:49,070 INFO 41087 [egg-schedule]: register schedule /Users/abser/go/src/github.com/yhyddr/projector/face/sequelize/node_modules/_egg-multipart@2.10.1@egg-multipart/app/schedule/clean_tmpdir.js
2020-01-11 16:54:49,070 INFO 41087 [egg-schedule]: register schedule /Users/abser/go/src/github.com/yhyddr/projector/face/sequelize/node_modules/_egg-logrotator@3.1.0@egg-logrotator/app/schedule/clean_log.js
2020-01-11 16:54:49,070 INFO 41087 [egg-schedule]: register schedule /Users/abser/go/src/github.com/yhyddr/projector/face/sequelize/node_modules/_egg-logrotator@3.1.0@egg-logrotator/app/schedule/rotate_by_file.js
2020-01-11 16:55:23,560 INFO 41112 [egg-schedule]: register schedule /Users/abser/go/src/github.com/yhyddr/projector/face/sequelize/node_modules/_egg-multipart@2.10.1@egg-multipart/app/schedule/clean_tmpdir.js
2020-01-11 16:55:23,560 INFO 41112 [egg-schedule]: register schedule /Users/abser/go/src/github.com/yhyddr/projector/face/sequelize/node_modules/_egg-logrotator@3.1.0@egg-logrotator/app/schedule/clean_log.js
2020-01-11 16:55:23,560 INFO 41112 [egg-schedule]: register schedule /Users/abser/go/src/github.com/yhyddr/projector/face/sequelize/node_modules/_egg-logrotator@3.1.0@egg-logrotator/app/schedule/rotate_by_file.js
2020-01-11 20:34:19,510 INFO 44632 [egg-schedule]: register schedule /Users/abser/go/src/github.com/yhyddr/projector/face/sequelize/node_modules/_egg-multipart@2.10.1@egg-multipart/app/schedule/clean_tmpdir.js
2020-01-11 20:34:19,510 INFO 44632 [egg-schedule]: register schedule /Users/abser/go/src/github.com/yhyddr/projector/face/sequelize/node_modules/_egg-logrotator@3.1.0@egg-logrotator/app/schedule/clean_log.js
2020-01-11 20:34:19,510 INFO 44632 [egg-schedule]: register schedule /Users/abser/go/src/github.com/yhyddr/projector/face/sequelize/node_modules/_egg-logrotator@3.1.0@egg-logrotator/app/schedule/rotate_by_file.js
2020-01-11 20:34:26,254 INFO 44634 [egg-schedule]: register schedule /Users/abser/go/src/github.com/yhyddr/projector/face/sequelize/node_modules/_egg-multipart@2.10.1@egg-multipart/app/schedule/clean_tmpdir.js
2020-01-11 20:34:26,254 INFO 44634 [egg-schedule]: register schedule /Users/abser/go/src/github.com/yhyddr/projector/face/sequelize/node_modules/_egg-logrotator@3.1.0@egg-logrotator/app/schedule/clean_log.js
2020-01-11 20:34:26,254 INFO 44634 [egg-schedule]: register schedule /Users/abser/go/src/github.com/yhyddr/projector/face/sequelize/node_modules/_egg-logrotator@3.1.0@egg-logrotator/app/schedule/rotate_by_file.js
2020-01-11 20:35:55,285 INFO 44693 [egg-schedule]: register schedule /Users/abser/go/src/github.com/yhyddr/projector/face/sequelize/node_modules/_egg-multipart@2.10.1@egg-multipart/app/schedule/clean_tmpdir.js
2020-01-11 20:35:55,285 INFO 44693 [egg-schedule]: register schedule /Users/abser/go/src/github.com/yhyddr/projector/face/sequelize/node_modules/_egg-logrotator@3.1.0@egg-logrotator/app/schedule/clean_log.js
2020-01-11 20:35:55,285 INFO 44693 [egg-schedule]: register schedule /Users/abser/go/src/github.com/yhyddr/projector/face/sequelize/node_modules/_egg-logrotator@3.1.0@egg-logrotator/app/schedule/rotate_by_file.js
2020-01-11 20:43:17,854 INFO 44961 [egg-schedule]: register schedule /Users/abser/go/src/github.com/yhyddr/projector/face/sequelize/node_modules/_egg-multipart@2.10.1@egg-multipart/app/schedule/clean_tmpdir.js
2020-01-11 20:43:17,854 INFO 44961 [egg-schedule]: register schedule /Users/abser/go/src/github.com/yhyddr/projector/face/sequelize/node_modules/_egg-logrotator@3.1.0@egg-logrotator/app/schedule/clean_log.js
2020-01-11 20:43:17,855 INFO 44961 [egg-schedule]: register schedule /Users/abser/go/src/github.com/yhyddr/projector/face/sequelize/node_modules/_egg-logrotator@3.1.0@egg-logrotator/app/schedule/rotate_by_file.js
2020-01-11 20:43:18,852 INFO 44960 [Timer] /Users/abser/go/src/github.com/yhyddr/projector/face/sequelize/node_modules/_egg-multipart@2.10.1@egg-multipart/app/schedule/clean_tmpdir.js next time will execute after 28001152ms at 2020-01-12 04:30:00.004
2020-01-11 20:43:18,853 INFO 44960 [Timer] /Users/abser/go/src/github.com/yhyddr/projector/face/sequelize/node_modules/_egg-logrotator@3.1.0@egg-logrotator/app/schedule/clean_log.js next time will execute after 11801148ms at 2020-01-12 00:00:00.001
2020-01-11 20:43:18,853 INFO 44960 [Timer] /Users/abser/go/src/github.com/yhyddr/projector/face/sequelize/node_modules/_egg-logrotator@3.1.0@egg-logrotator/app/schedule/rotate_by_file.js next time will execute after 11802147ms at 2020-01-12 00:00:01.000
2020-01-11 20:45:39,860 INFO 45056 [egg-schedule]: register schedule /Users/abser/go/src/github.com/yhyddr/projector/face/sequelize/node_modules/_egg-multipart@2.10.1@egg-multipart/app/schedule/clean_tmpdir.js
2020-01-11 20:45:39,860 INFO 45056 [egg-schedule]: register schedule /Users/abser/go/src/github.com/yhyddr/projector/face/sequelize/node_modules/_egg-logrotator@3.1.0@egg-logrotator/app/schedule/clean_log.js
2020-01-11 20:45:39,860 INFO 45056 [egg-schedule]: register schedule /Users/abser/go/src/github.com/yhyddr/projector/face/sequelize/node_modules/_egg-logrotator@3.1.0@egg-logrotator/app/schedule/rotate_by_file.js
2020-01-11 20:47:05,817 INFO 45110 [egg-schedule]: register schedule /Users/abser/go/src/github.com/yhyddr/projector/face/sequelize/node_modules/_egg-multipart@2.10.1@egg-multipart/app/schedule/clean_tmpdir.js
2020-01-11 20:47:05,817 INFO 45110 [egg-schedule]: register schedule /Users/abser/go/src/github.com/yhyddr/projector/face/sequelize/node_modules/_egg-logrotator@3.1.0@egg-logrotator/app/schedule/clean_log.js
2020-01-11 20:47:05,817 INFO 45110 [egg-schedule]: register schedule /Users/abser/go/src/github.com/yhyddr/projector/face/sequelize/node_modules/_egg-logrotator@3.1.0@egg-logrotator/app/schedule/rotate_by_file.js
2020-01-11 20:47:44,677 INFO 45153 [egg-schedule]: register schedule /Users/abser/go/src/github.com/yhyddr/projector/face/sequelize/node_modules/_egg-multipart@2.10.1@egg-multipart/app/schedule/clean_tmpdir.js
2020-01-11 20:47:44,677 INFO 45153 [egg-schedule]: register schedule /Users/abser/go/src/github.com/yhyddr/projector/face/sequelize/node_modules/_egg-logrotator@3.1.0@egg-logrotator/app/schedule/clean_log.js
2020-01-11 20:47:44,677 INFO 45153 [egg-schedule]: register schedule /Users/abser/go/src/github.com/yhyddr/projector/face/sequelize/node_modules/_egg-logrotator@3.1.0@egg-logrotator/app/schedule/rotate_by_file.js
2020-01-11 20:47:45,965 INFO 45152 [Timer] /Users/abser/go/src/github.com/yhyddr/projector/face/sequelize/node_modules/_egg-multipart@2.10.1@egg-multipart/app/schedule/clean_tmpdir.js next time will execute after 27734038ms at 2020-01-12 04:30:00.003
2020-01-11 20:47:45,965 INFO 45152 [Timer] /Users/abser/go/src/github.com/yhyddr/projector/face/sequelize/node_modules/_egg-logrotator@3.1.0@egg-logrotator/app/schedule/clean_log.js next time will execute after 11534035ms at 2020-01-12 00:00:00.000
2020-01-11 20:47:45,966 INFO 45152 [Timer] /Users/abser/go/src/github.com/yhyddr/projector/face/sequelize/node_modules/_egg-logrotator@3.1.0@egg-logrotator/app/schedule/rotate_by_file.js next time will execute after 11535034ms at 2020-01-12 00:00:01.000
2020-01-11 20:49:01,224 INFO 45222 [egg-schedule]: register schedule /Users/abser/go/src/github.com/yhyddr/projector/face/sequelize/node_modules/_egg-multipart@2.10.1@egg-multipart/app/schedule/clean_tmpdir.js
2020-01-11 20:49:01,224 INFO 45222 [egg-schedule]: register schedule /Users/abser/go/src/github.com/yhyddr/projector/face/sequelize/node_modules/_egg-logrotator@3.1.0@egg-logrotator/app/schedule/clean_log.js
2020-01-11 20:49:01,224 INFO 45222 [egg-schedule]: register schedule /Users/abser/go/src/github.com/yhyddr/projector/face/sequelize/node_modules/_egg-logrotator@3.1.0@egg-logrotator/app/schedule/rotate_by_file.js
2020-01-11 20:49:16,876 INFO 45241 [egg-schedule]: register schedule /Users/abser/go/src/github.com/yhyddr/projector/face/sequelize/node_modules/_egg-multipart@2.10.1@egg-multipart/app/schedule/clean_tmpdir.js
2020-01-11 20:49:16,876 INFO 45241 [egg-schedule]: register schedule /Users/abser/go/src/github.com/yhyddr/projector/face/sequelize/node_modules/_egg-logrotator@3.1.0@egg-logrotator/app/schedule/clean_log.js
2020-01-11 20:49:16,876 INFO 45241 [egg-schedule]: register schedule /Users/abser/go/src/github.com/yhyddr/projector/face/sequelize/node_modules/_egg-logrotator@3.1.0@egg-logrotator/app/schedule/rotate_by_file.js
2020-01-11 20:49:46,604 INFO 45266 [egg-schedule]: register schedule /Users/abser/go/src/github.com/yhyddr/projector/face/sequelize/node_modules/_egg-multipart@2.10.1@egg-multipart/app/schedule/clean_tmpdir.js
2020-01-11 20:49:46,604 INFO 45266 [egg-schedule]: register schedule /Users/abser/go/src/github.com/yhyddr/projector/face/sequelize/node_modules/_egg-logrotator@3.1.0@egg-logrotator/app/schedule/clean_log.js
2020-01-11 20:49:46,604 INFO 45266 [egg-schedule]: register schedule /Users/abser/go/src/github.com/yhyddr/projector/face/sequelize/node_modules/_egg-logrotator@3.1.0@egg-logrotator/app/schedule/rotate_by_file.js
2020-01-11 20:50:57,485 INFO 45346 [egg-schedule]: register schedule /Users/abser/go/src/github.com/yhyddr/projector/face/sequelize/node_modules/_egg-multipart@2.10.1@egg-multipart/app/schedule/clean_tmpdir.js
2020-01-11 20:50:57,485 INFO 45346 [egg-schedule]: register schedule /Users/abser/go/src/github.com/yhyddr/projector/face/sequelize/node_modules/_egg-logrotator@3.1.0@egg-logrotator/app/schedule/clean_log.js
2020-01-11 20:50:57,485 INFO 45346 [egg-schedule]: register schedule /Users/abser/go/src/github.com/yhyddr/projector/face/sequelize/node_modules/_egg-logrotator@3.1.0@egg-logrotator/app/schedule/rotate_by_file.js
2020-01-11 20:51:19,738 INFO 45384 [egg-schedule]: register schedule /Users/abser/go/src/github.com/yhyddr/projector/face/sequelize/node_modules/_egg-multipart@2.10.1@egg-multipart/app/schedule/clean_tmpdir.js
2020-01-11 20:51:19,738 INFO 45384 [egg-schedule]: register schedule /Users/abser/go/src/github.com/yhyddr/projector/face/sequelize/node_modules/_egg-logrotator@3.1.0@egg-logrotator/app/schedule/clean_log.js
2020-01-11 20:51:19,738 INFO 45384 [egg-schedule]: register schedule /Users/abser/go/src/github.com/yhyddr/projector/face/sequelize/node_modules/_egg-logrotator@3.1.0@egg-logrotator/app/schedule/rotate_by_file.js
2020-01-11 20:53:00,523 INFO 45447 [egg-schedule]: register schedule /Users/abser/go/src/github.com/yhyddr/projector/face/sequelize/node_modules/_egg-multipart@2.10.1@egg-multipart/app/schedule/clean_tmpdir.js
2020-01-11 20:53:00,523 INFO 45447 [egg-schedule]: register schedule /Users/abser/go/src/github.com/yhyddr/projector/face/sequelize/node_modules/_egg-logrotator@3.1.0@egg-logrotator/app/schedule/clean_log.js
2020-01-11 20:53:00,523 INFO 45447 [egg-schedule]: register schedule /Users/abser/go/src/github.com/yhyddr/projector/face/sequelize/node_modules/_egg-logrotator@3.1.0@egg-logrotator/app/schedule/rotate_by_file.js
2020-01-11 20:53:17,434 INFO 45467 [egg-schedule]: register schedule /Users/abser/go/src/github.com/yhyddr/projector/face/sequelize/node_modules/_egg-multipart@2.10.1@egg-multipart/app/schedule/clean_tmpdir.js
2020-01-11 20:53:17,434 INFO 45467 [egg-schedule]: register schedule /Users/abser/go/src/github.com/yhyddr/projector/face/sequelize/node_modules/_egg-logrotator@3.1.0@egg-logrotator/app/schedule/clean_log.js
2020-01-11 20:53:17,434 INFO 45467 [egg-schedule]: register schedule /Users/abser/go/src/github.com/yhyddr/projector/face/sequelize/node_modules/_egg-logrotator@3.1.0@egg-logrotator/app/schedule/rotate_by_file.js
2020-01-11 20:54:03,288 INFO 45511 [egg-schedule]: register schedule /Users/abser/go/src/github.com/yhyddr/projector/face/sequelize/node_modules/_egg-multipart@2.10.1@egg-multipart/app/schedule/clean_tmpdir.js
2020-01-11 20:54:03,288 INFO 45511 [egg-schedule]: register schedule /Users/abser/go/src/github.com/yhyddr/projector/face/sequelize/node_modules/_egg-logrotator@3.1.0@egg-logrotator/app/schedule/clean_log.js
2020-01-11 20:54:03,288 INFO 45511 [egg-schedule]: register schedule /Users/abser/go/src/github.com/yhyddr/projector/face/sequelize/node_modules/_egg-logrotator@3.1.0@egg-logrotator/app/schedule/rotate_by_file.js
2020-01-11 20:55:54,017 INFO 45580 [egg-schedule]: register schedule /Users/abser/go/src/github.com/yhyddr/projector/face/sequelize/node_modules/_egg-multipart@2.10.1@egg-multipart/app/schedule/clean_tmpdir.js
2020-01-11 20:55:54,018 INFO 45580 [egg-schedule]: register schedule /Users/abser/go/src/github.com/yhyddr/projector/face/sequelize/node_modules/_egg-logrotator@3.1.0@egg-logrotator/app/schedule/clean_log.js
2020-01-11 20:55:54,018 INFO 45580 [egg-schedule]: register schedule /Users/abser/go/src/github.com/yhyddr/projector/face/sequelize/node_modules/_egg-logrotator@3.1.0@egg-logrotator/app/schedule/rotate_by_file.js
2020-01-11 20:56:32,364 INFO 45623 [egg-schedule]: register schedule /Users/abser/go/src/github.com/yhyddr/projector/face/sequelize/node_modules/_egg-multipart@2.10.1@egg-multipart/app/schedule/clean_tmpdir.js
2020-01-11 20:56:32,364 INFO 45623 [egg-schedule]: register schedule /Users/abser/go/src/github.com/yhyddr/projector/face/sequelize/node_modules/_egg-logrotator@3.1.0@egg-logrotator/app/schedule/clean_log.js
2020-01-11 20:56:32,364 INFO 45623 [egg-schedule]: register schedule /Users/abser/go/src/github.com/yhyddr/projector/face/sequelize/node_modules/_egg-logrotator@3.1.0@egg-logrotator/app/schedule/rotate_by_file.js
2020-01-11 20:56:43,684 INFO 45637 [egg-schedule]: register schedule /Users/abser/go/src/github.com/yhyddr/projector/face/sequelize/node_modules/_egg-multipart@2.10.1@egg-multipart/app/schedule/clean_tmpdir.js
2020-01-11 20:56:43,684 INFO 45637 [egg-schedule]: register schedule /Users/abser/go/src/github.com/yhyddr/projector/face/sequelize/node_modules/_egg-logrotator@3.1.0@egg-logrotator/app/schedule/clean_log.js
2020-01-11 20:56:43,684 INFO 45637 [egg-schedule]: register schedule /Users/abser/go/src/github.com/yhyddr/projector/face/sequelize/node_modules/_egg-logrotator@3.1.0@egg-logrotator/app/schedule/rotate_by_file.js
2020-01-11 21:00:34,973 INFO 45744 [egg-schedule]: register schedule /Users/abser/go/src/github.com/yhyddr/projector/face/sequelize/node_modules/_egg-multipart@2.10.1@egg-multipart/app/schedule/clean_tmpdir.js
2020-01-11 21:00:34,973 INFO 45744 [egg-schedule]: register schedule /Users/abser/go/src/github.com/yhyddr/projector/face/sequelize/node_modules/_egg-logrotator@3.1.0@egg-logrotator/app/schedule/clean_log.js
2020-01-11 21:00:34,974 INFO 45744 [egg-schedule]: register schedule /Users/abser/go/src/github.com/yhyddr/projector/face/sequelize/node_modules/_egg-logrotator@3.1.0@egg-logrotator/app/schedule/rotate_by_file.js
2020-01-11 21:02:34,846 INFO 45818 [egg-schedule]: register schedule /Users/abser/go/src/github.com/yhyddr/projector/face/sequelize/node_modules/_egg-multipart@2.10.1@egg-multipart/app/schedule/clean_tmpdir.js
2020-01-11 21:02:34,846 INFO 45818 [egg-schedule]: register schedule /Users/abser/go/src/github.com/yhyddr/projector/face/sequelize/node_modules/_egg-logrotator@3.1.0@egg-logrotator/app/schedule/clean_log.js
2020-01-11 21:02:34,846 INFO 45818 [egg-schedule]: register schedule /Users/abser/go/src/github.com/yhyddr/projector/face/sequelize/node_modules/_egg-logrotator@3.1.0@egg-logrotator/app/schedule/rotate_by_file.js
2020-01-11 21:03:05,683 INFO 45852 [egg-schedule]: register schedule /Users/abser/go/src/github.com/yhyddr/projector/face/sequelize/node_modules/_egg-multipart@2.10.1@egg-multipart/app/schedule/clean_tmpdir.js
2020-01-11 21:03:05,683 INFO 45852 [egg-schedule]: register schedule /Users/abser/go/src/github.com/yhyddr/projector/face/sequelize/node_modules/_egg-logrotator@3.1.0@egg-logrotator/app/schedule/clean_log.js
2020-01-11 21:03:05,683 INFO 45852 [egg-schedule]: register schedule /Users/abser/go/src/github.com/yhyddr/projector/face/sequelize/node_modules/_egg-logrotator@3.1.0@egg-logrotator/app/schedule/rotate_by_file.js
2020-01-11 21:06:08,586 INFO 45964 [egg-schedule]: register schedule /Users/abser/go/src/github.com/yhyddr/projector/face/sequelize/node_modules/_egg-multipart@2.10.1@egg-multipart/app/schedule/clean_tmpdir.js
2020-01-11 21:06:08,586 INFO 45964 [egg-schedule]: register schedule /Users/abser/go/src/github.com/yhyddr/projector/face/sequelize/node_modules/_egg-logrotator@3.1.0@egg-logrotator/app/schedule/clean_log.js
2020-01-11 21:06:08,586 INFO 45964 [egg-schedule]: register schedule /Users/abser/go/src/github.com/yhyddr/projector/face/sequelize/node_modules/_egg-logrotator@3.1.0@egg-logrotator/app/schedule/rotate_by_file.js
2020-01-11 21:07:06,529 INFO 46012 [egg-schedule]: register schedule /Users/abser/go/src/github.com/yhyddr/projector/face/sequelize/node_modules/_egg-multipart@2.10.1@egg-multipart/app/schedule/clean_tmpdir.js
2020-01-11 21:07:06,529 INFO 46012 [egg-schedule]: register schedule /Users/abser/go/src/github.com/yhyddr/projector/face/sequelize/node_modules/_egg-logrotator@3.1.0@egg-logrotator/app/schedule/clean_log.js
2020-01-11 21:07:06,529 INFO 46012 [egg-schedule]: register schedule /Users/abser/go/src/github.com/yhyddr/projector/face/sequelize/node_modules/_egg-logrotator@3.1.0@egg-logrotator/app/schedule/rotate_by_file.js
2020-01-11 21:07:39,660 INFO 46036 [egg-schedule]: register schedule /Users/abser/go/src/github.com/yhyddr/projector/face/sequelize/node_modules/_egg-multipart@2.10.1@egg-multipart/app/schedule/clean_tmpdir.js
2020-01-11 21:07:39,660 INFO 46036 [egg-schedule]: register schedule /Users/abser/go/src/github.com/yhyddr/projector/face/sequelize/node_modules/_egg-logrotator@3.1.0@egg-logrotator/app/schedule/clean_log.js
2020-01-11 21:07:39,660 INFO 46036 [egg-schedule]: register schedule /Users/abser/go/src/github.com/yhyddr/projector/face/sequelize/node_modules/_egg-logrotator@3.1.0@egg-logrotator/app/schedule/rotate_by_file.js
2020-01-11 21:07:44,237 INFO 46048 [egg-schedule]: register schedule /Users/abser/go/src/github.com/yhyddr/projector/face/sequelize/node_modules/_egg-multipart@2.10.1@egg-multipart/app/schedule/clean_tmpdir.js
2020-01-11 21:07:44,237 INFO 46048 [egg-schedule]: register schedule /Users/abser/go/src/github.com/yhyddr/projector/face/sequelize/node_modules/_egg-logrotator@3.1.0@egg-logrotator/app/schedule/clean_log.js
2020-01-11 21:07:44,237 INFO 46048 [egg-schedule]: register schedule /Users/abser/go/src/github.com/yhyddr/projector/face/sequelize/node_modules/_egg-logrotator@3.1.0@egg-logrotator/app/schedule/rotate_by_file.js
2020-01-11 21:10:27,766 INFO 46159 [egg-schedule]: register schedule /Users/abser/go/src/github.com/yhyddr/projector/face/sequelize/node_modules/_egg-multipart@2.10.1@egg-multipart/app/schedule/clean_tmpdir.js
2020-01-11 21:10:27,766 INFO 46159 [egg-schedule]: register schedule /Users/abser/go/src/github.com/yhyddr/projector/face/sequelize/node_modules/_egg-logrotator@3.1.0@egg-logrotator/app/schedule/clean_log.js
2020-01-11 21:10:27,766 INFO 46159 [egg-schedule]: register schedule /Users/abser/go/src/github.com/yhyddr/projector/face/sequelize/node_modules/_egg-logrotator@3.1.0@egg-logrotator/app/schedule/rotate_by_file.js
2020-01-11 21:12:39,694 INFO 46228 [egg-schedule]: register schedule /Users/abser/go/src/github.com/yhyddr/projector/face/sequelize/node_modules/_egg-multipart@2.10.1@egg-multipart/app/schedule/clean_tmpdir.js
2020-01-11 21:12:39,694 INFO 46228 [egg-schedule]: register schedule /Users/abser/go/src/github.com/yhyddr/projector/face/sequelize/node_modules/_egg-logrotator@3.1.0@egg-logrotator/app/schedule/clean_log.js
2020-01-11 21:12:39,694 INFO 46228 [egg-schedule]: register schedule /Users/abser/go/src/github.com/yhyddr/projector/face/sequelize/node_modules/_egg-logrotator@3.1.0@egg-logrotator/app/schedule/rotate_by_file.js
2020-01-11 21:15:16,791 INFO 46328 [egg-schedule]: register schedule /Users/abser/go/src/github.com/yhyddr/projector/face/sequelize/node_modules/_egg-multipart@2.10.1@egg-multipart/app/schedule/clean_tmpdir.js
2020-01-11 21:15:16,792 INFO 46328 [egg-schedule]: register schedule /Users/abser/go/src/github.com/yhyddr/projector/face/sequelize/node_modules/_egg-logrotator@3.1.0@egg-logrotator/app/schedule/clean_log.js
2020-01-11 21:15:16,792 INFO 46328 [egg-schedule]: register schedule /Users/abser/go/src/github.com/yhyddr/projector/face/sequelize/node_modules/_egg-logrotator@3.1.0@egg-logrotator/app/schedule/rotate_by_file.js
2020-01-11 21:16:35,698 INFO 46391 [egg-schedule]: register schedule /Users/abser/go/src/github.com/yhyddr/projector/face/sequelize/node_modules/_egg-multipart@2.10.1@egg-multipart/app/schedule/clean_tmpdir.js
2020-01-11 21:16:35,699 INFO 46391 [egg-schedule]: register schedule /Users/abser/go/src/github.com/yhyddr/projector/face/sequelize/node_modules/_egg-logrotator@3.1.0@egg-logrotator/app/schedule/clean_log.js
2020-01-11 21:16:35,699 INFO 46391 [egg-schedule]: register schedule /Users/abser/go/src/github.com/yhyddr/projector/face/sequelize/node_modules/_egg-logrotator@3.1.0@egg-logrotator/app/schedule/rotate_by_file.js
2020-01-11 21:18:48,960 INFO 46490 [egg-schedule]: register schedule /Users/abser/go/src/github.com/yhyddr/projector/face/sequelize/node_modules/_egg-multipart@2.10.1@egg-multipart/app/schedule/clean_tmpdir.js
2020-01-11 21:18:48,960 INFO 46490 [egg-schedule]: register schedule /Users/abser/go/src/github.com/yhyddr/projector/face/sequelize/node_modules/_egg-logrotator@3.1.0@egg-logrotator/app/schedule/clean_log.js
2020-01-11 21:18:48,960 INFO 46490 [egg-schedule]: register schedule /Users/abser/go/src/github.com/yhyddr/projector/face/sequelize/node_modules/_egg-logrotator@3.1.0@egg-logrotator/app/schedule/rotate_by_file.js
2020-01-11 21:21:03,207 INFO 46606 [egg-schedule]: register schedule /Users/abser/go/src/github.com/yhyddr/projector/face/sequelize/node_modules/_egg-multipart@2.10.1@egg-multipart/app/schedule/clean_tmpdir.js
2020-01-11 21:21:03,207 INFO 46606 [egg-schedule]: register schedule /Users/abser/go/src/github.com/yhyddr/projector/face/sequelize/node_modules/_egg-logrotator@3.1.0@egg-logrotator/app/schedule/clean_log.js
2020-01-11 21:21:03,207 INFO 46606 [egg-schedule]: register schedule /Users/abser/go/src/github.com/yhyddr/projector/face/sequelize/node_modules/_egg-logrotator@3.1.0@egg-logrotator/app/schedule/rotate_by_file.js
2020-01-11 21:21:35,208 INFO 46623 [egg-schedule]: register schedule /Users/abser/go/src/github.com/yhyddr/projector/face/sequelize/node_modules/_egg-multipart@2.10.1@egg-multipart/app/schedule/clean_tmpdir.js
2020-01-11 21:21:35,208 INFO 46623 [egg-schedule]: register schedule /Users/abser/go/src/github.com/yhyddr/projector/face/sequelize/node_modules/_egg-logrotator@3.1.0@egg-logrotator/app/schedule/clean_log.js
2020-01-11 21:21:35,208 INFO 46623 [egg-schedule]: register schedule /Users/abser/go/src/github.com/yhyddr/projector/face/sequelize/node_modules/_egg-logrotator@3.1.0@egg-logrotator/app/schedule/rotate_by_file.js
2020-01-11 21:22:07,311 INFO 46648 [egg-schedule]: register schedule /Users/abser/go/src/github.com/yhyddr/projector/face/sequelize/node_modules/_egg-multipart@2.10.1@egg-multipart/app/schedule/clean_tmpdir.js
2020-01-11 21:22:07,311 INFO 46648 [egg-schedule]: register schedule /Users/abser/go/src/github.com/yhyddr/projector/face/sequelize/node_modules/_egg-logrotator@3.1.0@egg-logrotator/app/schedule/clean_log.js
2020-01-11 21:22:07,311 INFO 46648 [egg-schedule]: register schedule /Users/abser/go/src/github.com/yhyddr/projector/face/sequelize/node_modules/_egg-logrotator@3.1.0@egg-logrotator/app/schedule/rotate_by_file.js
2020-01-11 21:26:02,792 INFO 46844 [egg-schedule]: register schedule /Users/abser/go/src/github.com/yhyddr/projector/face/sequelize/node_modules/_egg-multipart@2.10.1@egg-multipart/app/schedule/clean_tmpdir.js
2020-01-11 21:26:02,792 INFO 46844 [egg-schedule]: register schedule /Users/abser/go/src/github.com/yhyddr/projector/face/sequelize/node_modules/_egg-logrotator@3.1.0@egg-logrotator/app/schedule/clean_log.js
2020-01-11 21:26:02,792 INFO 46844 [egg-schedule]: register schedule /Users/abser/go/src/github.com/yhyddr/projector/face/sequelize/node_modules/_egg-logrotator@3.1.0@egg-logrotator/app/schedule/rotate_by_file.js
2020-01-11 21:26:24,339 INFO 46868 [egg-schedule]: register schedule /Users/abser/go/src/github.com/yhyddr/projector/face/sequelize/node_modules/_egg-multipart@2.10.1@egg-multipart/app/schedule/clean_tmpdir.js
2020-01-11 21:26:24,339 INFO 46868 [egg-schedule]: register schedule /Users/abser/go/src/github.com/yhyddr/projector/face/sequelize/node_modules/_egg-logrotator@3.1.0@egg-logrotator/app/schedule/clean_log.js
2020-01-11 21:26:24,339 INFO 46868 [egg-schedule]: register schedule /Users/abser/go/src/github.com/yhyddr/projector/face/sequelize/node_modules/_egg-logrotator@3.1.0@egg-logrotator/app/schedule/rotate_by_file.js
2020-01-11 21:26:34,412 INFO 46891 [egg-schedule]: register schedule /Users/abser/go/src/github.com/yhyddr/projector/face/sequelize/node_modules/_egg-multipart@2.10.1@egg-multipart/app/schedule/clean_tmpdir.js
2020-01-11 21:26:34,412 INFO 46891 [egg-schedule]: register schedule /Users/abser/go/src/github.com/yhyddr/projector/face/sequelize/node_modules/_egg-logrotator@3.1.0@egg-logrotator/app/schedule/clean_log.js
2020-01-11 21:26:34,412 INFO 46891 [egg-schedule]: register schedule /Users/abser/go/src/github.com/yhyddr/projector/face/sequelize/node_modules/_egg-logrotator@3.1.0@egg-logrotator/app/schedule/rotate_by_file.js
2020-01-11 21:28:21,467 INFO 46952 [egg-schedule]: register schedule /Users/abser/go/src/github.com/yhyddr/projector/face/sequelize/node_modules/_egg-multipart@2.10.1@egg-multipart/app/schedule/clean_tmpdir.js
2020-01-11 21:28:21,467 INFO 46952 [egg-schedule]: register schedule /Users/abser/go/src/github.com/yhyddr/projector/face/sequelize/node_modules/_egg-logrotator@3.1.0@egg-logrotator/app/schedule/clean_log.js
2020-01-11 21:28:21,467 INFO 46952 [egg-schedule]: register schedule /Users/abser/go/src/github.com/yhyddr/projector/face/sequelize/node_modules/_egg-logrotator@3.1.0@egg-logrotator/app/schedule/rotate_by_file.js
2020-01-11 21:29:05,652 INFO 47009 [egg-schedule]: register schedule /Users/abser/go/src/github.com/yhyddr/projector/face/sequelize/node_modules/_egg-multipart@2.10.1@egg-multipart/app/schedule/clean_tmpdir.js
2020-01-11 21:29:05,652 INFO 47009 [egg-schedule]: register schedule /Users/abser/go/src/github.com/yhyddr/projector/face/sequelize/node_modules/_egg-logrotator@3.1.0@egg-logrotator/app/schedule/clean_log.js
2020-01-11 21:29:05,652 INFO 47009 [egg-schedule]: register schedule /Users/abser/go/src/github.com/yhyddr/projector/face/sequelize/node_modules/_egg-logrotator@3.1.0@egg-logrotator/app/schedule/rotate_by_file.js
2020-01-11 21:37:02,010 INFO 47336 [egg-schedule]: register schedule /Users/abser/go/src/github.com/yhyddr/projector/face/sequelize/node_modules/_egg-multipart@2.10.1@egg-multipart/app/schedule/clean_tmpdir.js
2020-01-11 21:37:02,010 INFO 47336 [egg-schedule]: register schedule /Users/abser/go/src/github.com/yhyddr/projector/face/sequelize/node_modules/_egg-logrotator@3.1.0@egg-logrotator/app/schedule/clean_log.js
2020-01-11 21:37:02,010 INFO 47336 [egg-schedule]: register schedule /Users/abser/go/src/github.com/yhyddr/projector/face/sequelize/node_modules/_egg-logrotator@3.1.0@egg-logrotator/app/schedule/rotate_by_file.js
2020-01-11 21:37:03,495 INFO 47333 [Timer] /Users/abser/go/src/github.com/yhyddr/projector/face/sequelize/node_modules/_egg-multipart@2.10.1@egg-multipart/app/schedule/clean_tmpdir.js next time will execute after 24776509ms at 2020-01-12 04:30:00.004
2020-01-11 21:37:03,495 INFO 47333 [Timer] /Users/abser/go/src/github.com/yhyddr/projector/face/sequelize/node_modules/_egg-logrotator@3.1.0@egg-logrotator/app/schedule/clean_log.js next time will execute after 8576505ms at 2020-01-12 00:00:00.000
2020-01-11 21:37:03,496 INFO 47333 [Timer] /Users/abser/go/src/github.com/yhyddr/projector/face/sequelize/node_modules/_egg-logrotator@3.1.0@egg-logrotator/app/schedule/rotate_by_file.js next time will execute after 8577505ms at 2020-01-12 00:00:01.001
2020-01-11 21:39:37,817 INFO 47449 [egg-schedule]: register schedule /Users/abser/go/src/github.com/yhyddr/projector/face/sequelize/node_modules/_egg-multipart@2.10.1@egg-multipart/app/schedule/clean_tmpdir.js
2020-01-11 21:39:37,817 INFO 47449 [egg-schedule]: register schedule /Users/abser/go/src/github.com/yhyddr/projector/face/sequelize/node_modules/_egg-logrotator@3.1.0@egg-logrotator/app/schedule/clean_log.js
2020-01-11 21:39:37,817 INFO 47449 [egg-schedule]: register schedule /Users/abser/go/src/github.com/yhyddr/projector/face/sequelize/node_modules/_egg-logrotator@3.1.0@egg-logrotator/app/schedule/rotate_by_file.js
2020-01-11 21:39:38,802 INFO 47448 [Timer] /Users/abser/go/src/github.com/yhyddr/projector/face/sequelize/node_modules/_egg-multipart@2.10.1@egg-multipart/app/schedule/clean_tmpdir.js next time will execute after 24621201ms at 2020-01-12 04:30:00.003
2020-01-11 21:39:38,802 INFO 47448 [Timer] /Users/abser/go/src/github.com/yhyddr/projector/face/sequelize/node_modules/_egg-logrotator@3.1.0@egg-logrotator/app/schedule/clean_log.js next time will execute after 8421198ms at 2020-01-12 00:00:00.000
2020-01-11 21:39:38,803 INFO 47448 [Timer] /Users/abser/go/src/github.com/yhyddr/projector/face/sequelize/node_modules/_egg-logrotator@3.1.0@egg-logrotator/app/schedule/rotate_by_file.js next time will execute after 8422197ms at 2020-01-12 00:00:01.000
2020-01-11 21:42:30,829 INFO 47541 [egg-schedule]: register schedule /Users/abser/go/src/github.com/yhyddr/projector/face/sequelize/node_modules/_egg-multipart@2.10.1@egg-multipart/app/schedule/clean_tmpdir.js
2020-01-11 21:42:30,829 INFO 47541 [egg-schedule]: register schedule /Users/abser/go/src/github.com/yhyddr/projector/face/sequelize/node_modules/_egg-logrotator@3.1.0@egg-logrotator/app/schedule/clean_log.js
2020-01-11 21:42:30,829 INFO 47541 [egg-schedule]: register schedule /Users/abser/go/src/github.com/yhyddr/projector/face/sequelize/node_modules/_egg-logrotator@3.1.0@egg-logrotator/app/schedule/rotate_by_file.js
2020-01-11 21:42:34,045 INFO 47550 [egg-schedule]: register schedule /Users/abser/go/src/github.com/yhyddr/projector/face/sequelize/node_modules/_egg-multipart@2.10.1@egg-multipart/app/schedule/clean_tmpdir.js
2020-01-11 21:42:34,045 INFO 47550 [egg-schedule]: register schedule /Users/abser/go/src/github.com/yhyddr/projector/face/sequelize/node_modules/_egg-logrotator@3.1.0@egg-logrotator/app/schedule/clean_log.js
2020-01-11 21:42:34,045 INFO 47550 [egg-schedule]: register schedule /Users/abser/go/src/github.com/yhyddr/projector/face/sequelize/node_modules/_egg-logrotator@3.1.0@egg-logrotator/app/schedule/rotate_by_file.js
2020-01-11 21:42:37,569 INFO 47561 [egg-schedule]: register schedule /Users/abser/go/src/github.com/yhyddr/projector/face/sequelize/node_modules/_egg-multipart@2.10.1@egg-multipart/app/schedule/clean_tmpdir.js
2020-01-11 21:42:37,570 INFO 47561 [egg-schedule]: register schedule /Users/abser/go/src/github.com/yhyddr/projector/face/sequelize/node_modules/_egg-logrotator@3.1.0@egg-logrotator/app/schedule/clean_log.js
2020-01-11 21:42:37,570 INFO 47561 [egg-schedule]: register schedule /Users/abser/go/src/github.com/yhyddr/projector/face/sequelize/node_modules/_egg-logrotator@3.1.0@egg-logrotator/app/schedule/rotate_by_file.js
2020-01-11 21:55:38,723 INFO 48064 [egg-schedule]: register schedule /Users/abser/go/src/github.com/yhyddr/projector/face/sequelize/node_modules/_egg-multipart@2.10.1@egg-multipart/app/schedule/clean_tmpdir.js
2020-01-11 21:55:38,723 INFO 48064 [egg-schedule]: register schedule /Users/abser/go/src/github.com/yhyddr/projector/face/sequelize/node_modules/_egg-logrotator@3.1.0@egg-logrotator/app/schedule/clean_log.js
2020-01-11 21:55:38,723 INFO 48064 [egg-schedule]: register schedule /Users/abser/go/src/github.com/yhyddr/projector/face/sequelize/node_modules/_egg-logrotator@3.1.0@egg-logrotator/app/schedule/rotate_by_file.js
2020-01-11 21:55:40,228 INFO 48063 [Timer] /Users/abser/go/src/github.com/yhyddr/projector/face/sequelize/node_modules/_egg-multipart@2.10.1@egg-multipart/app/schedule/clean_tmpdir.js next time will execute after 23659775ms at 2020-01-12 04:30:00.003
2020-01-11 21:55:40,228 INFO 48063 [Timer] /Users/abser/go/src/github.com/yhyddr/projector/face/sequelize/node_modules/_egg-logrotator@3.1.0@egg-logrotator/app/schedule/clean_log.js next time will execute after 7459772ms at 2020-01-12 00:00:00.000
2020-01-11 21:55:40,229 INFO 48063 [Timer] /Users/abser/go/src/github.com/yhyddr/projector/face/sequelize/node_modules/_egg-logrotator@3.1.0@egg-logrotator/app/schedule/rotate_by_file.js next time will execute after 7460772ms at 2020-01-12 00:00:01.000
2020-01-11 21:58:57,191 INFO 48175 [egg-schedule]: register schedule /Users/abser/go/src/github.com/yhyddr/projector/face/sequelize/node_modules/_egg-multipart@2.10.1@egg-multipart/app/schedule/clean_tmpdir.js
2020-01-11 21:58:57,191 INFO 48175 [egg-schedule]: register schedule /Users/abser/go/src/github.com/yhyddr/projector/face/sequelize/node_modules/_egg-logrotator@3.1.0@egg-logrotator/app/schedule/clean_log.js
2020-01-11 21:58:57,191 INFO 48175 [egg-schedule]: register schedule /Users/abser/go/src/github.com/yhyddr/projector/face/sequelize/node_modules/_egg-logrotator@3.1.0@egg-logrotator/app/schedule/rotate_by_file.js
2020-01-11 21:59:26,622 INFO 48208 [egg-schedule]: register schedule /Users/abser/go/src/github.com/yhyddr/projector/face/sequelize/node_modules/_egg-multipart@2.10.1@egg-multipart/app/schedule/clean_tmpdir.js
2020-01-11 21:59:26,622 INFO 48208 [egg-schedule]: register schedule /Users/abser/go/src/github.com/yhyddr/projector/face/sequelize/node_modules/_egg-logrotator@3.1.0@egg-logrotator/app/schedule/clean_log.js
2020-01-11 21:59:26,622 INFO 48208 [egg-schedule]: register schedule /Users/abser/go/src/github.com/yhyddr/projector/face/sequelize/node_modules/_egg-logrotator@3.1.0@egg-logrotator/app/schedule/rotate_by_file.js
2020-01-11 21:59:40,167 INFO 48227 [egg-schedule]: register schedule /Users/abser/go/src/github.com/yhyddr/projector/face/sequelize/node_modules/_egg-multipart@2.10.1@egg-multipart/app/schedule/clean_tmpdir.js
2020-01-11 21:59:40,167 INFO 48227 [egg-schedule]: register schedule /Users/abser/go/src/github.com/yhyddr/projector/face/sequelize/node_modules/_egg-logrotator@3.1.0@egg-logrotator/app/schedule/clean_log.js
2020-01-11 21:59:40,167 INFO 48227 [egg-schedule]: register schedule /Users/abser/go/src/github.com/yhyddr/projector/face/sequelize/node_modules/_egg-logrotator@3.1.0@egg-logrotator/app/schedule/rotate_by_file.js
2020-01-11 22:01:54,081 INFO 48294 [egg-schedule]: register schedule /Users/abser/go/src/github.com/yhyddr/projector/face/sequelize/node_modules/_egg-multipart@2.10.1@egg-multipart/app/schedule/clean_tmpdir.js
2020-01-11 22:01:54,081 INFO 48294 [egg-schedule]: register schedule /Users/abser/go/src/github.com/yhyddr/projector/face/sequelize/node_modules/_egg-logrotator@3.1.0@egg-logrotator/app/schedule/clean_log.js
2020-01-11 22:01:54,081 INFO 48294 [egg-schedule]: register schedule /Users/abser/go/src/github.com/yhyddr/projector/face/sequelize/node_modules/_egg-logrotator@3.1.0@egg-logrotator/app/schedule/rotate_by_file.js
2020-01-11 22:02:37,274 INFO 48339 [egg-schedule]: register schedule /Users/abser/go/src/github.com/yhyddr/projector/face/sequelize/node_modules/_egg-multipart@2.10.1@egg-multipart/app/schedule/clean_tmpdir.js
2020-01-11 22:02:37,274 INFO 48339 [egg-schedule]: register schedule /Users/abser/go/src/github.com/yhyddr/projector/face/sequelize/node_modules/_egg-logrotator@3.1.0@egg-logrotator/app/schedule/clean_log.js
2020-01-11 22:02:37,274 INFO 48339 [egg-schedule]: register schedule /Users/abser/go/src/github.com/yhyddr/projector/face/sequelize/node_modules/_egg-logrotator@3.1.0@egg-logrotator/app/schedule/rotate_by_file.js
2020-01-11 22:03:49,552 INFO 48385 [egg-schedule]: register schedule /Users/abser/go/src/github.com/yhyddr/projector/face/sequelize/node_modules/_egg-multipart@2.10.1@egg-multipart/app/schedule/clean_tmpdir.js
2020-01-11 22:03:49,552 INFO 48385 [egg-schedule]: register schedule /Users/abser/go/src/github.com/yhyddr/projector/face/sequelize/node_modules/_egg-logrotator@3.1.0@egg-logrotator/app/schedule/clean_log.js
2020-01-11 22:03:49,552 INFO 48385 [egg-schedule]: register schedule /Users/abser/go/src/github.com/yhyddr/projector/face/sequelize/node_modules/_egg-logrotator@3.1.0@egg-logrotator/app/schedule/rotate_by_file.js
2020-01-11 22:04:37,796 INFO 48422 [egg-schedule]: register schedule /Users/abser/go/src/github.com/yhyddr/projector/face/sequelize/node_modules/_egg-multipart@2.10.1@egg-multipart/app/schedule/clean_tmpdir.js
2020-01-11 22:04:37,796 INFO 48422 [egg-schedule]: register schedule /Users/abser/go/src/github.com/yhyddr/projector/face/sequelize/node_modules/_egg-logrotator@3.1.0@egg-logrotator/app/schedule/clean_log.js
2020-01-11 22:04:37,796 INFO 48422 [egg-schedule]: register schedule /Users/abser/go/src/github.com/yhyddr/projector/face/sequelize/node_modules/_egg-logrotator@3.1.0@egg-logrotator/app/schedule/rotate_by_file.js
2020-01-11 22:04:45,948 INFO 48441 [egg-schedule]: register schedule /Users/abser/go/src/github.com/yhyddr/projector/face/sequelize/node_modules/_egg-multipart@2.10.1@egg-multipart/app/schedule/clean_tmpdir.js
2020-01-11 22:04:45,948 INFO 48441 [egg-schedule]: register schedule /Users/abser/go/src/github.com/yhyddr/projector/face/sequelize/node_modules/_egg-logrotator@3.1.0@egg-logrotator/app/schedule/clean_log.js
2020-01-11 22:04:45,948 INFO 48441 [egg-schedule]: register schedule /Users/abser/go/src/github.com/yhyddr/projector/face/sequelize/node_modules/_egg-logrotator@3.1.0@egg-logrotator/app/schedule/rotate_by_file.js
2020-01-11 22:06:00,235 INFO 48519 [egg-schedule]: register schedule /Users/abser/go/src/github.com/yhyddr/projector/face/sequelize/node_modules/_egg-multipart@2.10.1@egg-multipart/app/schedule/clean_tmpdir.js
2020-01-11 22:06:00,235 INFO 48519 [egg-schedule]: register schedule /Users/abser/go/src/github.com/yhyddr/projector/face/sequelize/node_modules/_egg-logrotator@3.1.0@egg-logrotator/app/schedule/clean_log.js
2020-01-11 22:06:00,235 INFO 48519 [egg-schedule]: register schedule /Users/abser/go/src/github.com/yhyddr/projector/face/sequelize/node_modules/_egg-logrotator@3.1.0@egg-logrotator/app/schedule/rotate_by_file.js
2020-01-11 22:06:20,451 INFO 48540 [egg-schedule]: register schedule /Users/abser/go/src/github.com/yhyddr/projector/face/sequelize/node_modules/_egg-multipart@2.10.1@egg-multipart/app/schedule/clean_tmpdir.js
2020-01-11 22:06:20,451 INFO 48540 [egg-schedule]: register schedule /Users/abser/go/src/github.com/yhyddr/projector/face/sequelize/node_modules/_egg-logrotator@3.1.0@egg-logrotator/app/schedule/clean_log.js
2020-01-11 22:06:20,451 INFO 48540 [egg-schedule]: register schedule /Users/abser/go/src/github.com/yhyddr/projector/face/sequelize/node_modules/_egg-logrotator@3.1.0@egg-logrotator/app/schedule/rotate_by_file.js
2020-01-11 22:07:08,635 INFO 48596 [egg-schedule]: register schedule /Users/abser/go/src/github.com/yhyddr/projector/face/sequelize/node_modules/_egg-multipart@2.10.1@egg-multipart/app/schedule/clean_tmpdir.js
2020-01-11 22:07:08,636 INFO 48596 [egg-schedule]: register schedule /Users/abser/go/src/github.com/yhyddr/projector/face/sequelize/node_modules/_egg-logrotator@3.1.0@egg-logrotator/app/schedule/clean_log.js
2020-01-11 22:07:08,636 INFO 48596 [egg-schedule]: register schedule /Users/abser/go/src/github.com/yhyddr/projector/face/sequelize/node_modules/_egg-logrotator@3.1.0@egg-logrotator/app/schedule/rotate_by_file.js
2020-01-11 22:07:09,504 INFO 48595 [Timer] /Users/abser/go/src/github.com/yhyddr/projector/face/sequelize/node_modules/_egg-multipart@2.10.1@egg-multipart/app/schedule/clean_tmpdir.js next time will execute after 22970499ms at 2020-01-12 04:30:00.003
2020-01-11 22:07:09,505 INFO 48595 [Timer] /Users/abser/go/src/github.com/yhyddr/projector/face/sequelize/node_modules/_egg-logrotator@3.1.0@egg-logrotator/app/schedule/clean_log.js next time will execute after 6770496ms at 2020-01-12 00:00:00.001
2020-01-11 22:07:09,505 INFO 48595 [Timer] /Users/abser/go/src/github.com/yhyddr/projector/face/sequelize/node_modules/_egg-logrotator@3.1.0@egg-logrotator/app/schedule/rotate_by_file.js next time will execute after 6771495ms at 2020-01-12 00:00:01.000
2020-01-11 22:08:44,388 INFO 48662 [egg-schedule]: register schedule /Users/abser/go/src/github.com/yhyddr/projector/face/sequelize/node_modules/_egg-multipart@2.10.1@egg-multipart/app/schedule/clean_tmpdir.js
2020-01-11 22:08:44,388 INFO 48662 [egg-schedule]: register schedule /Users/abser/go/src/github.com/yhyddr/projector/face/sequelize/node_modules/_egg-logrotator@3.1.0@egg-logrotator/app/schedule/clean_log.js
2020-01-11 22:08:44,388 INFO 48662 [egg-schedule]: register schedule /Users/abser/go/src/github.com/yhyddr/projector/face/sequelize/node_modules/_egg-logrotator@3.1.0@egg-logrotator/app/schedule/rotate_by_file.js
2020-01-11 22:08:55,436 INFO 48681 [egg-schedule]: register schedule /Users/abser/go/src/github.com/yhyddr/projector/face/sequelize/node_modules/_egg-multipart@2.10.1@egg-multipart/app/schedule/clean_tmpdir.js
2020-01-11 22:08:55,436 INFO 48681 [egg-schedule]: register schedule /Users/abser/go/src/github.com/yhyddr/projector/face/sequelize/node_modules/_egg-logrotator@3.1.0@egg-logrotator/app/schedule/clean_log.js
2020-01-11 22:08:55,436 INFO 48681 [egg-schedule]: register schedule /Users/abser/go/src/github.com/yhyddr/projector/face/sequelize/node_modules/_egg-logrotator@3.1.0@egg-logrotator/app/schedule/rotate_by_file.js
2020-01-11 22:15:24,552 INFO 48862 [egg-schedule]: register schedule /Users/abser/go/src/github.com/yhyddr/projector/face/sequelize/node_modules/_egg-multipart@2.10.1@egg-multipart/app/schedule/clean_tmpdir.js
2020-01-11 22:15:24,552 INFO 48862 [egg-schedule]: register schedule /Users/abser/go/src/github.com/yhyddr/projector/face/sequelize/node_modules/_egg-logrotator@3.1.0@egg-logrotator/app/schedule/clean_log.js
2020-01-11 22:15:24,552 INFO 48862 [egg-schedule]: register schedule /Users/abser/go/src/github.com/yhyddr/projector/face/sequelize/node_modules/_egg-logrotator@3.1.0@egg-logrotator/app/schedule/rotate_by_file.js
2020-01-11 22:15:52,945 INFO 48890 [egg-schedule]: register schedule /Users/abser/go/src/github.com/yhyddr/projector/face/sequelize/node_modules/_egg-multipart@2.10.1@egg-multipart/app/schedule/clean_tmpdir.js
2020-01-11 22:15:52,945 INFO 48890 [egg-schedule]: register schedule /Users/abser/go/src/github.com/yhyddr/projector/face/sequelize/node_modules/_egg-logrotator@3.1.0@egg-logrotator/app/schedule/clean_log.js
2020-01-11 22:15:52,946 INFO 48890 [egg-schedule]: register schedule /Users/abser/go/src/github.com/yhyddr/projector/face/sequelize/node_modules/_egg-logrotator@3.1.0@egg-logrotator/app/schedule/rotate_by_file.js
2020-01-11 22:16:35,996 INFO 48921 [egg-schedule]: register schedule /Users/abser/go/src/github.com/yhyddr/projector/face/sequelize/node_modules/_egg-multipart@2.10.1@egg-multipart/app/schedule/clean_tmpdir.js
2020-01-11 22:16:35,996 INFO 48921 [egg-schedule]: register schedule /Users/abser/go/src/github.com/yhyddr/projector/face/sequelize/node_modules/_egg-logrotator@3.1.0@egg-logrotator/app/schedule/clean_log.js
2020-01-11 22:16:35,996 INFO 48921 [egg-schedule]: register schedule /Users/abser/go/src/github.com/yhyddr/projector/face/sequelize/node_modules/_egg-logrotator@3.1.0@egg-logrotator/app/schedule/rotate_by_file.js
2020-01-11 22:18:08,522 INFO 48984 [egg-schedule]: register schedule /Users/abser/go/src/github.com/yhyddr/projector/face/sequelize/node_modules/_egg-multipart@2.10.1@egg-multipart/app/schedule/clean_tmpdir.js
2020-01-11 22:18:08,522 INFO 48984 [egg-schedule]: register schedule /Users/abser/go/src/github.com/yhyddr/projector/face/sequelize/node_modules/_egg-logrotator@3.1.0@egg-logrotator/app/schedule/clean_log.js
2020-01-11 22:18:08,522 INFO 48984 [egg-schedule]: register schedule /Users/abser/go/src/github.com/yhyddr/projector/face/sequelize/node_modules/_egg-logrotator@3.1.0@egg-logrotator/app/schedule/rotate_by_file.js
2020-01-11 22:18:40,289 INFO 49010 [egg-schedule]: register schedule /Users/abser/go/src/github.com/yhyddr/projector/face/sequelize/node_modules/_egg-multipart@2.10.1@egg-multipart/app/schedule/clean_tmpdir.js
2020-01-11 22:18:40,289 INFO 49010 [egg-schedule]: register schedule /Users/abser/go/src/github.com/yhyddr/projector/face/sequelize/node_modules/_egg-logrotator@3.1.0@egg-logrotator/app/schedule/clean_log.js
2020-01-11 22:18:40,289 INFO 49010 [egg-schedule]: register schedule /Users/abser/go/src/github.com/yhyddr/projector/face/sequelize/node_modules/_egg-logrotator@3.1.0@egg-logrotator/app/schedule/rotate_by_file.js
2020-01-11 22:20:35,048 INFO 49095 [egg-schedule]: register schedule /Users/abser/go/src/github.com/yhyddr/projector/face/sequelize/node_modules/_egg-multipart@2.10.1@egg-multipart/app/schedule/clean_tmpdir.js
2020-01-11 22:20:35,048 INFO 49095 [egg-schedule]: register schedule /Users/abser/go/src/github.com/yhyddr/projector/face/sequelize/node_modules/_egg-logrotator@3.1.0@egg-logrotator/app/schedule/clean_log.js
2020-01-11 22:20:35,048 INFO 49095 [egg-schedule]: register schedule /Users/abser/go/src/github.com/yhyddr/projector/face/sequelize/node_modules/_egg-logrotator@3.1.0@egg-logrotator/app/schedule/rotate_by_file.js
2020-01-11 22:21:09,483 INFO 49137 [egg-schedule]: register schedule /Users/abser/go/src/github.com/yhyddr/projector/face/sequelize/node_modules/_egg-multipart@2.10.1@egg-multipart/app/schedule/clean_tmpdir.js
2020-01-11 22:21:09,483 INFO 49137 [egg-schedule]: register schedule /Users/abser/go/src/github.com/yhyddr/projector/face/sequelize/node_modules/_egg-logrotator@3.1.0@egg-logrotator/app/schedule/clean_log.js
2020-01-11 22:21:09,483 INFO 49137 [egg-schedule]: register schedule /Users/abser/go/src/github.com/yhyddr/projector/face/sequelize/node_modules/_egg-logrotator@3.1.0@egg-logrotator/app/schedule/rotate_by_file.js
2020-01-11 22:21:37,996 INFO 49167 [egg-schedule]: register schedule /Users/abser/go/src/github.com/yhyddr/projector/face/sequelize/node_modules/_egg-multipart@2.10.1@egg-multipart/app/schedule/clean_tmpdir.js
2020-01-11 22:21:37,996 INFO 49167 [egg-schedule]: register schedule /Users/abser/go/src/github.com/yhyddr/projector/face/sequelize/node_modules/_egg-logrotator@3.1.0@egg-logrotator/app/schedule/clean_log.js
2020-01-11 22:21:37,996 INFO 49167 [egg-schedule]: register schedule /Users/abser/go/src/github.com/yhyddr/projector/face/sequelize/node_modules/_egg-logrotator@3.1.0@egg-logrotator/app/schedule/rotate_by_file.js
2020-01-11 22:22:27,178 INFO 49243 [egg-schedule]: register schedule /Users/abser/go/src/github.com/yhyddr/projector/face/sequelize/node_modules/_egg-multipart@2.10.1@egg-multipart/app/schedule/clean_tmpdir.js
2020-01-11 22:22:27,178 INFO 49243 [egg-schedule]: register schedule /Users/abser/go/src/github.com/yhyddr/projector/face/sequelize/node_modules/_egg-logrotator@3.1.0@egg-logrotator/app/schedule/clean_log.js
2020-01-11 22:22:27,178 INFO 49243 [egg-schedule]: register schedule /Users/abser/go/src/github.com/yhyddr/projector/face/sequelize/node_modules/_egg-logrotator@3.1.0@egg-logrotator/app/schedule/rotate_by_file.js
2020-01-11 22:22:27,985 INFO 49240 [Timer] /Users/abser/go/src/github.com/yhyddr/projector/face/sequelize/node_modules/_egg-multipart@2.10.1@egg-multipart/app/schedule/clean_tmpdir.js next time will execute after 22052017ms at 2020-01-12 04:30:00.002
2020-01-11 22:22:27,986 INFO 49240 [Timer] /Users/abser/go/src/github.com/yhyddr/projector/face/sequelize/node_modules/_egg-logrotator@3.1.0@egg-logrotator/app/schedule/clean_log.js next time will execute after 5852015ms at 2020-01-12 00:00:00.001
2020-01-11 22:22:27,986 INFO 49240 [Timer] /Users/abser/go/src/github.com/yhyddr/projector/face/sequelize/node_modules/_egg-logrotator@3.1.0@egg-logrotator/app/schedule/rotate_by_file.js next time will execute after 5853014ms at 2020-01-12 00:00:01.000
2020-01-11 22:23:24,716 INFO 49285 [egg-schedule]: register schedule /Users/abser/go/src/github.com/yhyddr/projector/face/sequelize/node_modules/_egg-multipart@2.10.1@egg-multipart/app/schedule/clean_tmpdir.js
2020-01-11 22:23:24,716 INFO 49285 [egg-schedule]: register schedule /Users/abser/go/src/github.com/yhyddr/projector/face/sequelize/node_modules/_egg-logrotator@3.1.0@egg-logrotator/app/schedule/clean_log.js
2020-01-11 22:23:24,716 INFO 49285 [egg-schedule]: register schedule /Users/abser/go/src/github.com/yhyddr/projector/face/sequelize/node_modules/_egg-logrotator@3.1.0@egg-logrotator/app/schedule/rotate_by_file.js
2020-01-11 22:24:29,122 INFO 49327 [egg-schedule]: register schedule /Users/abser/go/src/github.com/yhyddr/projector/face/sequelize/node_modules/_egg-multipart@2.10.1@egg-multipart/app/schedule/clean_tmpdir.js
2020-01-11 22:24:29,122 INFO 49327 [egg-schedule]: register schedule /Users/abser/go/src/github.com/yhyddr/projector/face/sequelize/node_modules/_egg-logrotator@3.1.0@egg-logrotator/app/schedule/clean_log.js
2020-01-11 22:24:29,122 INFO 49327 [egg-schedule]: register schedule /Users/abser/go/src/github.com/yhyddr/projector/face/sequelize/node_modules/_egg-logrotator@3.1.0@egg-logrotator/app/schedule/rotate_by_file.js
2020-01-11 22:26:28,312 INFO 49404 [egg-schedule]: register schedule /Users/abser/go/src/github.com/yhyddr/projector/face/sequelize/node_modules/_egg-multipart@2.10.1@egg-multipart/app/schedule/clean_tmpdir.js
2020-01-11 22:26:28,312 INFO 49404 [egg-schedule]: register schedule /Users/abser/go/src/github.com/yhyddr/projector/face/sequelize/node_modules/_egg-logrotator@3.1.0@egg-logrotator/app/schedule/clean_log.js
2020-01-11 22:26:28,312 INFO 49404 [egg-schedule]: register schedule /Users/abser/go/src/github.com/yhyddr/projector/face/sequelize/node_modules/_egg-logrotator@3.1.0@egg-logrotator/app/schedule/rotate_by_file.js
2020-01-11 22:26:55,624 INFO 49429 [egg-schedule]: register schedule /Users/abser/go/src/github.com/yhyddr/projector/face/sequelize/node_modules/_egg-multipart@2.10.1@egg-multipart/app/schedule/clean_tmpdir.js
2020-01-11 22:26:55,624 INFO 49429 [egg-schedule]: register schedule /Users/abser/go/src/github.com/yhyddr/projector/face/sequelize/node_modules/_egg-logrotator@3.1.0@egg-logrotator/app/schedule/clean_log.js
2020-01-11 22:26:55,624 INFO 49429 [egg-schedule]: register schedule /Users/abser/go/src/github.com/yhyddr/projector/face/sequelize/node_modules/_egg-logrotator@3.1.0@egg-logrotator/app/schedule/rotate_by_file.js
2020-01-11 22:27:02,015 INFO 49441 [egg-schedule]: register schedule /Users/abser/go/src/github.com/yhyddr/projector/face/sequelize/node_modules/_egg-multipart@2.10.1@egg-multipart/app/schedule/clean_tmpdir.js
2020-01-11 22:27:02,015 INFO 49441 [egg-schedule]: register schedule /Users/abser/go/src/github.com/yhyddr/projector/face/sequelize/node_modules/_egg-logrotator@3.1.0@egg-logrotator/app/schedule/clean_log.js
2020-01-11 22:27:02,015 INFO 49441 [egg-schedule]: register schedule /Users/abser/go/src/github.com/yhyddr/projector/face/sequelize/node_modules/_egg-logrotator@3.1.0@egg-logrotator/app/schedule/rotate_by_file.js
2020-01-11 22:29:34,282 INFO 49538 [egg-schedule]: register schedule /Users/abser/go/src/github.com/yhyddr/projector/face/sequelize/node_modules/_egg-multipart@2.10.1@egg-multipart/app/schedule/clean_tmpdir.js
2020-01-11 22:29:34,282 INFO 49538 [egg-schedule]: register schedule /Users/abser/go/src/github.com/yhyddr/projector/face/sequelize/node_modules/_egg-logrotator@3.1.0@egg-logrotator/app/schedule/clean_log.js
2020-01-11 22:29:34,282 INFO 49538 [egg-schedule]: register schedule /Users/abser/go/src/github.com/yhyddr/projector/face/sequelize/node_modules/_egg-logrotator@3.1.0@egg-logrotator/app/schedule/rotate_by_file.js
2020-01-11 22:30:47,965 INFO 49582 [egg-schedule]: register schedule /Users/abser/go/src/github.com/yhyddr/projector/face/sequelize/node_modules/_egg-multipart@2.10.1@egg-multipart/app/schedule/clean_tmpdir.js
2020-01-11 22:30:47,965 INFO 49582 [egg-schedule]: register schedule /Users/abser/go/src/github.com/yhyddr/projector/face/sequelize/node_modules/_egg-logrotator@3.1.0@egg-logrotator/app/schedule/clean_log.js
2020-01-11 22:30:47,965 INFO 49582 [egg-schedule]: register schedule /Users/abser/go/src/github.com/yhyddr/projector/face/sequelize/node_modules/_egg-logrotator@3.1.0@egg-logrotator/app/schedule/rotate_by_file.js
2020-01-11 22:31:17,074 INFO 49616 [egg-schedule]: register schedule /Users/abser/go/src/github.com/yhyddr/projector/face/sequelize/node_modules/_egg-multipart@2.10.1@egg-multipart/app/schedule/clean_tmpdir.js
2020-01-11 22:31:17,074 INFO 49616 [egg-schedule]: register schedule /Users/abser/go/src/github.com/yhyddr/projector/face/sequelize/node_modules/_egg-logrotator@3.1.0@egg-logrotator/app/schedule/clean_log.js
2020-01-11 22:31:17,074 INFO 49616 [egg-schedule]: register schedule /Users/abser/go/src/github.com/yhyddr/projector/face/sequelize/node_modules/_egg-logrotator@3.1.0@egg-logrotator/app/schedule/rotate_by_file.js
2020-01-11 22:31:45,012 INFO 49643 [egg-schedule]: register schedule /Users/abser/go/src/github.com/yhyddr/projector/face/sequelize/node_modules/_egg-multipart@2.10.1@egg-multipart/app/schedule/clean_tmpdir.js
2020-01-11 22:31:45,012 INFO 49643 [egg-schedule]: register schedule /Users/abser/go/src/github.com/yhyddr/projector/face/sequelize/node_modules/_egg-logrotator@3.1.0@egg-logrotator/app/schedule/clean_log.js
2020-01-11 22:31:45,012 INFO 49643 [egg-schedule]: register schedule /Users/abser/go/src/github.com/yhyddr/projector/face/sequelize/node_modules/_egg-logrotator@3.1.0@egg-logrotator/app/schedule/rotate_by_file.js
2020-01-11 22:32:10,287 INFO 49673 [egg-schedule]: register schedule /Users/abser/go/src/github.com/yhyddr/projector/face/sequelize/node_modules/_egg-multipart@2.10.1@egg-multipart/app/schedule/clean_tmpdir.js
2020-01-11 22:32:10,287 INFO 49673 [egg-schedule]: register schedule /Users/abser/go/src/github.com/yhyddr/projector/face/sequelize/node_modules/_egg-logrotator@3.1.0@egg-logrotator/app/schedule/clean_log.js
2020-01-11 22:32:10,287 INFO 49673 [egg-schedule]: register schedule /Users/abser/go/src/github.com/yhyddr/projector/face/sequelize/node_modules/_egg-logrotator@3.1.0@egg-logrotator/app/schedule/rotate_by_file.js
2020-01-11 22:34:10,346 INFO 49747 [egg-schedule]: register schedule /Users/abser/go/src/github.com/yhyddr/projector/face/sequelize/node_modules/_egg-multipart@2.10.1@egg-multipart/app/schedule/clean_tmpdir.js
2020-01-11 22:34:10,346 INFO 49747 [egg-schedule]: register schedule /Users/abser/go/src/github.com/yhyddr/projector/face/sequelize/node_modules/_egg-logrotator@3.1.0@egg-logrotator/app/schedule/clean_log.js
2020-01-11 22:34:10,346 INFO 49747 [egg-schedule]: register schedule /Users/abser/go/src/github.com/yhyddr/projector/face/sequelize/node_modules/_egg-logrotator@3.1.0@egg-logrotator/app/schedule/rotate_by_file.js
2020-01-11 22:35:59,753 INFO 49807 [egg-schedule]: register schedule /Users/abser/go/src/github.com/yhyddr/projector/face/sequelize/node_modules/_egg-multipart@2.10.1@egg-multipart/app/schedule/clean_tmpdir.js
2020-01-11 22:35:59,753 INFO 49807 [egg-schedule]: register schedule /Users/abser/go/src/github.com/yhyddr/projector/face/sequelize/node_modules/_egg-logrotator@3.1.0@egg-logrotator/app/schedule/clean_log.js
2020-01-11 22:35:59,753 INFO 49807 [egg-schedule]: register schedule /Users/abser/go/src/github.com/yhyddr/projector/face/sequelize/node_modules/_egg-logrotator@3.1.0@egg-logrotator/app/schedule/rotate_by_file.js
2020-01-11 22:36:42,793 INFO 49841 [egg-schedule]: register schedule /Users/abser/go/src/github.com/yhyddr/projector/face/sequelize/node_modules/_egg-multipart@2.10.1@egg-multipart/app/schedule/clean_tmpdir.js
2020-01-11 22:36:42,793 INFO 49841 [egg-schedule]: register schedule /Users/abser/go/src/github.com/yhyddr/projector/face/sequelize/node_modules/_egg-logrotator@3.1.0@egg-logrotator/app/schedule/clean_log.js
2020-01-11 22:36:42,793 INFO 49841 [egg-schedule]: register schedule /Users/abser/go/src/github.com/yhyddr/projector/face/sequelize/node_modules/_egg-logrotator@3.1.0@egg-logrotator/app/schedule/rotate_by_file.js
2020-01-11 22:36:58,919 INFO 49861 [egg-schedule]: register schedule /Users/abser/go/src/github.com/yhyddr/projector/face/sequelize/node_modules/_egg-multipart@2.10.1@egg-multipart/app/schedule/clean_tmpdir.js
2020-01-11 22:36:58,919 INFO 49861 [egg-schedule]: register schedule /Users/abser/go/src/github.com/yhyddr/projector/face/sequelize/node_modules/_egg-logrotator@3.1.0@egg-logrotator/app/schedule/clean_log.js
2020-01-11 22:36:58,919 INFO 49861 [egg-schedule]: register schedule /Users/abser/go/src/github.com/yhyddr/projector/face/sequelize/node_modules/_egg-logrotator@3.1.0@egg-logrotator/app/schedule/rotate_by_file.js
2020-01-11 22:37:03,024 INFO 49874 [egg-schedule]: register schedule /Users/abser/go/src/github.com/yhyddr/projector/face/sequelize/node_modules/_egg-multipart@2.10.1@egg-multipart/app/schedule/clean_tmpdir.js
2020-01-11 22:37:03,024 INFO 49874 [egg-schedule]: register schedule /Users/abser/go/src/github.com/yhyddr/projector/face/sequelize/node_modules/_egg-logrotator@3.1.0@egg-logrotator/app/schedule/clean_log.js
2020-01-11 22:37:03,024 INFO 49874 [egg-schedule]: register schedule /Users/abser/go/src/github.com/yhyddr/projector/face/sequelize/node_modules/_egg-logrotator@3.1.0@egg-logrotator/app/schedule/rotate_by_file.js
2020-01-11 22:38:36,297 INFO 49937 [egg-schedule]: register schedule /Users/abser/go/src/github.com/yhyddr/projector/face/sequelize/node_modules/_egg-multipart@2.10.1@egg-multipart/app/schedule/clean_tmpdir.js
2020-01-11 22:38:36,297 INFO 49937 [egg-schedule]: register schedule /Users/abser/go/src/github.com/yhyddr/projector/face/sequelize/node_modules/_egg-logrotator@3.1.0@egg-logrotator/app/schedule/clean_log.js
2020-01-11 22:38:36,297 INFO 49937 [egg-schedule]: register schedule /Users/abser/go/src/github.com/yhyddr/projector/face/sequelize/node_modules/_egg-logrotator@3.1.0@egg-logrotator/app/schedule/rotate_by_file.js
2020-01-11 22:42:39,339 INFO 50047 [egg-schedule]: register schedule /Users/abser/go/src/github.com/yhyddr/projector/face/sequelize/node_modules/_egg-multipart@2.10.1@egg-multipart/app/schedule/clean_tmpdir.js
2020-01-11 22:42:39,339 INFO 50047 [egg-schedule]: register schedule /Users/abser/go/src/github.com/yhyddr/projector/face/sequelize/node_modules/_egg-logrotator@3.1.0@egg-logrotator/app/schedule/clean_log.js
2020-01-11 22:42:39,339 INFO 50047 [egg-schedule]: register schedule /Users/abser/go/src/github.com/yhyddr/projector/face/sequelize/node_modules/_egg-logrotator@3.1.0@egg-logrotator/app/schedule/rotate_by_file.js
2020-01-11 22:42:48,824 INFO 50066 [egg-schedule]: register schedule /Users/abser/go/src/github.com/yhyddr/projector/face/sequelize/node_modules/_egg-multipart@2.10.1@egg-multipart/app/schedule/clean_tmpdir.js
2020-01-11 22:42:48,824 INFO 50066 [egg-schedule]: register schedule /Users/abser/go/src/github.com/yhyddr/projector/face/sequelize/node_modules/_egg-logrotator@3.1.0@egg-logrotator/app/schedule/clean_log.js
2020-01-11 22:42:48,824 INFO 50066 [egg-schedule]: register schedule /Users/abser/go/src/github.com/yhyddr/projector/face/sequelize/node_modules/_egg-logrotator@3.1.0@egg-logrotator/app/schedule/rotate_by_file.js
2020-01-11 22:43:09,804 INFO 50095 [egg-schedule]: register schedule /Users/abser/go/src/github.com/yhyddr/projector/face/sequelize/node_modules/_egg-multipart@2.10.1@egg-multipart/app/schedule/clean_tmpdir.js
2020-01-11 22:43:09,804 INFO 50095 [egg-schedule]: register schedule /Users/abser/go/src/github.com/yhyddr/projector/face/sequelize/node_modules/_egg-logrotator@3.1.0@egg-logrotator/app/schedule/clean_log.js
2020-01-11 22:43:09,804 INFO 50095 [egg-schedule]: register schedule /Users/abser/go/src/github.com/yhyddr/projector/face/sequelize/node_modules/_egg-logrotator@3.1.0@egg-logrotator/app/schedule/rotate_by_file.js
2020-01-11 22:44:14,901 INFO 50132 [egg-schedule]: register schedule /Users/abser/go/src/github.com/yhyddr/projector/face/sequelize/node_modules/_egg-multipart@2.10.1@egg-multipart/app/schedule/clean_tmpdir.js
2020-01-11 22:44:14,901 INFO 50132 [egg-schedule]: register schedule /Users/abser/go/src/github.com/yhyddr/projector/face/sequelize/node_modules/_egg-logrotator@3.1.0@egg-logrotator/app/schedule/clean_log.js
2020-01-11 22:44:14,901 INFO 50132 [egg-schedule]: register schedule /Users/abser/go/src/github.com/yhyddr/projector/face/sequelize/node_modules/_egg-logrotator@3.1.0@egg-logrotator/app/schedule/rotate_by_file.js
2020-01-11 22:44:38,198 INFO 50183 [egg-schedule]: register schedule /Users/abser/go/src/github.com/yhyddr/projector/face/sequelize/node_modules/_egg-multipart@2.10.1@egg-multipart/app/schedule/clean_tmpdir.js
2020-01-11 22:44:38,198 INFO 50183 [egg-schedule]: register schedule /Users/abser/go/src/github.com/yhyddr/projector/face/sequelize/node_modules/_egg-logrotator@3.1.0@egg-logrotator/app/schedule/clean_log.js
2020-01-11 22:44:38,198 INFO 50183 [egg-schedule]: register schedule /Users/abser/go/src/github.com/yhyddr/projector/face/sequelize/node_modules/_egg-logrotator@3.1.0@egg-logrotator/app/schedule/rotate_by_file.js
2020-01-11 22:45:05,791 INFO 50206 [egg-schedule]: register schedule /Users/abser/go/src/github.com/yhyddr/projector/face/sequelize/node_modules/_egg-multipart@2.10.1@egg-multipart/app/schedule/clean_tmpdir.js
2020-01-11 22:45:05,791 INFO 50206 [egg-schedule]: register schedule /Users/abser/go/src/github.com/yhyddr/projector/face/sequelize/node_modules/_egg-logrotator@3.1.0@egg-logrotator/app/schedule/clean_log.js
2020-01-11 22:45:05,791 INFO 50206 [egg-schedule]: register schedule /Users/abser/go/src/github.com/yhyddr/projector/face/sequelize/node_modules/_egg-logrotator@3.1.0@egg-logrotator/app/schedule/rotate_by_file.js
2020-01-11 22:46:50,697 INFO 50261 [egg-schedule]: register schedule /Users/abser/go/src/github.com/yhyddr/projector/face/sequelize/node_modules/_egg-multipart@2.10.1@egg-multipart/app/schedule/clean_tmpdir.js
2020-01-11 22:46:50,697 INFO 50261 [egg-schedule]: register schedule /Users/abser/go/src/github.com/yhyddr/projector/face/sequelize/node_modules/_egg-logrotator@3.1.0@egg-logrotator/app/schedule/clean_log.js
2020-01-11 22:46:50,697 INFO 50261 [egg-schedule]: register schedule /Users/abser/go/src/github.com/yhyddr/projector/face/sequelize/node_modules/_egg-logrotator@3.1.0@egg-logrotator/app/schedule/rotate_by_file.js
2020-01-11 22:47:57,833 INFO 50322 [egg-schedule]: register schedule /Users/abser/go/src/github.com/yhyddr/projector/face/sequelize/node_modules/_egg-multipart@2.10.1@egg-multipart/app/schedule/clean_tmpdir.js
2020-01-11 22:47:57,833 INFO 50322 [egg-schedule]: register schedule /Users/abser/go/src/github.com/yhyddr/projector/face/sequelize/node_modules/_egg-logrotator@3.1.0@egg-logrotator/app/schedule/clean_log.js
2020-01-11 22:47:57,833 INFO 50322 [egg-schedule]: register schedule /Users/abser/go/src/github.com/yhyddr/projector/face/sequelize/node_modules/_egg-logrotator@3.1.0@egg-logrotator/app/schedule/rotate_by_file.js
2020-01-11 22:49:07,472 INFO 50359 [egg-schedule]: register schedule /Users/abser/go/src/github.com/yhyddr/projector/face/sequelize/node_modules/_egg-multipart@2.10.1@egg-multipart/app/schedule/clean_tmpdir.js
2020-01-11 22:49:07,472 INFO 50359 [egg-schedule]: register schedule /Users/abser/go/src/github.com/yhyddr/projector/face/sequelize/node_modules/_egg-logrotator@3.1.0@egg-logrotator/app/schedule/clean_log.js
2020-01-11 22:49:07,472 INFO 50359 [egg-schedule]: register schedule /Users/abser/go/src/github.com/yhyddr/projector/face/sequelize/node_modules/_egg-logrotator@3.1.0@egg-logrotator/app/schedule/rotate_by_file.js
2020-01-11 22:50:09,863 INFO 50388 [egg-schedule]: register schedule /Users/abser/go/src/github.com/yhyddr/projector/face/sequelize/node_modules/_egg-multipart@2.10.1@egg-multipart/app/schedule/clean_tmpdir.js
2020-01-11 22:50:09,863 INFO 50388 [egg-schedule]: register schedule /Users/abser/go/src/github.com/yhyddr/projector/face/sequelize/node_modules/_egg-logrotator@3.1.0@egg-logrotator/app/schedule/clean_log.js
2020-01-11 22:50:09,863 INFO 50388 [egg-schedule]: register schedule /Users/abser/go/src/github.com/yhyddr/projector/face/sequelize/node_modules/_egg-logrotator@3.1.0@egg-logrotator/app/schedule/rotate_by_file.js
2020-01-11 22:50:13,833 INFO 50399 [egg-schedule]: register schedule /Users/abser/go/src/github.com/yhyddr/projector/face/sequelize/node_modules/_egg-multipart@2.10.1@egg-multipart/app/schedule/clean_tmpdir.js
2020-01-11 22:50:13,833 INFO 50399 [egg-schedule]: register schedule /Users/abser/go/src/github.com/yhyddr/projector/face/sequelize/node_modules/_egg-logrotator@3.1.0@egg-logrotator/app/schedule/clean_log.js
2020-01-11 22:50:13,833 INFO 50399 [egg-schedule]: register schedule /Users/abser/go/src/github.com/yhyddr/projector/face/sequelize/node_modules/_egg-logrotator@3.1.0@egg-logrotator/app/schedule/rotate_by_file.js
2020-01-11 22:50:22,475 INFO 50408 [egg-schedule]: register schedule /Users/abser/go/src/github.com/yhyddr/projector/face/sequelize/node_modules/_egg-multipart@2.10.1@egg-multipart/app/schedule/clean_tmpdir.js
2020-01-11 22:50:22,475 INFO 50408 [egg-schedule]: register schedule /Users/abser/go/src/github.com/yhyddr/projector/face/sequelize/node_modules/_egg-logrotator@3.1.0@egg-logrotator/app/schedule/clean_log.js
2020-01-11 22:50:22,475 INFO 50408 [egg-schedule]: register schedule /Users/abser/go/src/github.com/yhyddr/projector/face/sequelize/node_modules/_egg-logrotator@3.1.0@egg-logrotator/app/schedule/rotate_by_file.js
2020-01-11 22:51:08,915 INFO 50461 [egg-schedule]: register schedule /Users/abser/go/src/github.com/yhyddr/projector/face/sequelize/node_modules/_egg-multipart@2.10.1@egg-multipart/app/schedule/clean_tmpdir.js
2020-01-11 22:51:08,915 INFO 50461 [egg-schedule]: register schedule /Users/abser/go/src/github.com/yhyddr/projector/face/sequelize/node_modules/_egg-logrotator@3.1.0@egg-logrotator/app/schedule/clean_log.js
2020-01-11 22:51:08,915 INFO 50461 [egg-schedule]: register schedule /Users/abser/go/src/github.com/yhyddr/projector/face/sequelize/node_modules/_egg-logrotator@3.1.0@egg-logrotator/app/schedule/rotate_by_file.js
2020-01-11 22:52:24,673 INFO 50497 [egg-schedule]: register schedule /Users/abser/go/src/github.com/yhyddr/projector/face/sequelize/node_modules/_egg-multipart@2.10.1@egg-multipart/app/schedule/clean_tmpdir.js
2020-01-11 22:52:24,673 INFO 50497 [egg-schedule]: register schedule /Users/abser/go/src/github.com/yhyddr/projector/face/sequelize/node_modules/_egg-logrotator@3.1.0@egg-logrotator/app/schedule/clean_log.js
2020-01-11 22:52:24,674 INFO 50497 [egg-schedule]: register schedule /Users/abser/go/src/github.com/yhyddr/projector/face/sequelize/node_modules/_egg-logrotator@3.1.0@egg-logrotator/app/schedule/rotate_by_file.js
2020-01-11 22:53:21,771 INFO 50545 [egg-schedule]: register schedule /Users/abser/go/src/github.com/yhyddr/projector/face/sequelize/node_modules/_egg-multipart@2.10.1@egg-multipart/app/schedule/clean_tmpdir.js
2020-01-11 22:53:21,771 INFO 50545 [egg-schedule]: register schedule /Users/abser/go/src/github.com/yhyddr/projector/face/sequelize/node_modules/_egg-logrotator@3.1.0@egg-logrotator/app/schedule/clean_log.js
2020-01-11 22:53:21,771 INFO 50545 [egg-schedule]: register schedule /Users/abser/go/src/github.com/yhyddr/projector/face/sequelize/node_modules/_egg-logrotator@3.1.0@egg-logrotator/app/schedule/rotate_by_file.js
2020-01-11 22:53:53,845 INFO 50568 [egg-schedule]: register schedule /Users/abser/go/src/github.com/yhyddr/projector/face/sequelize/node_modules/_egg-multipart@2.10.1@egg-multipart/app/schedule/clean_tmpdir.js
2020-01-11 22:53:53,845 INFO 50568 [egg-schedule]: register schedule /Users/abser/go/src/github.com/yhyddr/projector/face/sequelize/node_modules/_egg-logrotator@3.1.0@egg-logrotator/app/schedule/clean_log.js
2020-01-11 22:53:53,845 INFO 50568 [egg-schedule]: register schedule /Users/abser/go/src/github.com/yhyddr/projector/face/sequelize/node_modules/_egg-logrotator@3.1.0@egg-logrotator/app/schedule/rotate_by_file.js
2020-01-11 22:53:57,623 INFO 50575 [egg-schedule]: register schedule /Users/abser/go/src/github.com/yhyddr/projector/face/sequelize/node_modules/_egg-multipart@2.10.1@egg-multipart/app/schedule/clean_tmpdir.js
2020-01-11 22:53:57,623 INFO 50575 [egg-schedule]: register schedule /Users/abser/go/src/github.com/yhyddr/projector/face/sequelize/node_modules/_egg-logrotator@3.1.0@egg-logrotator/app/schedule/clean_log.js
2020-01-11 22:53:57,623 INFO 50575 [egg-schedule]: register schedule /Users/abser/go/src/github.com/yhyddr/projector/face/sequelize/node_modules/_egg-logrotator@3.1.0@egg-logrotator/app/schedule/rotate_by_file.js
2020-01-11 22:54:02,854 INFO 50576 [egg-schedule]: register schedule /Users/abser/go/src/github.com/yhyddr/projector/face/sequelize/node_modules/_egg-multipart@2.10.1@egg-multipart/app/schedule/clean_tmpdir.js
2020-01-11 22:54:02,854 INFO 50576 [egg-schedule]: register schedule /Users/abser/go/src/github.com/yhyddr/projector/face/sequelize/node_modules/_egg-logrotator@3.1.0@egg-logrotator/app/schedule/clean_log.js
2020-01-11 22:54:02,854 INFO 50576 [egg-schedule]: register schedule /Users/abser/go/src/github.com/yhyddr/projector/face/sequelize/node_modules/_egg-logrotator@3.1.0@egg-logrotator/app/schedule/rotate_by_file.js
2020-01-11 22:56:43,790 INFO 50633 [egg-schedule]: register schedule /Users/abser/go/src/github.com/yhyddr/projector/face/sequelize/node_modules/_egg-multipart@2.10.1@egg-multipart/app/schedule/clean_tmpdir.js
2020-01-11 22:56:43,790 INFO 50633 [egg-schedule]: register schedule /Users/abser/go/src/github.com/yhyddr/projector/face/sequelize/node_modules/_egg-logrotator@3.1.0@egg-logrotator/app/schedule/clean_log.js
2020-01-11 22:56:43,790 INFO 50633 [egg-schedule]: register schedule /Users/abser/go/src/github.com/yhyddr/projector/face/sequelize/node_modules/_egg-logrotator@3.1.0@egg-logrotator/app/schedule/rotate_by_file.js
2020-01-11 22:57:01,962 INFO 50657 [egg-schedule]: register schedule /Users/abser/go/src/github.com/yhyddr/projector/face/sequelize/node_modules/_egg-multipart@2.10.1@egg-multipart/app/schedule/clean_tmpdir.js
2020-01-11 22:57:01,962 INFO 50657 [egg-schedule]: register schedule /Users/abser/go/src/github.com/yhyddr/projector/face/sequelize/node_modules/_egg-logrotator@3.1.0@egg-logrotator/app/schedule/clean_log.js
2020-01-11 22:57:01,962 INFO 50657 [egg-schedule]: register schedule /Users/abser/go/src/github.com/yhyddr/projector/face/sequelize/node_modules/_egg-logrotator@3.1.0@egg-logrotator/app/schedule/rotate_by_file.js
2020-01-11 22:57:33,944 INFO 50697 [egg-schedule]: register schedule /Users/abser/go/src/github.com/yhyddr/projector/face/sequelize/node_modules/_egg-multipart@2.10.1@egg-multipart/app/schedule/clean_tmpdir.js
2020-01-11 22:57:33,944 INFO 50697 [egg-schedule]: register schedule /Users/abser/go/src/github.com/yhyddr/projector/face/sequelize/node_modules/_egg-logrotator@3.1.0@egg-logrotator/app/schedule/clean_log.js
2020-01-11 22:57:33,944 INFO 50697 [egg-schedule]: register schedule /Users/abser/go/src/github.com/yhyddr/projector/face/sequelize/node_modules/_egg-logrotator@3.1.0@egg-logrotator/app/schedule/rotate_by_file.js
2020-01-11 22:57:56,549 INFO 50721 [egg-schedule]: register schedule /Users/abser/go/src/github.com/yhyddr/projector/face/sequelize/node_modules/_egg-multipart@2.10.1@egg-multipart/app/schedule/clean_tmpdir.js
2020-01-11 22:57:56,549 INFO 50721 [egg-schedule]: register schedule /Users/abser/go/src/github.com/yhyddr/projector/face/sequelize/node_modules/_egg-logrotator@3.1.0@egg-logrotator/app/schedule/clean_log.js
2020-01-11 22:57:56,549 INFO 50721 [egg-schedule]: register schedule /Users/abser/go/src/github.com/yhyddr/projector/face/sequelize/node_modules/_egg-logrotator@3.1.0@egg-logrotator/app/schedule/rotate_by_file.js
2020-01-11 22:59:20,166 INFO 50755 [egg-schedule]: register schedule /Users/abser/go/src/github.com/yhyddr/projector/face/sequelize/node_modules/_egg-multipart@2.10.1@egg-multipart/app/schedule/clean_tmpdir.js
2020-01-11 22:59:20,166 INFO 50755 [egg-schedule]: register schedule /Users/abser/go/src/github.com/yhyddr/projector/face/sequelize/node_modules/_egg-logrotator@3.1.0@egg-logrotator/app/schedule/clean_log.js
2020-01-11 22:59:20,166 INFO 50755 [egg-schedule]: register schedule /Users/abser/go/src/github.com/yhyddr/projector/face/sequelize/node_modules/_egg-logrotator@3.1.0@egg-logrotator/app/schedule/rotate_by_file.js
2020-01-11 23:04:15,726 INFO 50879 [egg-schedule]: register schedule /Users/abser/go/src/github.com/yhyddr/projector/face/sequelize/node_modules/_egg-multipart@2.10.1@egg-multipart/app/schedule/clean_tmpdir.js
2020-01-11 23:04:15,726 INFO 50879 [egg-schedule]: register schedule /Users/abser/go/src/github.com/yhyddr/projector/face/sequelize/node_modules/_egg-logrotator@3.1.0@egg-logrotator/app/schedule/clean_log.js
2020-01-11 23:04:15,726 INFO 50879 [egg-schedule]: register schedule /Users/abser/go/src/github.com/yhyddr/projector/face/sequelize/node_modules/_egg-logrotator@3.1.0@egg-logrotator/app/schedule/rotate_by_file.js
2020-01-12 00:37:45,813 INFO 53988 [egg-schedule]: register schedule /Users/abser/go/src/github.com/yhyddr/projector/face/sequelize/node_modules/_egg-multipart@2.10.1@egg-multipart/app/schedule/clean_tmpdir.js
2020-01-12 00:37:45,813 INFO 53988 [egg-schedule]: register schedule /Users/abser/go/src/github.com/yhyddr/projector/face/sequelize/node_modules/_egg-logrotator@3.1.0@egg-logrotator/app/schedule/clean_log.js
2020-01-12 00:37:45,813 INFO 53988 [egg-schedule]: register schedule /Users/abser/go/src/github.com/yhyddr/projector/face/sequelize/node_modules/_egg-logrotator@3.1.0@egg-logrotator/app/schedule/rotate_by_file.js
2020-01-12 00:37:47,477 INFO 53986 [Timer] /Users/abser/go/src/github.com/yhyddr/projector/face/sequelize/node_modules/_egg-multipart@2.10.1@egg-multipart/app/schedule/clean_tmpdir.js next time will execute after 13932527ms at 2020-01-12 04:30:00.003
2020-01-12 00:37:47,478 INFO 53986 [Timer] /Users/abser/go/src/github.com/yhyddr/projector/face/sequelize/node_modules/_egg-logrotator@3.1.0@egg-logrotator/app/schedule/clean_log.js next time will execute after 84132523ms at 2020-01-13 00:00:00.001
2020-01-12 00:37:47,479 INFO 53986 [Timer] /Users/abser/go/src/github.com/yhyddr/projector/face/sequelize/node_modules/_egg-logrotator@3.1.0@egg-logrotator/app/schedule/rotate_by_file.js next time will execute after 84133522ms at 2020-01-13 00:00:01.001
