2020-01-11 15:41:42,066 INFO 36411 [egg-sequelize](3ms) Executed (default): SELECT 1+1 AS result
2020-01-11 15:42:15,785 INFO 36411 [egg-sequelize](22ms) Executed (default): SELECT `id`, `name`, `age`, `created_at`, `updated_at`, `created_at` AS `createdAt`, `updated_at` AS `updatedAt` FROM `users` AS `user` ORDER BY `user`.`created_at` DESC, `user`.`id` DESC LIMIT 0, 10;
2020-01-11 15:42:15,803 INFO 36411 [egg-sequelize](38ms) Executed (default): SELECT count(*) AS `count` FROM `users` AS `user`;
2020-01-11 15:44:04,663 INFO 36411 [egg-sequelize](8ms) Executed (default): SELECT `id`, `name`, `age`, `created_at`, `updated_at`, `created_at` AS `createdAt`, `updated_at` AS `updatedAt` FROM `users` AS `user` WHERE `user`.`id` = 0;
2020-01-11 15:44:04,679 WARN 36411 [-/127.0.0.1/-/81ms GET /users/show] nodejs.NotFoundError: user not found
    at Object.throw (/Users/abser/go/src/github.com/yhyddr/projector/face/sequelize/node_modules/_koa@2.11.0@koa/lib/context.js:97:11)
    at User.find (/Users/abser/go/src/github.com/yhyddr/projector/face/sequelize/app/service/user.js:17:21)
    at async UserController.show (/Users/abser/go/src/github.com/yhyddr/projector/face/sequelize/app/controller/user.js:17:16)
    at async /Users/abser/go/src/github.com/yhyddr/projector/face/sequelize/node_modules/_egg-development@2.4.3@egg-development/app/middleware/egg_loader_trace.js:9:50
    at async xframe (/Users/abser/go/src/github.com/yhyddr/projector/face/sequelize/node_modules/_egg-security@2.7.1@egg-security/lib/middlewares/xframe.js:7:5)
    at async xssProtection (/Users/abser/go/src/github.com/yhyddr/projector/face/sequelize/node_modules/_egg-security@2.7.1@egg-security/lib/middlewares/xssProtection.js:7:5)
    at async nosniff (/Users/abser/go/src/github.com/yhyddr/projector/face/sequelize/node_modules/_egg-security@2.7.1@egg-security/lib/middlewares/nosniff.js:8:5)
    at async noopen (/Users/abser/go/src/github.com/yhyddr/projector/face/sequelize/node_modules/_egg-security@2.7.1@egg-security/lib/middlewares/noopen.js:8:5)
    at async session (/Users/abser/go/src/github.com/yhyddr/projector/face/sequelize/node_modules/_koa-session@5.12.3@koa-session/index.js:41:7)
    at async bodyParser (/Users/abser/go/src/github.com/yhyddr/projector/face/sequelize/node_modules/_koa-bodyparser@4.2.1@koa-bodyparser/index.js:86:5)
    at async /Users/abser/go/src/github.com/yhyddr/projector/face/sequelize/node_modules/_koa-static-cache@5.1.2@koa-static-cache/index.js:53:56
    at async notfound (/Users/abser/go/src/github.com/yhyddr/projector/face/sequelize/node_modules/_egg@2.26.0@egg/app/middleware/notfound.js:5:5)
    at async meta (/Users/abser/go/src/github.com/yhyddr/projector/face/sequelize/node_modules/_egg@2.26.0@egg/app/middleware/meta.js:12:5)
message: "user not found"
pid: 36411
hostname: ArideMacBook-Air.local

2020-01-11 15:44:16,080 INFO 36411 [egg-sequelize](12ms) Executed (default): SELECT `id`, `name`, `age`, `created_at`, `updated_at`, `created_at` AS `createdAt`, `updated_at` AS `updatedAt` FROM `users` AS `user` WHERE `user`.`id` = 0;
2020-01-11 15:44:16,082 WARN 36411 [-/127.0.0.1/-/41ms GET /users/index] nodejs.NotFoundError: user not found
    at Object.throw (/Users/abser/go/src/github.com/yhyddr/projector/face/sequelize/node_modules/_koa@2.11.0@koa/lib/context.js:97:11)
    at User.find (/Users/abser/go/src/github.com/yhyddr/projector/face/sequelize/app/service/user.js:17:21)
    at async UserController.show (/Users/abser/go/src/github.com/yhyddr/projector/face/sequelize/app/controller/user.js:17:16)
    at async /Users/abser/go/src/github.com/yhyddr/projector/face/sequelize/node_modules/_egg-development@2.4.3@egg-development/app/middleware/egg_loader_trace.js:9:50
    at async xframe (/Users/abser/go/src/github.com/yhyddr/projector/face/sequelize/node_modules/_egg-security@2.7.1@egg-security/lib/middlewares/xframe.js:7:5)
    at async xssProtection (/Users/abser/go/src/github.com/yhyddr/projector/face/sequelize/node_modules/_egg-security@2.7.1@egg-security/lib/middlewares/xssProtection.js:7:5)
    at async nosniff (/Users/abser/go/src/github.com/yhyddr/projector/face/sequelize/node_modules/_egg-security@2.7.1@egg-security/lib/middlewares/nosniff.js:8:5)
    at async noopen (/Users/abser/go/src/github.com/yhyddr/projector/face/sequelize/node_modules/_egg-security@2.7.1@egg-security/lib/middlewares/noopen.js:8:5)
    at async session (/Users/abser/go/src/github.com/yhyddr/projector/face/sequelize/node_modules/_koa-session@5.12.3@koa-session/index.js:41:7)
    at async bodyParser (/Users/abser/go/src/github.com/yhyddr/projector/face/sequelize/node_modules/_koa-bodyparser@4.2.1@koa-bodyparser/index.js:86:5)
    at async /Users/abser/go/src/github.com/yhyddr/projector/face/sequelize/node_modules/_koa-static-cache@5.1.2@koa-static-cache/index.js:53:56
    at async notfound (/Users/abser/go/src/github.com/yhyddr/projector/face/sequelize/node_modules/_egg@2.26.0@egg/app/middleware/notfound.js:5:5)
    at async meta (/Users/abser/go/src/github.com/yhyddr/projector/face/sequelize/node_modules/_egg@2.26.0@egg/app/middleware/meta.js:12:5)
message: "user not found"
pid: 36411
hostname: ArideMacBook-Air.local

2020-01-11 15:44:27,229 INFO 36411 [egg-sequelize](6ms) Executed (default): SELECT count(*) AS `count` FROM `users` AS `user`;
2020-01-11 15:44:27,232 INFO 36411 [egg-sequelize](8ms) Executed (default): SELECT `id`, `name`, `age`, `created_at`, `updated_at`, `created_at` AS `createdAt`, `updated_at` AS `updatedAt` FROM `users` AS `user` ORDER BY `user`.`created_at` DESC, `user`.`id` DESC LIMIT 0, 10;
2020-01-11 16:09:41,288 INFO 36411 [egg-sequelize](17ms) Executed (default): SELECT count(*) AS `count` FROM `users` AS `user`;
2020-01-11 16:09:41,290 INFO 36411 [egg-sequelize](19ms) Executed (default): SELECT `id`, `name`, `age`, `created_at`, `updated_at`, `created_at` AS `createdAt`, `updated_at` AS `updatedAt` FROM `users` AS `user` ORDER BY `user`.`created_at` DESC, `user`.`id` DESC LIMIT 0, 10;
2020-01-11 16:10:45,662 INFO 36411 [egg-sequelize](44ms) Executed (default): SELECT count(*) AS `count` FROM `users` AS `user`;
2020-01-11 16:10:45,677 INFO 36411 [egg-sequelize](56ms) Executed (default): SELECT `id`, `name`, `age`, `created_at`, `updated_at`, `created_at` AS `createdAt`, `updated_at` AS `updatedAt` FROM `users` AS `user` ORDER BY `user`.`created_at` DESC, `user`.`id` DESC LIMIT 0, 10;
2020-01-11 16:10:52,582 INFO 36411 [egg-sequelize](3ms) Executed (default): SELECT `id`, `name`, `age`, `created_at`, `updated_at`, `created_at` AS `createdAt`, `updated_at` AS `updatedAt` FROM `users` AS `user` ORDER BY `user`.`created_at` DESC, `user`.`id` DESC LIMIT 0, 10;
2020-01-11 16:10:52,584 INFO 36411 [egg-sequelize](5ms) Executed (default): SELECT count(*) AS `count` FROM `users` AS `user`;
2020-01-11 16:10:54,738 INFO 36411 [egg-sequelize](2ms) Executed (default): SELECT count(*) AS `count` FROM `users` AS `user`;
2020-01-11 16:10:54,739 INFO 36411 [egg-sequelize](2ms) Executed (default): SELECT `id`, `name`, `age`, `created_at`, `updated_at`, `created_at` AS `createdAt`, `updated_at` AS `updatedAt` FROM `users` AS `user` ORDER BY `user`.`created_at` DESC, `user`.`id` DESC LIMIT 0, 10;
2020-01-11 16:10:55,741 INFO 36411 [egg-sequelize](3ms) Executed (default): SELECT count(*) AS `count` FROM `users` AS `user`;
2020-01-11 16:10:55,742 INFO 36411 [egg-sequelize](4ms) Executed (default): SELECT `id`, `name`, `age`, `created_at`, `updated_at`, `created_at` AS `createdAt`, `updated_at` AS `updatedAt` FROM `users` AS `user` ORDER BY `user`.`created_at` DESC, `user`.`id` DESC LIMIT 0, 10;
2020-01-11 16:10:56,121 INFO 36411 [egg-sequelize](3ms) Executed (default): SELECT count(*) AS `count` FROM `users` AS `user`;
2020-01-11 16:10:56,121 INFO 36411 [egg-sequelize](3ms) Executed (default): SELECT `id`, `name`, `age`, `created_at`, `updated_at`, `created_at` AS `createdAt`, `updated_at` AS `updatedAt` FROM `users` AS `user` ORDER BY `user`.`created_at` DESC, `user`.`id` DESC LIMIT 0, 10;
2020-01-11 16:10:56,762 INFO 36411 [egg-sequelize](2ms) Executed (default): SELECT count(*) AS `count` FROM `users` AS `user`;
2020-01-11 16:10:56,764 INFO 36411 [egg-sequelize](4ms) Executed (default): SELECT `id`, `name`, `age`, `created_at`, `updated_at`, `created_at` AS `createdAt`, `updated_at` AS `updatedAt` FROM `users` AS `user` ORDER BY `user`.`created_at` DESC, `user`.`id` DESC LIMIT 0, 10;
2020-01-11 16:10:57,050 INFO 36411 [egg-sequelize](4ms) Executed (default): SELECT count(*) AS `count` FROM `users` AS `user`;
2020-01-11 16:10:57,051 INFO 36411 [egg-sequelize](5ms) Executed (default): SELECT `id`, `name`, `age`, `created_at`, `updated_at`, `created_at` AS `createdAt`, `updated_at` AS `updatedAt` FROM `users` AS `user` ORDER BY `user`.`created_at` DESC, `user`.`id` DESC LIMIT 0, 10;
2020-01-11 16:10:57,662 INFO 36411 [egg-sequelize](2ms) Executed (default): SELECT count(*) AS `count` FROM `users` AS `user`;
2020-01-11 16:10:57,663 INFO 36411 [egg-sequelize](3ms) Executed (default): SELECT `id`, `name`, `age`, `created_at`, `updated_at`, `created_at` AS `createdAt`, `updated_at` AS `updatedAt` FROM `users` AS `user` ORDER BY `user`.`created_at` DESC, `user`.`id` DESC LIMIT 0, 10;
2020-01-11 16:19:24,227 INFO 39638 [egg-sequelize](6ms) Executed (default): SELECT 1+1 AS result
2020-01-11 16:20:44,436 INFO 39688 [egg-sequelize](7ms) Executed (default): SELECT 1+1 AS result
2020-01-11 16:34:33,654 INFO 40280 [egg-sequelize](7ms) Executed (default): SELECT 1+1 AS result
2020-01-11 16:34:50,466 INFO 40280 [egg-sequelize](8ms) Executed (default): SELECT `id`, `name`, `age`, `created_at`, `updated_at`, `created_at` AS `createdAt`, `updated_at` AS `updatedAt` FROM `users` AS `user` ORDER BY `user`.`created_at` DESC, `user`.`id` DESC LIMIT 0, 10;
2020-01-11 16:34:50,471 INFO 40280 [egg-sequelize](15ms) Executed (default): SELECT count(*) AS `count` FROM `users` AS `user`;
2020-01-11 16:39:27,227 INFO 40427 [egg-sequelize](3ms) Executed (default): SELECT 1+1 AS result
2020-01-11 16:40:10,337 INFO 40468 [egg-sequelize](6ms) Executed (default): SELECT 1+1 AS result
2020-01-11 16:40:26,503 INFO 40489 [egg-sequelize](4ms) Executed (default): SELECT 1+1 AS result
2020-01-11 16:43:15,742 INFO 40599 [egg-sequelize](3ms) Executed (default): SELECT 1+1 AS result
2020-01-11 16:43:18,365 ERROR 40599 [-/127.0.0.1/-/11ms GET /image] nodejs.ReferenceError: id is not defined
    at ImageInfoController.index (/Users/abser/go/src/github.com/yhyddr/projector/face/sequelize/app/controller/image.js:37:8)
    at Object.callFn (/Users/abser/go/src/github.com/yhyddr/projector/face/sequelize/node_modules/_egg-core@4.17.4@egg-core/lib/utils/index.js:44:21)
    at Object.classControllerMiddleware (/Users/abser/go/src/github.com/yhyddr/projector/face/sequelize/node_modules/_egg-core@4.17.4@egg-core/lib/loader/mixin/controller.js:87:20)
    at Object.callFn (/Users/abser/go/src/github.com/yhyddr/projector/face/sequelize/node_modules/_@eggjs_router@2.0.0@@eggjs/router/lib/utils.js:12:21)
    at wrappedController (/Users/abser/go/src/github.com/yhyddr/projector/face/sequelize/node_modules/_@eggjs_router@2.0.0@@eggjs/router/lib/egg_router.js:322:18)
    at dispatch (/Users/abser/go/src/github.com/yhyddr/projector/face/sequelize/node_modules/_koa-compose@3.2.1@koa-compose/index.js:44:32)
    at next (/Users/abser/go/src/github.com/yhyddr/projector/face/sequelize/node_modules/_koa-compose@3.2.1@koa-compose/index.js:45:18)
    at /Users/abser/go/src/github.com/yhyddr/projector/face/sequelize/node_modules/_@eggjs_router@2.0.0@@eggjs/router/lib/router.js:190:18
    at dispatch (/Users/abser/go/src/github.com/yhyddr/projector/face/sequelize/node_modules/_koa-compose@3.2.1@koa-compose/index.js:44:32)
    at /Users/abser/go/src/github.com/yhyddr/projector/face/sequelize/node_modules/_koa-compose@3.2.1@koa-compose/index.js:36:12
    at dispatch (/Users/abser/go/src/github.com/yhyddr/projector/face/sequelize/node_modules/_@eggjs_router@2.0.0@@eggjs/router/lib/router.js:195:33)
    at dispatch (/Users/abser/go/src/github.com/yhyddr/projector/face/sequelize/node_modules/_koa-compose@4.1.0@koa-compose/index.js:42:32)
    at /Users/abser/go/src/github.com/yhyddr/projector/face/sequelize/node_modules/_egg-development@2.4.3@egg-development/app/middleware/egg_loader_trace.js:9:56
    at dispatch (/Users/abser/go/src/github.com/yhyddr/projector/face/sequelize/node_modules/_koa-compose@4.1.0@koa-compose/index.js:42:32)
    at i18n (/Users/abser/go/src/github.com/yhyddr/projector/face/sequelize/node_modules/_egg-i18n@2.1.1@egg-i18n/app/middleware/i18n.js:13:12)
    at dispatch (/Users/abser/go/src/github.com/yhyddr/projector/face/sequelize/node_modules/_koa-compose@4.1.0@koa-compose/index.js:42:32)
    at dispatch (/Users/abser/go/src/github.com/yhyddr/projector/face/sequelize/node_modules/_koa-compose@4.1.0@koa-compose/index.js:42:32)
    at dta (/Users/abser/go/src/github.com/yhyddr/projector/face/sequelize/node_modules/_egg-security@2.7.1@egg-security/lib/middlewares/dta.js:12:12)
    at dispatch (/Users/abser/go/src/github.com/yhyddr/projector/face/sequelize/node_modules/_koa-compose@4.1.0@koa-compose/index.js:42:32)
    at xframe (/Users/abser/go/src/github.com/yhyddr/projector/face/sequelize/node_modules/_egg-security@2.7.1@egg-security/lib/middlewares/xframe.js:7:11)
    at dispatch (/Users/abser/go/src/github.com/yhyddr/projector/face/sequelize/node_modules/_koa-compose@4.1.0@koa-compose/index.js:42:32)
    at xssProtection (/Users/abser/go/src/github.com/yhyddr/projector/face/sequelize/node_modules/_egg-security@2.7.1@egg-security/lib/middlewares/xssProtection.js:7:11)

pid: 40599
hostname: ArideMacBook-Air.local

2020-01-11 16:43:29,889 ERROR 40599 [-/127.0.0.1/-/0ms GET /image] nodejs.ReferenceError: id is not defined
    at ImageInfoController.index (/Users/abser/go/src/github.com/yhyddr/projector/face/sequelize/app/controller/image.js:37:8)
    at Object.callFn (/Users/abser/go/src/github.com/yhyddr/projector/face/sequelize/node_modules/_egg-core@4.17.4@egg-core/lib/utils/index.js:44:21)
    at Object.classControllerMiddleware (/Users/abser/go/src/github.com/yhyddr/projector/face/sequelize/node_modules/_egg-core@4.17.4@egg-core/lib/loader/mixin/controller.js:87:20)
    at Object.callFn (/Users/abser/go/src/github.com/yhyddr/projector/face/sequelize/node_modules/_@eggjs_router@2.0.0@@eggjs/router/lib/utils.js:12:21)
    at wrappedController (/Users/abser/go/src/github.com/yhyddr/projector/face/sequelize/node_modules/_@eggjs_router@2.0.0@@eggjs/router/lib/egg_router.js:322:18)
    at dispatch (/Users/abser/go/src/github.com/yhyddr/projector/face/sequelize/node_modules/_koa-compose@3.2.1@koa-compose/index.js:44:32)
    at next (/Users/abser/go/src/github.com/yhyddr/projector/face/sequelize/node_modules/_koa-compose@3.2.1@koa-compose/index.js:45:18)
    at /Users/abser/go/src/github.com/yhyddr/projector/face/sequelize/node_modules/_@eggjs_router@2.0.0@@eggjs/router/lib/router.js:190:18
    at dispatch (/Users/abser/go/src/github.com/yhyddr/projector/face/sequelize/node_modules/_koa-compose@3.2.1@koa-compose/index.js:44:32)
    at /Users/abser/go/src/github.com/yhyddr/projector/face/sequelize/node_modules/_koa-compose@3.2.1@koa-compose/index.js:36:12
    at dispatch (/Users/abser/go/src/github.com/yhyddr/projector/face/sequelize/node_modules/_@eggjs_router@2.0.0@@eggjs/router/lib/router.js:195:33)
    at dispatch (/Users/abser/go/src/github.com/yhyddr/projector/face/sequelize/node_modules/_koa-compose@4.1.0@koa-compose/index.js:42:32)
    at /Users/abser/go/src/github.com/yhyddr/projector/face/sequelize/node_modules/_egg-development@2.4.3@egg-development/app/middleware/egg_loader_trace.js:9:56
    at dispatch (/Users/abser/go/src/github.com/yhyddr/projector/face/sequelize/node_modules/_koa-compose@4.1.0@koa-compose/index.js:42:32)
    at i18n (/Users/abser/go/src/github.com/yhyddr/projector/face/sequelize/node_modules/_egg-i18n@2.1.1@egg-i18n/app/middleware/i18n.js:13:12)
    at dispatch (/Users/abser/go/src/github.com/yhyddr/projector/face/sequelize/node_modules/_koa-compose@4.1.0@koa-compose/index.js:42:32)
    at dispatch (/Users/abser/go/src/github.com/yhyddr/projector/face/sequelize/node_modules/_koa-compose@4.1.0@koa-compose/index.js:42:32)
    at dta (/Users/abser/go/src/github.com/yhyddr/projector/face/sequelize/node_modules/_egg-security@2.7.1@egg-security/lib/middlewares/dta.js:12:12)
    at dispatch (/Users/abser/go/src/github.com/yhyddr/projector/face/sequelize/node_modules/_koa-compose@4.1.0@koa-compose/index.js:42:32)
    at xframe (/Users/abser/go/src/github.com/yhyddr/projector/face/sequelize/node_modules/_egg-security@2.7.1@egg-security/lib/middlewares/xframe.js:7:11)
    at dispatch (/Users/abser/go/src/github.com/yhyddr/projector/face/sequelize/node_modules/_koa-compose@4.1.0@koa-compose/index.js:42:32)
    at xssProtection (/Users/abser/go/src/github.com/yhyddr/projector/face/sequelize/node_modules/_egg-security@2.7.1@egg-security/lib/middlewares/xssProtection.js:7:11)

pid: 40599
hostname: ArideMacBook-Air.local

2020-01-11 16:43:32,853 ERROR 40599 [-/127.0.0.1/-/2ms GET /image] nodejs.ReferenceError: id is not defined
    at ImageInfoController.index (/Users/abser/go/src/github.com/yhyddr/projector/face/sequelize/app/controller/image.js:37:8)
    at Object.callFn (/Users/abser/go/src/github.com/yhyddr/projector/face/sequelize/node_modules/_egg-core@4.17.4@egg-core/lib/utils/index.js:44:21)
    at Object.classControllerMiddleware (/Users/abser/go/src/github.com/yhyddr/projector/face/sequelize/node_modules/_egg-core@4.17.4@egg-core/lib/loader/mixin/controller.js:87:20)
    at Object.callFn (/Users/abser/go/src/github.com/yhyddr/projector/face/sequelize/node_modules/_@eggjs_router@2.0.0@@eggjs/router/lib/utils.js:12:21)
    at wrappedController (/Users/abser/go/src/github.com/yhyddr/projector/face/sequelize/node_modules/_@eggjs_router@2.0.0@@eggjs/router/lib/egg_router.js:322:18)
    at dispatch (/Users/abser/go/src/github.com/yhyddr/projector/face/sequelize/node_modules/_koa-compose@3.2.1@koa-compose/index.js:44:32)
    at next (/Users/abser/go/src/github.com/yhyddr/projector/face/sequelize/node_modules/_koa-compose@3.2.1@koa-compose/index.js:45:18)
    at /Users/abser/go/src/github.com/yhyddr/projector/face/sequelize/node_modules/_@eggjs_router@2.0.0@@eggjs/router/lib/router.js:190:18
    at dispatch (/Users/abser/go/src/github.com/yhyddr/projector/face/sequelize/node_modules/_koa-compose@3.2.1@koa-compose/index.js:44:32)
    at /Users/abser/go/src/github.com/yhyddr/projector/face/sequelize/node_modules/_koa-compose@3.2.1@koa-compose/index.js:36:12
    at dispatch (/Users/abser/go/src/github.com/yhyddr/projector/face/sequelize/node_modules/_@eggjs_router@2.0.0@@eggjs/router/lib/router.js:195:33)
    at dispatch (/Users/abser/go/src/github.com/yhyddr/projector/face/sequelize/node_modules/_koa-compose@4.1.0@koa-compose/index.js:42:32)
    at /Users/abser/go/src/github.com/yhyddr/projector/face/sequelize/node_modules/_egg-development@2.4.3@egg-development/app/middleware/egg_loader_trace.js:9:56
    at dispatch (/Users/abser/go/src/github.com/yhyddr/projector/face/sequelize/node_modules/_koa-compose@4.1.0@koa-compose/index.js:42:32)
    at i18n (/Users/abser/go/src/github.com/yhyddr/projector/face/sequelize/node_modules/_egg-i18n@2.1.1@egg-i18n/app/middleware/i18n.js:13:12)
    at dispatch (/Users/abser/go/src/github.com/yhyddr/projector/face/sequelize/node_modules/_koa-compose@4.1.0@koa-compose/index.js:42:32)
    at dispatch (/Users/abser/go/src/github.com/yhyddr/projector/face/sequelize/node_modules/_koa-compose@4.1.0@koa-compose/index.js:42:32)
    at dta (/Users/abser/go/src/github.com/yhyddr/projector/face/sequelize/node_modules/_egg-security@2.7.1@egg-security/lib/middlewares/dta.js:12:12)
    at dispatch (/Users/abser/go/src/github.com/yhyddr/projector/face/sequelize/node_modules/_koa-compose@4.1.0@koa-compose/index.js:42:32)
    at xframe (/Users/abser/go/src/github.com/yhyddr/projector/face/sequelize/node_modules/_egg-security@2.7.1@egg-security/lib/middlewares/xframe.js:7:11)
    at dispatch (/Users/abser/go/src/github.com/yhyddr/projector/face/sequelize/node_modules/_koa-compose@4.1.0@koa-compose/index.js:42:32)
    at xssProtection (/Users/abser/go/src/github.com/yhyddr/projector/face/sequelize/node_modules/_egg-security@2.7.1@egg-security/lib/middlewares/xssProtection.js:7:11)

pid: 40599
hostname: ArideMacBook-Air.local

2020-01-11 16:43:37,057 INFO 40628 [egg-sequelize](9ms) Executed (default): SELECT 1+1 AS result
2020-01-11 16:43:53,838 INFO 40628 [egg-sequelize](4ms) Executed (default): SELECT `id`, `name`, `age`, `created_at`, `updated_at`, `created_at` AS `createdAt`, `updated_at` AS `updatedAt` FROM `users` AS `user` WHERE `user`.`id` = 1111;
2020-01-11 16:45:20,701 INFO 40692 [egg-sequelize](4ms) Executed (default): SELECT 1+1 AS result
2020-01-11 16:45:49,036 INFO 40721 [egg-sequelize](3ms) Executed (default): SELECT 1+1 AS result
2020-01-11 16:50:47,264 INFO 40909 [egg-sequelize](8ms) Executed (default): SELECT 1+1 AS result
2020-01-11 16:51:43,704 INFO 40909 [egg-sequelize](8ms) Executed (default): SELECT `id`, `name`, `age`, `created_at`, `updated_at`, `created_at` AS `createdAt`, `updated_at` AS `updatedAt` FROM `users` AS `user` WHERE `user`.`id` = 1111;
2020-01-11 16:52:18,756 INFO 40966 [egg-sequelize](2ms) Executed (default): SELECT 1+1 AS result
2020-01-11 16:52:24,483 INFO 40966 [egg-sequelize](4ms) Executed (default): SELECT `id`, `name`, `age`, `created_at`, `updated_at`, `created_at` AS `createdAt`, `updated_at` AS `updatedAt` FROM `users` AS `user` WHERE `user`.`id` = 1111;
2020-01-11 16:54:00,386 INFO 41037 [egg-sequelize](7ms) Executed (default): SELECT 1+1 AS result
2020-01-11 16:54:50,454 INFO 41087 [egg-sequelize](6ms) Executed (default): SELECT 1+1 AS result
2020-01-11 16:54:52,030 INFO 41087 [egg-sequelize](26ms) Executed (default): SELECT `id`, `name`, `age`, `created_at`, `updated_at`, `created_at` AS `createdAt`, `updated_at` AS `updatedAt` FROM `users` AS `user` WHERE `user`.`id` = 1111;
2020-01-11 16:55:25,483 INFO 41112 [egg-sequelize](5ms) Executed (default): SELECT 1+1 AS result
2020-01-11 16:55:26,185 INFO 41112 [egg-sequelize](16ms) Executed (default): SELECT `id`, `name`, `age`, `created_at`, `updated_at`, `created_at` AS `createdAt`, `updated_at` AS `updatedAt` FROM `users` AS `user` WHERE `user`.`id` = 1111;
2020-01-11 20:34:21,950 INFO 44632 [egg-sequelize](4ms) Executed (default): SELECT 1+1 AS result
2020-01-11 20:34:29,329 INFO 44634 [egg-sequelize](5ms) Executed (default): SELECT 1+1 AS result
2020-01-11 20:35:57,637 INFO 44693 [egg-sequelize](2ms) Executed (default): SELECT 1+1 AS result
2020-01-11 20:36:29,168 INFO 44693 [egg-sequelize](16ms) Executed (default): SELECT count(*) AS `count` FROM `users` AS `user`;
2020-01-11 20:36:29,181 INFO 44693 [egg-sequelize](29ms) Executed (default): SELECT `id`, `name`, `age`, `created_at`, `updated_at`, `created_at` AS `createdAt`, `updated_at` AS `updatedAt` FROM `users` AS `user` ORDER BY `user`.`created_at` DESC, `user`.`id` DESC LIMIT 0, 10;
2020-01-11 20:36:35,081 INFO 44693 [egg-sequelize](9ms) Executed (default): SELECT `id`, `name`, `age`, `created_at`, `updated_at`, `created_at` AS `createdAt`, `updated_at` AS `updatedAt` FROM `users` AS `user` WHERE `user`.`id` = 0;
2020-01-11 20:36:35,087 WARN 44693 [-/127.0.0.1/-/24ms GET /users/show] nodejs.NotFoundError: user not found
    at Object.throw (/Users/abser/go/src/github.com/yhyddr/projector/face/sequelize/node_modules/_koa@2.11.0@koa/lib/context.js:97:11)
    at User.find (/Users/abser/go/src/github.com/yhyddr/projector/face/sequelize/app/service/user.js:17:21)
    at async UserController.show (/Users/abser/go/src/github.com/yhyddr/projector/face/sequelize/app/controller/user.js:17:16)
    at async /Users/abser/go/src/github.com/yhyddr/projector/face/sequelize/node_modules/_egg-development@2.4.3@egg-development/app/middleware/egg_loader_trace.js:9:50
    at async xframe (/Users/abser/go/src/github.com/yhyddr/projector/face/sequelize/node_modules/_egg-security@2.7.1@egg-security/lib/middlewares/xframe.js:7:5)
    at async xssProtection (/Users/abser/go/src/github.com/yhyddr/projector/face/sequelize/node_modules/_egg-security@2.7.1@egg-security/lib/middlewares/xssProtection.js:7:5)
    at async nosniff (/Users/abser/go/src/github.com/yhyddr/projector/face/sequelize/node_modules/_egg-security@2.7.1@egg-security/lib/middlewares/nosniff.js:8:5)
    at async noopen (/Users/abser/go/src/github.com/yhyddr/projector/face/sequelize/node_modules/_egg-security@2.7.1@egg-security/lib/middlewares/noopen.js:8:5)
    at async session (/Users/abser/go/src/github.com/yhyddr/projector/face/sequelize/node_modules/_koa-session@5.12.3@koa-session/index.js:41:7)
    at async bodyParser (/Users/abser/go/src/github.com/yhyddr/projector/face/sequelize/node_modules/_koa-bodyparser@4.2.1@koa-bodyparser/index.js:86:5)
    at async /Users/abser/go/src/github.com/yhyddr/projector/face/sequelize/node_modules/_koa-static-cache@5.1.2@koa-static-cache/index.js:53:56
    at async notfound (/Users/abser/go/src/github.com/yhyddr/projector/face/sequelize/node_modules/_egg@2.26.0@egg/app/middleware/notfound.js:5:5)
    at async meta (/Users/abser/go/src/github.com/yhyddr/projector/face/sequelize/node_modules/_egg@2.26.0@egg/app/middleware/meta.js:12:5)
message: "user not found"
pid: 44693
hostname: ArideMacBook-Air.local

2020-01-11 20:37:12,589 INFO 44693 [egg-sequelize](4ms) Executed (default): SELECT `id`, `name`, `age`, `created_at`, `updated_at`, `created_at` AS `createdAt`, `updated_at` AS `updatedAt` FROM `users` AS `user` WHERE `user`.`id` = 0;
2020-01-11 20:37:12,592 WARN 44693 [-/127.0.0.1/-/37ms GET /users/show?id=111] nodejs.NotFoundError: user not found
    at Object.throw (/Users/abser/go/src/github.com/yhyddr/projector/face/sequelize/node_modules/_koa@2.11.0@koa/lib/context.js:97:11)
    at User.find (/Users/abser/go/src/github.com/yhyddr/projector/face/sequelize/app/service/user.js:17:21)
    at async UserController.show (/Users/abser/go/src/github.com/yhyddr/projector/face/sequelize/app/controller/user.js:17:16)
    at async /Users/abser/go/src/github.com/yhyddr/projector/face/sequelize/node_modules/_egg-development@2.4.3@egg-development/app/middleware/egg_loader_trace.js:9:50
    at async xframe (/Users/abser/go/src/github.com/yhyddr/projector/face/sequelize/node_modules/_egg-security@2.7.1@egg-security/lib/middlewares/xframe.js:7:5)
    at async xssProtection (/Users/abser/go/src/github.com/yhyddr/projector/face/sequelize/node_modules/_egg-security@2.7.1@egg-security/lib/middlewares/xssProtection.js:7:5)
    at async nosniff (/Users/abser/go/src/github.com/yhyddr/projector/face/sequelize/node_modules/_egg-security@2.7.1@egg-security/lib/middlewares/nosniff.js:8:5)
    at async noopen (/Users/abser/go/src/github.com/yhyddr/projector/face/sequelize/node_modules/_egg-security@2.7.1@egg-security/lib/middlewares/noopen.js:8:5)
    at async session (/Users/abser/go/src/github.com/yhyddr/projector/face/sequelize/node_modules/_koa-session@5.12.3@koa-session/index.js:41:7)
    at async bodyParser (/Users/abser/go/src/github.com/yhyddr/projector/face/sequelize/node_modules/_koa-bodyparser@4.2.1@koa-bodyparser/index.js:86:5)
    at async /Users/abser/go/src/github.com/yhyddr/projector/face/sequelize/node_modules/_koa-static-cache@5.1.2@koa-static-cache/index.js:53:56
    at async notfound (/Users/abser/go/src/github.com/yhyddr/projector/face/sequelize/node_modules/_egg@2.26.0@egg/app/middleware/notfound.js:5:5)
    at async meta (/Users/abser/go/src/github.com/yhyddr/projector/face/sequelize/node_modules/_egg@2.26.0@egg/app/middleware/meta.js:12:5)
message: "user not found"
pid: 44693
hostname: ArideMacBook-Air.local

2020-01-11 20:37:15,527 INFO 44693 [egg-sequelize](5ms) Executed (default): SELECT `id`, `name`, `age`, `created_at`, `updated_at`, `created_at` AS `createdAt`, `updated_at` AS `updatedAt` FROM `users` AS `user` WHERE `user`.`id` = 0;
2020-01-11 20:37:15,528 WARN 44693 [-/127.0.0.1/-/9ms GET /users/show?id=1111] nodejs.NotFoundError: user not found
    at Object.throw (/Users/abser/go/src/github.com/yhyddr/projector/face/sequelize/node_modules/_koa@2.11.0@koa/lib/context.js:97:11)
    at User.find (/Users/abser/go/src/github.com/yhyddr/projector/face/sequelize/app/service/user.js:17:21)
    at async UserController.show (/Users/abser/go/src/github.com/yhyddr/projector/face/sequelize/app/controller/user.js:17:16)
    at async /Users/abser/go/src/github.com/yhyddr/projector/face/sequelize/node_modules/_egg-development@2.4.3@egg-development/app/middleware/egg_loader_trace.js:9:50
    at async xframe (/Users/abser/go/src/github.com/yhyddr/projector/face/sequelize/node_modules/_egg-security@2.7.1@egg-security/lib/middlewares/xframe.js:7:5)
    at async xssProtection (/Users/abser/go/src/github.com/yhyddr/projector/face/sequelize/node_modules/_egg-security@2.7.1@egg-security/lib/middlewares/xssProtection.js:7:5)
    at async nosniff (/Users/abser/go/src/github.com/yhyddr/projector/face/sequelize/node_modules/_egg-security@2.7.1@egg-security/lib/middlewares/nosniff.js:8:5)
    at async noopen (/Users/abser/go/src/github.com/yhyddr/projector/face/sequelize/node_modules/_egg-security@2.7.1@egg-security/lib/middlewares/noopen.js:8:5)
    at async session (/Users/abser/go/src/github.com/yhyddr/projector/face/sequelize/node_modules/_koa-session@5.12.3@koa-session/index.js:41:7)
    at async bodyParser (/Users/abser/go/src/github.com/yhyddr/projector/face/sequelize/node_modules/_koa-bodyparser@4.2.1@koa-bodyparser/index.js:86:5)
    at async /Users/abser/go/src/github.com/yhyddr/projector/face/sequelize/node_modules/_koa-static-cache@5.1.2@koa-static-cache/index.js:53:56
    at async notfound (/Users/abser/go/src/github.com/yhyddr/projector/face/sequelize/node_modules/_egg@2.26.0@egg/app/middleware/notfound.js:5:5)
    at async meta (/Users/abser/go/src/github.com/yhyddr/projector/face/sequelize/node_modules/_egg@2.26.0@egg/app/middleware/meta.js:12:5)
message: "user not found"
pid: 44693
hostname: ArideMacBook-Air.local

2020-01-11 20:37:23,140 INFO 44693 [egg-sequelize](7ms) Executed (default): SELECT count(*) AS `count` FROM `users` AS `user`;
2020-01-11 20:37:23,150 INFO 44693 [egg-sequelize](8ms) Executed (default): SELECT `id`, `name`, `age`, `created_at`, `updated_at`, `created_at` AS `createdAt`, `updated_at` AS `updatedAt` FROM `users` AS `user` ORDER BY `user`.`created_at` DESC, `user`.`id` DESC LIMIT 0, 10;
2020-01-11 20:37:53,497 INFO 44693 [egg-sequelize](11ms) Executed (default): SELECT `id`, `name`, `age`, `created_at`, `updated_at`, `created_at` AS `createdAt`, `updated_at` AS `updatedAt` FROM `users` AS `user` WHERE `user`.`id` = 0;
2020-01-11 20:37:53,502 WARN 44693 [-/127.0.0.1/-/61ms GET /users/show?id=1111] nodejs.NotFoundError: user not found
    at Object.throw (/Users/abser/go/src/github.com/yhyddr/projector/face/sequelize/node_modules/_koa@2.11.0@koa/lib/context.js:97:11)
    at User.find (/Users/abser/go/src/github.com/yhyddr/projector/face/sequelize/app/service/user.js:17:21)
    at async UserController.show (/Users/abser/go/src/github.com/yhyddr/projector/face/sequelize/app/controller/user.js:17:16)
    at async /Users/abser/go/src/github.com/yhyddr/projector/face/sequelize/node_modules/_egg-development@2.4.3@egg-development/app/middleware/egg_loader_trace.js:9:50
    at async xframe (/Users/abser/go/src/github.com/yhyddr/projector/face/sequelize/node_modules/_egg-security@2.7.1@egg-security/lib/middlewares/xframe.js:7:5)
    at async xssProtection (/Users/abser/go/src/github.com/yhyddr/projector/face/sequelize/node_modules/_egg-security@2.7.1@egg-security/lib/middlewares/xssProtection.js:7:5)
    at async nosniff (/Users/abser/go/src/github.com/yhyddr/projector/face/sequelize/node_modules/_egg-security@2.7.1@egg-security/lib/middlewares/nosniff.js:8:5)
    at async noopen (/Users/abser/go/src/github.com/yhyddr/projector/face/sequelize/node_modules/_egg-security@2.7.1@egg-security/lib/middlewares/noopen.js:8:5)
    at async session (/Users/abser/go/src/github.com/yhyddr/projector/face/sequelize/node_modules/_koa-session@5.12.3@koa-session/index.js:41:7)
    at async bodyParser (/Users/abser/go/src/github.com/yhyddr/projector/face/sequelize/node_modules/_koa-bodyparser@4.2.1@koa-bodyparser/index.js:86:5)
    at async /Users/abser/go/src/github.com/yhyddr/projector/face/sequelize/node_modules/_koa-static-cache@5.1.2@koa-static-cache/index.js:53:56
    at async notfound (/Users/abser/go/src/github.com/yhyddr/projector/face/sequelize/node_modules/_egg@2.26.0@egg/app/middleware/notfound.js:5:5)
    at async meta (/Users/abser/go/src/github.com/yhyddr/projector/face/sequelize/node_modules/_egg@2.26.0@egg/app/middleware/meta.js:12:5)
message: "user not found"
pid: 44693
hostname: ArideMacBook-Air.local

2020-01-11 20:42:23,501 WARN 44693 [-/127.0.0.1/-/6ms POST /users/show?id=1111] invalid csrf token. See https://eggjs.org/zh-cn/core/security.html#安全威胁csrf的防范
2020-01-11 20:42:23,515 WARN 44693 [-/127.0.0.1/-/21ms POST /users/show?id=1111] nodejs.ForbiddenError: invalid csrf token
    at Object.throw (/Users/abser/go/src/github.com/yhyddr/projector/face/sequelize/node_modules/_koa@2.11.0@koa/lib/context.js:97:11)
    at Object.assertCsrf (/Users/abser/go/src/github.com/yhyddr/projector/face/sequelize/node_modules/_egg-security@2.7.1@egg-security/app/extend/context.js:162:19)
    at csrf (/Users/abser/go/src/github.com/yhyddr/projector/face/sequelize/node_modules/_egg-security@2.7.1@egg-security/lib/middlewares/csrf.js:33:9)
    at dispatch (/Users/abser/go/src/github.com/yhyddr/projector/face/sequelize/node_modules/_koa-compose@4.1.0@koa-compose/index.js:42:32)
    at /Users/abser/go/src/github.com/yhyddr/projector/face/sequelize/node_modules/_koa-compose@4.1.0@koa-compose/index.js:34:12
    at dispatch (/Users/abser/go/src/github.com/yhyddr/projector/face/sequelize/node_modules/_koa-compose@4.1.0@koa-compose/index.js:42:32)
    at session (/Users/abser/go/src/github.com/yhyddr/projector/face/sequelize/node_modules/_koa-session@5.12.3@koa-session/index.js:41:13)
    at dispatch (/Users/abser/go/src/github.com/yhyddr/projector/face/sequelize/node_modules/_koa-compose@4.1.0@koa-compose/index.js:42:32)
    at overrideMethod (/Users/abser/go/src/github.com/yhyddr/projector/face/sequelize/node_modules/_koa-override@3.0.0@koa-override/index.js:38:12)
    at dispatch (/Users/abser/go/src/github.com/yhyddr/projector/face/sequelize/node_modules/_koa-compose@4.1.0@koa-compose/index.js:42:32)
    at bodyParser (/Users/abser/go/src/github.com/yhyddr/projector/face/sequelize/node_modules/_koa-bodyparser@4.2.1@koa-bodyparser/index.js:86:11)
    at processTicksAndRejections (internal/process/task_queues.js:93:5)
    at async /Users/abser/go/src/github.com/yhyddr/projector/face/sequelize/node_modules/_koa-static-cache@5.1.2@koa-static-cache/index.js:51:63
    at async notfound (/Users/abser/go/src/github.com/yhyddr/projector/face/sequelize/node_modules/_egg@2.26.0@egg/app/middleware/notfound.js:5:5)
    at async meta (/Users/abser/go/src/github.com/yhyddr/projector/face/sequelize/node_modules/_egg@2.26.0@egg/app/middleware/meta.js:12:5)
message: "invalid csrf token"
pid: 44693
hostname: ArideMacBook-Air.local

2020-01-11 20:43:18,771 INFO 44961 [egg-sequelize](5ms) Executed (default): SELECT 1+1 AS result
2020-01-11 20:43:56,121 INFO 44961 [egg-sequelize](3ms) Executed (default): SELECT `id`, `name`, `age`, `created_at`, `updated_at`, `created_at` AS `createdAt`, `updated_at` AS `updatedAt` FROM `users` AS `user` WHERE `user`.`id` = 0;
2020-01-11 20:43:56,152 WARN 44961 [-/127.0.0.1/-/75ms GET /users/:111] nodejs.NotFoundError: user not found
    at Object.throw (/Users/abser/go/src/github.com/yhyddr/projector/face/sequelize/node_modules/_koa@2.11.0@koa/lib/context.js:97:11)
    at User.find (/Users/abser/go/src/github.com/yhyddr/projector/face/sequelize/app/service/user.js:17:21)
    at async UserController.show (/Users/abser/go/src/github.com/yhyddr/projector/face/sequelize/app/controller/user.js:17:16)
    at async /Users/abser/go/src/github.com/yhyddr/projector/face/sequelize/node_modules/_egg-development@2.4.3@egg-development/app/middleware/egg_loader_trace.js:9:50
    at async xframe (/Users/abser/go/src/github.com/yhyddr/projector/face/sequelize/node_modules/_egg-security@2.7.1@egg-security/lib/middlewares/xframe.js:7:5)
    at async xssProtection (/Users/abser/go/src/github.com/yhyddr/projector/face/sequelize/node_modules/_egg-security@2.7.1@egg-security/lib/middlewares/xssProtection.js:7:5)
    at async nosniff (/Users/abser/go/src/github.com/yhyddr/projector/face/sequelize/node_modules/_egg-security@2.7.1@egg-security/lib/middlewares/nosniff.js:8:5)
    at async noopen (/Users/abser/go/src/github.com/yhyddr/projector/face/sequelize/node_modules/_egg-security@2.7.1@egg-security/lib/middlewares/noopen.js:8:5)
    at async session (/Users/abser/go/src/github.com/yhyddr/projector/face/sequelize/node_modules/_koa-session@5.12.3@koa-session/index.js:41:7)
    at async bodyParser (/Users/abser/go/src/github.com/yhyddr/projector/face/sequelize/node_modules/_koa-bodyparser@4.2.1@koa-bodyparser/index.js:86:5)
    at async /Users/abser/go/src/github.com/yhyddr/projector/face/sequelize/node_modules/_koa-static-cache@5.1.2@koa-static-cache/index.js:53:56
    at async notfound (/Users/abser/go/src/github.com/yhyddr/projector/face/sequelize/node_modules/_egg@2.26.0@egg/app/middleware/notfound.js:5:5)
    at async meta (/Users/abser/go/src/github.com/yhyddr/projector/face/sequelize/node_modules/_egg@2.26.0@egg/app/middleware/meta.js:12:5)
message: "user not found"
pid: 44961
hostname: ArideMacBook-Air.local

2020-01-11 20:43:59,280 INFO 44961 [egg-sequelize](8ms) Executed (default): SELECT `id`, `name`, `age`, `created_at`, `updated_at`, `created_at` AS `createdAt`, `updated_at` AS `updatedAt` FROM `users` AS `user` WHERE `user`.`id` = 0;
2020-01-11 20:43:59,282 WARN 44961 [-/127.0.0.1/-/14ms GET /users/:1111] nodejs.NotFoundError: user not found
    at Object.throw (/Users/abser/go/src/github.com/yhyddr/projector/face/sequelize/node_modules/_koa@2.11.0@koa/lib/context.js:97:11)
    at User.find (/Users/abser/go/src/github.com/yhyddr/projector/face/sequelize/app/service/user.js:17:21)
    at async UserController.show (/Users/abser/go/src/github.com/yhyddr/projector/face/sequelize/app/controller/user.js:17:16)
    at async /Users/abser/go/src/github.com/yhyddr/projector/face/sequelize/node_modules/_egg-development@2.4.3@egg-development/app/middleware/egg_loader_trace.js:9:50
    at async xframe (/Users/abser/go/src/github.com/yhyddr/projector/face/sequelize/node_modules/_egg-security@2.7.1@egg-security/lib/middlewares/xframe.js:7:5)
    at async xssProtection (/Users/abser/go/src/github.com/yhyddr/projector/face/sequelize/node_modules/_egg-security@2.7.1@egg-security/lib/middlewares/xssProtection.js:7:5)
    at async nosniff (/Users/abser/go/src/github.com/yhyddr/projector/face/sequelize/node_modules/_egg-security@2.7.1@egg-security/lib/middlewares/nosniff.js:8:5)
    at async noopen (/Users/abser/go/src/github.com/yhyddr/projector/face/sequelize/node_modules/_egg-security@2.7.1@egg-security/lib/middlewares/noopen.js:8:5)
    at async session (/Users/abser/go/src/github.com/yhyddr/projector/face/sequelize/node_modules/_koa-session@5.12.3@koa-session/index.js:41:7)
    at async bodyParser (/Users/abser/go/src/github.com/yhyddr/projector/face/sequelize/node_modules/_koa-bodyparser@4.2.1@koa-bodyparser/index.js:86:5)
    at async /Users/abser/go/src/github.com/yhyddr/projector/face/sequelize/node_modules/_koa-static-cache@5.1.2@koa-static-cache/index.js:53:56
    at async notfound (/Users/abser/go/src/github.com/yhyddr/projector/face/sequelize/node_modules/_egg@2.26.0@egg/app/middleware/notfound.js:5:5)
    at async meta (/Users/abser/go/src/github.com/yhyddr/projector/face/sequelize/node_modules/_egg@2.26.0@egg/app/middleware/meta.js:12:5)
message: "user not found"
pid: 44961
hostname: ArideMacBook-Air.local

2020-01-11 20:44:11,096 INFO 44961 [egg-sequelize](9ms) Executed (default): SELECT `id`, `name`, `age`, `created_at`, `updated_at`, `created_at` AS `createdAt`, `updated_at` AS `updatedAt` FROM `users` AS `user` WHERE `user`.`id` = 1111;
2020-01-11 20:45:41,906 INFO 45056 [egg-sequelize](3ms) Executed (default): SELECT 1+1 AS result
2020-01-11 20:47:08,211 INFO 45110 [egg-sequelize](3ms) Executed (default): SELECT 1+1 AS result
2020-01-11 20:47:45,908 INFO 45153 [egg-sequelize](3ms) Executed (default): SELECT 1+1 AS result
2020-01-11 20:49:03,055 INFO 45222 [egg-sequelize](3ms) Executed (default): SELECT 1+1 AS result
2020-01-11 20:49:18,477 INFO 45241 [egg-sequelize](2ms) Executed (default): SELECT 1+1 AS result
2020-01-11 20:49:48,527 INFO 45266 [egg-sequelize](3ms) Executed (default): SELECT 1+1 AS result
2020-01-11 20:50:58,420 INFO 45346 [egg-sequelize](4ms) Executed (default): SELECT 1+1 AS result
2020-01-11 20:51:21,396 INFO 45384 [egg-sequelize](2ms) Executed (default): SELECT 1+1 AS result
2020-01-11 20:53:02,035 INFO 45447 [egg-sequelize](4ms) Executed (default): SELECT 1+1 AS result
2020-01-11 20:53:18,774 INFO 45467 [egg-sequelize](8ms) Executed (default): SELECT 1+1 AS result
2020-01-11 20:53:23,617 ERROR 45467 [-/127.0.0.1/-/14ms GET /face/add] nodejs.ReferenceError: Core is not defined
    at FaceController.add (/Users/abser/go/src/github.com/yhyddr/projector/face/sequelize/app/controller/face.js:8:24)
    at Object.callFn (/Users/abser/go/src/github.com/yhyddr/projector/face/sequelize/node_modules/_egg-core@4.17.4@egg-core/lib/utils/index.js:44:21)
    at Object.classControllerMiddleware (/Users/abser/go/src/github.com/yhyddr/projector/face/sequelize/node_modules/_egg-core@4.17.4@egg-core/lib/loader/mixin/controller.js:87:20)
    at Object.callFn (/Users/abser/go/src/github.com/yhyddr/projector/face/sequelize/node_modules/_@eggjs_router@2.0.0@@eggjs/router/lib/utils.js:12:21)
    at wrappedController (/Users/abser/go/src/github.com/yhyddr/projector/face/sequelize/node_modules/_@eggjs_router@2.0.0@@eggjs/router/lib/egg_router.js:322:18)
    at dispatch (/Users/abser/go/src/github.com/yhyddr/projector/face/sequelize/node_modules/_koa-compose@3.2.1@koa-compose/index.js:44:32)
    at next (/Users/abser/go/src/github.com/yhyddr/projector/face/sequelize/node_modules/_koa-compose@3.2.1@koa-compose/index.js:45:18)
    at /Users/abser/go/src/github.com/yhyddr/projector/face/sequelize/node_modules/_@eggjs_router@2.0.0@@eggjs/router/lib/router.js:190:18
    at dispatch (/Users/abser/go/src/github.com/yhyddr/projector/face/sequelize/node_modules/_koa-compose@3.2.1@koa-compose/index.js:44:32)
    at /Users/abser/go/src/github.com/yhyddr/projector/face/sequelize/node_modules/_koa-compose@3.2.1@koa-compose/index.js:36:12
    at dispatch (/Users/abser/go/src/github.com/yhyddr/projector/face/sequelize/node_modules/_@eggjs_router@2.0.0@@eggjs/router/lib/router.js:195:33)
    at dispatch (/Users/abser/go/src/github.com/yhyddr/projector/face/sequelize/node_modules/_koa-compose@4.1.0@koa-compose/index.js:42:32)
    at /Users/abser/go/src/github.com/yhyddr/projector/face/sequelize/node_modules/_egg-development@2.4.3@egg-development/app/middleware/egg_loader_trace.js:9:56
    at dispatch (/Users/abser/go/src/github.com/yhyddr/projector/face/sequelize/node_modules/_koa-compose@4.1.0@koa-compose/index.js:42:32)
    at i18n (/Users/abser/go/src/github.com/yhyddr/projector/face/sequelize/node_modules/_egg-i18n@2.1.1@egg-i18n/app/middleware/i18n.js:13:12)
    at dispatch (/Users/abser/go/src/github.com/yhyddr/projector/face/sequelize/node_modules/_koa-compose@4.1.0@koa-compose/index.js:42:32)
    at dispatch (/Users/abser/go/src/github.com/yhyddr/projector/face/sequelize/node_modules/_koa-compose@4.1.0@koa-compose/index.js:42:32)
    at dta (/Users/abser/go/src/github.com/yhyddr/projector/face/sequelize/node_modules/_egg-security@2.7.1@egg-security/lib/middlewares/dta.js:12:12)
    at dispatch (/Users/abser/go/src/github.com/yhyddr/projector/face/sequelize/node_modules/_koa-compose@4.1.0@koa-compose/index.js:42:32)
    at xframe (/Users/abser/go/src/github.com/yhyddr/projector/face/sequelize/node_modules/_egg-security@2.7.1@egg-security/lib/middlewares/xframe.js:7:11)
    at dispatch (/Users/abser/go/src/github.com/yhyddr/projector/face/sequelize/node_modules/_koa-compose@4.1.0@koa-compose/index.js:42:32)
    at xssProtection (/Users/abser/go/src/github.com/yhyddr/projector/face/sequelize/node_modules/_egg-security@2.7.1@egg-security/lib/middlewares/xssProtection.js:7:11)

pid: 45467
hostname: ArideMacBook-Air.local

2020-01-11 20:54:04,955 INFO 45511 [egg-sequelize](3ms) Executed (default): SELECT 1+1 AS result
2020-01-11 20:54:48,036 INFO 45511 [egg-sequelize](10ms) Executed (default): SELECT `id`, `name`, `age`, `created_at`, `updated_at`, `created_at` AS `createdAt`, `updated_at` AS `updatedAt` FROM `users` AS `user` WHERE `user`.`id` = 1111;
2020-01-11 20:55:55,594 INFO 45580 [egg-sequelize](3ms) Executed (default): SELECT 1+1 AS result
2020-01-11 20:56:36,231 INFO 45623 [egg-sequelize](5ms) Executed (default): SELECT 1+1 AS result
2020-01-11 20:56:44,865 INFO 45637 [egg-sequelize](2ms) Executed (default): SELECT 1+1 AS result
2020-01-11 21:00:37,237 INFO 45744 [egg-sequelize](5ms) Executed (default): SELECT 1+1 AS result
2020-01-11 21:02:36,327 INFO 45818 [egg-sequelize](2ms) Executed (default): SELECT 1+1 AS result
2020-01-11 21:03:07,424 INFO 45852 [egg-sequelize](5ms) Executed (default): SELECT 1+1 AS result
2020-01-11 21:06:11,066 INFO 45964 [egg-sequelize](12ms) Executed (default): SELECT 1+1 AS result
2020-01-11 21:07:08,055 INFO 46012 [egg-sequelize](5ms) Executed (default): SELECT 1+1 AS result
2020-01-11 21:07:41,584 INFO 46036 [egg-sequelize](10ms) Executed (default): SELECT 1+1 AS result
2020-01-11 21:07:45,335 INFO 46048 [egg-sequelize](3ms) Executed (default): SELECT 1+1 AS result
2020-01-11 21:10:30,258 INFO 46159 [egg-sequelize](3ms) Executed (default): SELECT 1+1 AS result
2020-01-11 21:11:30,003 WARN 46159 [-/127.0.0.1/-/7ms POST /face/add?person=wangbofeng&imageurl=https://www.yuque.com/wbofeng/mkvtgz/1587710?artboard_type=artboard&view=&from=] invalid csrf token. See https://eggjs.org/zh-cn/core/security.html#安全威胁csrf的防范
2020-01-11 21:11:30,005 WARN 46159 [-/127.0.0.1/-/9ms POST /face/add?person=wangbofeng&imageurl=https://www.yuque.com/wbofeng/mkvtgz/1587710?artboard_type=artboard&view=&from=] nodejs.ForbiddenError: invalid csrf token
    at Object.throw (/Users/abser/go/src/github.com/yhyddr/projector/face/sequelize/node_modules/_koa@2.11.0@koa/lib/context.js:97:11)
    at Object.assertCsrf (/Users/abser/go/src/github.com/yhyddr/projector/face/sequelize/node_modules/_egg-security@2.7.1@egg-security/app/extend/context.js:162:19)
    at csrf (/Users/abser/go/src/github.com/yhyddr/projector/face/sequelize/node_modules/_egg-security@2.7.1@egg-security/lib/middlewares/csrf.js:33:9)
    at dispatch (/Users/abser/go/src/github.com/yhyddr/projector/face/sequelize/node_modules/_koa-compose@4.1.0@koa-compose/index.js:42:32)
    at /Users/abser/go/src/github.com/yhyddr/projector/face/sequelize/node_modules/_koa-compose@4.1.0@koa-compose/index.js:34:12
    at dispatch (/Users/abser/go/src/github.com/yhyddr/projector/face/sequelize/node_modules/_koa-compose@4.1.0@koa-compose/index.js:42:32)
    at session (/Users/abser/go/src/github.com/yhyddr/projector/face/sequelize/node_modules/_koa-session@5.12.3@koa-session/index.js:41:13)
    at dispatch (/Users/abser/go/src/github.com/yhyddr/projector/face/sequelize/node_modules/_koa-compose@4.1.0@koa-compose/index.js:42:32)
    at overrideMethod (/Users/abser/go/src/github.com/yhyddr/projector/face/sequelize/node_modules/_koa-override@3.0.0@koa-override/index.js:38:12)
    at dispatch (/Users/abser/go/src/github.com/yhyddr/projector/face/sequelize/node_modules/_koa-compose@4.1.0@koa-compose/index.js:42:32)
    at bodyParser (/Users/abser/go/src/github.com/yhyddr/projector/face/sequelize/node_modules/_koa-bodyparser@4.2.1@koa-bodyparser/index.js:86:11)
    at processTicksAndRejections (internal/process/task_queues.js:93:5)
    at async /Users/abser/go/src/github.com/yhyddr/projector/face/sequelize/node_modules/_koa-static-cache@5.1.2@koa-static-cache/index.js:51:63
    at async notfound (/Users/abser/go/src/github.com/yhyddr/projector/face/sequelize/node_modules/_egg@2.26.0@egg/app/middleware/notfound.js:5:5)
    at async meta (/Users/abser/go/src/github.com/yhyddr/projector/face/sequelize/node_modules/_egg@2.26.0@egg/app/middleware/meta.js:12:5)
message: "invalid csrf token"
pid: 46159
hostname: ArideMacBook-Air.local

2020-01-11 21:12:44,678 INFO 46228 [egg-sequelize](7ms) Executed (default): SELECT 1+1 AS result
2020-01-11 21:15:18,500 INFO 46328 [egg-sequelize](10ms) Executed (default): SELECT 1+1 AS result
2020-01-11 21:16:37,538 INFO 46391 [egg-sequelize](5ms) Executed (default): SELECT 1+1 AS result
2020-01-11 21:18:50,826 INFO 46490 [egg-sequelize](4ms) Executed (default): SELECT 1+1 AS result
2020-01-11 21:21:04,514 INFO 46606 [egg-sequelize](16ms) Executed (default): SELECT 1+1 AS result
2020-01-11 21:21:37,140 INFO 46623 [egg-sequelize](4ms) Executed (default): SELECT 1+1 AS result
2020-01-11 21:22:08,763 INFO 46648 [egg-sequelize](2ms) Executed (default): SELECT 1+1 AS result
2020-01-11 21:26:04,933 INFO 46844 [egg-sequelize](7ms) Executed (default): SELECT 1+1 AS result
2020-01-11 21:26:25,800 INFO 46868 [egg-sequelize](3ms) Executed (default): SELECT 1+1 AS result
2020-01-11 21:26:35,106 INFO 46891 [egg-sequelize](3ms) Executed (default): SELECT 1+1 AS result
2020-01-11 21:28:23,312 INFO 46952 [egg-sequelize](3ms) Executed (default): SELECT 1+1 AS result
2020-01-11 21:28:36,605 WARN 46952 [-/127.0.0.1/-/6ms DELETE /image/?id=wangbofeng] invalid csrf token. See https://eggjs.org/zh-cn/core/security.html#安全威胁csrf的防范
2020-01-11 21:28:36,609 WARN 46952 [-/127.0.0.1/-/8ms DELETE /image/?id=wangbofeng] nodejs.ForbiddenError: invalid csrf token
    at Object.throw (/Users/abser/go/src/github.com/yhyddr/projector/face/sequelize/node_modules/_koa@2.11.0@koa/lib/context.js:97:11)
    at Object.assertCsrf (/Users/abser/go/src/github.com/yhyddr/projector/face/sequelize/node_modules/_egg-security@2.7.1@egg-security/app/extend/context.js:162:19)
    at csrf (/Users/abser/go/src/github.com/yhyddr/projector/face/sequelize/node_modules/_egg-security@2.7.1@egg-security/lib/middlewares/csrf.js:33:9)
    at dispatch (/Users/abser/go/src/github.com/yhyddr/projector/face/sequelize/node_modules/_koa-compose@4.1.0@koa-compose/index.js:42:32)
    at /Users/abser/go/src/github.com/yhyddr/projector/face/sequelize/node_modules/_koa-compose@4.1.0@koa-compose/index.js:34:12
    at dispatch (/Users/abser/go/src/github.com/yhyddr/projector/face/sequelize/node_modules/_koa-compose@4.1.0@koa-compose/index.js:42:32)
    at session (/Users/abser/go/src/github.com/yhyddr/projector/face/sequelize/node_modules/_koa-session@5.12.3@koa-session/index.js:41:13)
    at dispatch (/Users/abser/go/src/github.com/yhyddr/projector/face/sequelize/node_modules/_koa-compose@4.1.0@koa-compose/index.js:42:32)
    at overrideMethod (/Users/abser/go/src/github.com/yhyddr/projector/face/sequelize/node_modules/_koa-override@3.0.0@koa-override/index.js:13:70)
    at dispatch (/Users/abser/go/src/github.com/yhyddr/projector/face/sequelize/node_modules/_koa-compose@4.1.0@koa-compose/index.js:42:32)
    at bodyParser (/Users/abser/go/src/github.com/yhyddr/projector/face/sequelize/node_modules/_koa-bodyparser@4.2.1@koa-bodyparser/index.js:86:11)
    at processTicksAndRejections (internal/process/task_queues.js:93:5)
    at async /Users/abser/go/src/github.com/yhyddr/projector/face/sequelize/node_modules/_koa-static-cache@5.1.2@koa-static-cache/index.js:51:63
    at async notfound (/Users/abser/go/src/github.com/yhyddr/projector/face/sequelize/node_modules/_egg@2.26.0@egg/app/middleware/notfound.js:5:5)
    at async meta (/Users/abser/go/src/github.com/yhyddr/projector/face/sequelize/node_modules/_egg@2.26.0@egg/app/middleware/meta.js:12:5)
message: "invalid csrf token"
pid: 46952
hostname: ArideMacBook-Air.local

2020-01-11 21:29:06,373 WARN 46952 [-/127.0.0.1/-/0ms DELETE /image/?id=wangbofeng] invalid csrf token. See https://eggjs.org/zh-cn/core/security.html#安全威胁csrf的防范
2020-01-11 21:29:06,373 WARN 46952 [-/127.0.0.1/-/1ms DELETE /image/?id=wangbofeng] nodejs.ForbiddenError: invalid csrf token
    at Object.throw (/Users/abser/go/src/github.com/yhyddr/projector/face/sequelize/node_modules/_koa@2.11.0@koa/lib/context.js:97:11)
    at Object.assertCsrf (/Users/abser/go/src/github.com/yhyddr/projector/face/sequelize/node_modules/_egg-security@2.7.1@egg-security/app/extend/context.js:162:19)
    at csrf (/Users/abser/go/src/github.com/yhyddr/projector/face/sequelize/node_modules/_egg-security@2.7.1@egg-security/lib/middlewares/csrf.js:33:9)
    at dispatch (/Users/abser/go/src/github.com/yhyddr/projector/face/sequelize/node_modules/_koa-compose@4.1.0@koa-compose/index.js:42:32)
    at /Users/abser/go/src/github.com/yhyddr/projector/face/sequelize/node_modules/_koa-compose@4.1.0@koa-compose/index.js:34:12
    at dispatch (/Users/abser/go/src/github.com/yhyddr/projector/face/sequelize/node_modules/_koa-compose@4.1.0@koa-compose/index.js:42:32)
    at session (/Users/abser/go/src/github.com/yhyddr/projector/face/sequelize/node_modules/_koa-session@5.12.3@koa-session/index.js:41:13)
    at dispatch (/Users/abser/go/src/github.com/yhyddr/projector/face/sequelize/node_modules/_koa-compose@4.1.0@koa-compose/index.js:42:32)
    at overrideMethod (/Users/abser/go/src/github.com/yhyddr/projector/face/sequelize/node_modules/_koa-override@3.0.0@koa-override/index.js:13:70)
    at dispatch (/Users/abser/go/src/github.com/yhyddr/projector/face/sequelize/node_modules/_koa-compose@4.1.0@koa-compose/index.js:42:32)
    at bodyParser (/Users/abser/go/src/github.com/yhyddr/projector/face/sequelize/node_modules/_koa-bodyparser@4.2.1@koa-bodyparser/index.js:86:11)
    at processTicksAndRejections (internal/process/task_queues.js:93:5)
    at async /Users/abser/go/src/github.com/yhyddr/projector/face/sequelize/node_modules/_koa-static-cache@5.1.2@koa-static-cache/index.js:51:63
    at async notfound (/Users/abser/go/src/github.com/yhyddr/projector/face/sequelize/node_modules/_egg@2.26.0@egg/app/middleware/notfound.js:5:5)
    at async meta (/Users/abser/go/src/github.com/yhyddr/projector/face/sequelize/node_modules/_egg@2.26.0@egg/app/middleware/meta.js:12:5)
message: "invalid csrf token"
pid: 46952
hostname: ArideMacBook-Air.local

2020-01-11 21:29:07,645 INFO 47009 [egg-sequelize](3ms) Executed (default): SELECT 1+1 AS result
2020-01-11 21:29:25,303 WARN 47009 [-/127.0.0.1/-/6ms DELETE /image/?id=wangbofeng] invalid csrf token. See https://eggjs.org/zh-cn/core/security.html#安全威胁csrf的防范
2020-01-11 21:29:25,306 WARN 47009 [-/127.0.0.1/-/9ms DELETE /image/?id=wangbofeng] nodejs.ForbiddenError: invalid csrf token
    at Object.throw (/Users/abser/go/src/github.com/yhyddr/projector/face/sequelize/node_modules/_koa@2.11.0@koa/lib/context.js:97:11)
    at Object.assertCsrf (/Users/abser/go/src/github.com/yhyddr/projector/face/sequelize/node_modules/_egg-security@2.7.1@egg-security/app/extend/context.js:162:19)
    at csrf (/Users/abser/go/src/github.com/yhyddr/projector/face/sequelize/node_modules/_egg-security@2.7.1@egg-security/lib/middlewares/csrf.js:33:9)
    at dispatch (/Users/abser/go/src/github.com/yhyddr/projector/face/sequelize/node_modules/_koa-compose@4.1.0@koa-compose/index.js:42:32)
    at /Users/abser/go/src/github.com/yhyddr/projector/face/sequelize/node_modules/_koa-compose@4.1.0@koa-compose/index.js:34:12
    at dispatch (/Users/abser/go/src/github.com/yhyddr/projector/face/sequelize/node_modules/_koa-compose@4.1.0@koa-compose/index.js:42:32)
    at session (/Users/abser/go/src/github.com/yhyddr/projector/face/sequelize/node_modules/_koa-session@5.12.3@koa-session/index.js:41:13)
    at dispatch (/Users/abser/go/src/github.com/yhyddr/projector/face/sequelize/node_modules/_koa-compose@4.1.0@koa-compose/index.js:42:32)
    at overrideMethod (/Users/abser/go/src/github.com/yhyddr/projector/face/sequelize/node_modules/_koa-override@3.0.0@koa-override/index.js:13:70)
    at dispatch (/Users/abser/go/src/github.com/yhyddr/projector/face/sequelize/node_modules/_koa-compose@4.1.0@koa-compose/index.js:42:32)
    at bodyParser (/Users/abser/go/src/github.com/yhyddr/projector/face/sequelize/node_modules/_koa-bodyparser@4.2.1@koa-bodyparser/index.js:86:11)
    at processTicksAndRejections (internal/process/task_queues.js:93:5)
    at async /Users/abser/go/src/github.com/yhyddr/projector/face/sequelize/node_modules/_koa-static-cache@5.1.2@koa-static-cache/index.js:51:63
    at async notfound (/Users/abser/go/src/github.com/yhyddr/projector/face/sequelize/node_modules/_egg@2.26.0@egg/app/middleware/notfound.js:5:5)
    at async meta (/Users/abser/go/src/github.com/yhyddr/projector/face/sequelize/node_modules/_egg@2.26.0@egg/app/middleware/meta.js:12:5)
message: "invalid csrf token"
pid: 47009
hostname: ArideMacBook-Air.local

2020-01-11 21:31:57,795 WARN 47009 [-/127.0.0.1/-/4ms POST /image/?person=ydr&imageurl=https://cdn.nlark.com/yuque/0/2020/jpeg/159267/1578557372769-assets/web-upload/29fc2bd1-d414-4f41-9107-4bb7327bc6a1.jpeg] invalid csrf token. See https://eggjs.org/zh-cn/core/security.html#安全威胁csrf的防范
2020-01-11 21:31:57,798 WARN 47009 [-/127.0.0.1/-/5ms POST /image/?person=ydr&imageurl=https://cdn.nlark.com/yuque/0/2020/jpeg/159267/1578557372769-assets/web-upload/29fc2bd1-d414-4f41-9107-4bb7327bc6a1.jpeg] nodejs.ForbiddenError: invalid csrf token
    at Object.throw (/Users/abser/go/src/github.com/yhyddr/projector/face/sequelize/node_modules/_koa@2.11.0@koa/lib/context.js:97:11)
    at Object.assertCsrf (/Users/abser/go/src/github.com/yhyddr/projector/face/sequelize/node_modules/_egg-security@2.7.1@egg-security/app/extend/context.js:162:19)
    at csrf (/Users/abser/go/src/github.com/yhyddr/projector/face/sequelize/node_modules/_egg-security@2.7.1@egg-security/lib/middlewares/csrf.js:33:9)
    at dispatch (/Users/abser/go/src/github.com/yhyddr/projector/face/sequelize/node_modules/_koa-compose@4.1.0@koa-compose/index.js:42:32)
    at /Users/abser/go/src/github.com/yhyddr/projector/face/sequelize/node_modules/_koa-compose@4.1.0@koa-compose/index.js:34:12
    at dispatch (/Users/abser/go/src/github.com/yhyddr/projector/face/sequelize/node_modules/_koa-compose@4.1.0@koa-compose/index.js:42:32)
    at session (/Users/abser/go/src/github.com/yhyddr/projector/face/sequelize/node_modules/_koa-session@5.12.3@koa-session/index.js:41:13)
    at dispatch (/Users/abser/go/src/github.com/yhyddr/projector/face/sequelize/node_modules/_koa-compose@4.1.0@koa-compose/index.js:42:32)
    at overrideMethod (/Users/abser/go/src/github.com/yhyddr/projector/face/sequelize/node_modules/_koa-override@3.0.0@koa-override/index.js:38:12)
    at dispatch (/Users/abser/go/src/github.com/yhyddr/projector/face/sequelize/node_modules/_koa-compose@4.1.0@koa-compose/index.js:42:32)
    at bodyParser (/Users/abser/go/src/github.com/yhyddr/projector/face/sequelize/node_modules/_koa-bodyparser@4.2.1@koa-bodyparser/index.js:86:11)
    at processTicksAndRejections (internal/process/task_queues.js:93:5)
    at async /Users/abser/go/src/github.com/yhyddr/projector/face/sequelize/node_modules/_koa-static-cache@5.1.2@koa-static-cache/index.js:51:63
    at async notfound (/Users/abser/go/src/github.com/yhyddr/projector/face/sequelize/node_modules/_egg@2.26.0@egg/app/middleware/notfound.js:5:5)
    at async meta (/Users/abser/go/src/github.com/yhyddr/projector/face/sequelize/node_modules/_egg@2.26.0@egg/app/middleware/meta.js:12:5)
message: "invalid csrf token"
pid: 47009
hostname: ArideMacBook-Air.local

2020-01-11 21:32:24,901 WARN 47009 [-/127.0.0.1/-/0ms POST /image/?person=ydr&imageurl=https://cdn.nlark.com/yuque/0/2020/jpeg/159267/1578557372769-assets/web-upload/29fc2bd1-d414-4f41-9107-4bb7327bc6a1.jpeg] invalid csrf token. See https://eggjs.org/zh-cn/core/security.html#安全威胁csrf的防范
2020-01-11 21:32:24,902 WARN 47009 [-/127.0.0.1/-/0ms POST /image/?person=ydr&imageurl=https://cdn.nlark.com/yuque/0/2020/jpeg/159267/1578557372769-assets/web-upload/29fc2bd1-d414-4f41-9107-4bb7327bc6a1.jpeg] nodejs.ForbiddenError: invalid csrf token
    at Object.throw (/Users/abser/go/src/github.com/yhyddr/projector/face/sequelize/node_modules/_koa@2.11.0@koa/lib/context.js:97:11)
    at Object.assertCsrf (/Users/abser/go/src/github.com/yhyddr/projector/face/sequelize/node_modules/_egg-security@2.7.1@egg-security/app/extend/context.js:162:19)
    at csrf (/Users/abser/go/src/github.com/yhyddr/projector/face/sequelize/node_modules/_egg-security@2.7.1@egg-security/lib/middlewares/csrf.js:33:9)
    at dispatch (/Users/abser/go/src/github.com/yhyddr/projector/face/sequelize/node_modules/_koa-compose@4.1.0@koa-compose/index.js:42:32)
    at /Users/abser/go/src/github.com/yhyddr/projector/face/sequelize/node_modules/_koa-compose@4.1.0@koa-compose/index.js:34:12
    at dispatch (/Users/abser/go/src/github.com/yhyddr/projector/face/sequelize/node_modules/_koa-compose@4.1.0@koa-compose/index.js:42:32)
    at session (/Users/abser/go/src/github.com/yhyddr/projector/face/sequelize/node_modules/_koa-session@5.12.3@koa-session/index.js:41:13)
    at dispatch (/Users/abser/go/src/github.com/yhyddr/projector/face/sequelize/node_modules/_koa-compose@4.1.0@koa-compose/index.js:42:32)
    at overrideMethod (/Users/abser/go/src/github.com/yhyddr/projector/face/sequelize/node_modules/_koa-override@3.0.0@koa-override/index.js:38:12)
    at dispatch (/Users/abser/go/src/github.com/yhyddr/projector/face/sequelize/node_modules/_koa-compose@4.1.0@koa-compose/index.js:42:32)
    at bodyParser (/Users/abser/go/src/github.com/yhyddr/projector/face/sequelize/node_modules/_koa-bodyparser@4.2.1@koa-bodyparser/index.js:86:11)
    at processTicksAndRejections (internal/process/task_queues.js:93:5)
    at async /Users/abser/go/src/github.com/yhyddr/projector/face/sequelize/node_modules/_koa-static-cache@5.1.2@koa-static-cache/index.js:51:63
    at async notfound (/Users/abser/go/src/github.com/yhyddr/projector/face/sequelize/node_modules/_egg@2.26.0@egg/app/middleware/notfound.js:5:5)
    at async meta (/Users/abser/go/src/github.com/yhyddr/projector/face/sequelize/node_modules/_egg@2.26.0@egg/app/middleware/meta.js:12:5)
message: "invalid csrf token"
pid: 47009
hostname: ArideMacBook-Air.local

2020-01-11 21:37:03,470 INFO 47336 [egg-sequelize](4ms) Executed (default): SELECT 1+1 AS result
2020-01-11 21:37:28,032 WARN 47336 [-/127.0.0.1/-/5ms POST /image/?person=ydr&imageurl=https://cdn.nlark.com/yuque/0/2020/jpeg/159267/1578557372769-assets/web-upload/29fc2bd1-d414-4f41-9107-4bb7327bc6a1.jpeg] invalid csrf token. See https://eggjs.org/zh-cn/core/security.html#安全威胁csrf的防范
2020-01-11 21:37:28,038 WARN 47336 [-/127.0.0.1/-/9ms POST /image/?person=ydr&imageurl=https://cdn.nlark.com/yuque/0/2020/jpeg/159267/1578557372769-assets/web-upload/29fc2bd1-d414-4f41-9107-4bb7327bc6a1.jpeg] nodejs.ForbiddenError: invalid csrf token
    at Object.throw (/Users/abser/go/src/github.com/yhyddr/projector/face/sequelize/node_modules/_koa@2.11.0@koa/lib/context.js:97:11)
    at Object.assertCsrf (/Users/abser/go/src/github.com/yhyddr/projector/face/sequelize/node_modules/_egg-security@2.7.1@egg-security/app/extend/context.js:162:19)
    at csrf (/Users/abser/go/src/github.com/yhyddr/projector/face/sequelize/node_modules/_egg-security@2.7.1@egg-security/lib/middlewares/csrf.js:33:9)
    at dispatch (/Users/abser/go/src/github.com/yhyddr/projector/face/sequelize/node_modules/_koa-compose@4.1.0@koa-compose/index.js:42:32)
    at /Users/abser/go/src/github.com/yhyddr/projector/face/sequelize/node_modules/_koa-compose@4.1.0@koa-compose/index.js:34:12
    at dispatch (/Users/abser/go/src/github.com/yhyddr/projector/face/sequelize/node_modules/_koa-compose@4.1.0@koa-compose/index.js:42:32)
    at session (/Users/abser/go/src/github.com/yhyddr/projector/face/sequelize/node_modules/_koa-session@5.12.3@koa-session/index.js:41:13)
    at dispatch (/Users/abser/go/src/github.com/yhyddr/projector/face/sequelize/node_modules/_koa-compose@4.1.0@koa-compose/index.js:42:32)
    at overrideMethod (/Users/abser/go/src/github.com/yhyddr/projector/face/sequelize/node_modules/_koa-override@3.0.0@koa-override/index.js:38:12)
    at dispatch (/Users/abser/go/src/github.com/yhyddr/projector/face/sequelize/node_modules/_koa-compose@4.1.0@koa-compose/index.js:42:32)
    at bodyParser (/Users/abser/go/src/github.com/yhyddr/projector/face/sequelize/node_modules/_koa-bodyparser@4.2.1@koa-bodyparser/index.js:86:11)
    at processTicksAndRejections (internal/process/task_queues.js:93:5)
    at async /Users/abser/go/src/github.com/yhyddr/projector/face/sequelize/node_modules/_koa-static-cache@5.1.2@koa-static-cache/index.js:51:63
    at async notfound (/Users/abser/go/src/github.com/yhyddr/projector/face/sequelize/node_modules/_egg@2.26.0@egg/app/middleware/notfound.js:5:5)
    at async meta (/Users/abser/go/src/github.com/yhyddr/projector/face/sequelize/node_modules/_egg@2.26.0@egg/app/middleware/meta.js:12:5)
    at async cors (/Users/abser/go/src/github.com/yhyddr/projector/face/sequelize/node_modules/_@koa_cors@3.0.0@@koa/cors/index.js:54:32)
message: "invalid csrf token"
pid: 47336
hostname: ArideMacBook-Air.local

2020-01-11 21:38:41,711 WARN 47336 [-/127.0.0.1/-/1ms POST /image/?person=ydr&imageurl=https://cdn.nlark.com/yuque/0/2020/jpeg/159267/1578557372769-assets/web-upload/29fc2bd1-d414-4f41-9107-4bb7327bc6a1.jpeg] invalid csrf token. See https://eggjs.org/zh-cn/core/security.html#安全威胁csrf的防范
2020-01-11 21:38:41,711 WARN 47336 [-/127.0.0.1/-/1ms POST /image/?person=ydr&imageurl=https://cdn.nlark.com/yuque/0/2020/jpeg/159267/1578557372769-assets/web-upload/29fc2bd1-d414-4f41-9107-4bb7327bc6a1.jpeg] nodejs.ForbiddenError: invalid csrf token
    at Object.throw (/Users/abser/go/src/github.com/yhyddr/projector/face/sequelize/node_modules/_koa@2.11.0@koa/lib/context.js:97:11)
    at Object.assertCsrf (/Users/abser/go/src/github.com/yhyddr/projector/face/sequelize/node_modules/_egg-security@2.7.1@egg-security/app/extend/context.js:162:19)
    at csrf (/Users/abser/go/src/github.com/yhyddr/projector/face/sequelize/node_modules/_egg-security@2.7.1@egg-security/lib/middlewares/csrf.js:33:9)
    at dispatch (/Users/abser/go/src/github.com/yhyddr/projector/face/sequelize/node_modules/_koa-compose@4.1.0@koa-compose/index.js:42:32)
    at /Users/abser/go/src/github.com/yhyddr/projector/face/sequelize/node_modules/_koa-compose@4.1.0@koa-compose/index.js:34:12
    at dispatch (/Users/abser/go/src/github.com/yhyddr/projector/face/sequelize/node_modules/_koa-compose@4.1.0@koa-compose/index.js:42:32)
    at session (/Users/abser/go/src/github.com/yhyddr/projector/face/sequelize/node_modules/_koa-session@5.12.3@koa-session/index.js:41:13)
    at dispatch (/Users/abser/go/src/github.com/yhyddr/projector/face/sequelize/node_modules/_koa-compose@4.1.0@koa-compose/index.js:42:32)
    at overrideMethod (/Users/abser/go/src/github.com/yhyddr/projector/face/sequelize/node_modules/_koa-override@3.0.0@koa-override/index.js:38:12)
    at dispatch (/Users/abser/go/src/github.com/yhyddr/projector/face/sequelize/node_modules/_koa-compose@4.1.0@koa-compose/index.js:42:32)
    at bodyParser (/Users/abser/go/src/github.com/yhyddr/projector/face/sequelize/node_modules/_koa-bodyparser@4.2.1@koa-bodyparser/index.js:86:11)
    at processTicksAndRejections (internal/process/task_queues.js:93:5)
    at async /Users/abser/go/src/github.com/yhyddr/projector/face/sequelize/node_modules/_koa-static-cache@5.1.2@koa-static-cache/index.js:51:63
    at async notfound (/Users/abser/go/src/github.com/yhyddr/projector/face/sequelize/node_modules/_egg@2.26.0@egg/app/middleware/notfound.js:5:5)
    at async meta (/Users/abser/go/src/github.com/yhyddr/projector/face/sequelize/node_modules/_egg@2.26.0@egg/app/middleware/meta.js:12:5)
    at async cors (/Users/abser/go/src/github.com/yhyddr/projector/face/sequelize/node_modules/_@koa_cors@3.0.0@@koa/cors/index.js:54:32)
message: "invalid csrf token"
pid: 47336
hostname: ArideMacBook-Air.local

2020-01-11 21:39:38,770 INFO 47449 [egg-sequelize](3ms) Executed (default): SELECT 1+1 AS result
2020-01-11 21:39:43,135 WARN 47449 [-/127.0.0.1/-/6ms POST /image/?person=ydr&imageurl=https://cdn.nlark.com/yuque/0/2020/jpeg/159267/1578557372769-assets/web-upload/29fc2bd1-d414-4f41-9107-4bb7327bc6a1.jpeg] invalid csrf token. See https://eggjs.org/zh-cn/core/security.html#安全威胁csrf的防范
2020-01-11 21:39:43,147 WARN 47449 [-/127.0.0.1/-/8ms POST /image/?person=ydr&imageurl=https://cdn.nlark.com/yuque/0/2020/jpeg/159267/1578557372769-assets/web-upload/29fc2bd1-d414-4f41-9107-4bb7327bc6a1.jpeg] nodejs.ForbiddenError: invalid csrf token
    at Object.throw (/Users/abser/go/src/github.com/yhyddr/projector/face/sequelize/node_modules/_koa@2.11.0@koa/lib/context.js:97:11)
    at Object.assertCsrf (/Users/abser/go/src/github.com/yhyddr/projector/face/sequelize/node_modules/_egg-security@2.7.1@egg-security/app/extend/context.js:162:19)
    at csrf (/Users/abser/go/src/github.com/yhyddr/projector/face/sequelize/node_modules/_egg-security@2.7.1@egg-security/lib/middlewares/csrf.js:33:9)
    at dispatch (/Users/abser/go/src/github.com/yhyddr/projector/face/sequelize/node_modules/_koa-compose@4.1.0@koa-compose/index.js:42:32)
    at /Users/abser/go/src/github.com/yhyddr/projector/face/sequelize/node_modules/_koa-compose@4.1.0@koa-compose/index.js:34:12
    at dispatch (/Users/abser/go/src/github.com/yhyddr/projector/face/sequelize/node_modules/_koa-compose@4.1.0@koa-compose/index.js:42:32)
    at session (/Users/abser/go/src/github.com/yhyddr/projector/face/sequelize/node_modules/_koa-session@5.12.3@koa-session/index.js:41:13)
    at dispatch (/Users/abser/go/src/github.com/yhyddr/projector/face/sequelize/node_modules/_koa-compose@4.1.0@koa-compose/index.js:42:32)
    at overrideMethod (/Users/abser/go/src/github.com/yhyddr/projector/face/sequelize/node_modules/_koa-override@3.0.0@koa-override/index.js:38:12)
    at dispatch (/Users/abser/go/src/github.com/yhyddr/projector/face/sequelize/node_modules/_koa-compose@4.1.0@koa-compose/index.js:42:32)
    at bodyParser (/Users/abser/go/src/github.com/yhyddr/projector/face/sequelize/node_modules/_koa-bodyparser@4.2.1@koa-bodyparser/index.js:86:11)
    at processTicksAndRejections (internal/process/task_queues.js:93:5)
    at async /Users/abser/go/src/github.com/yhyddr/projector/face/sequelize/node_modules/_koa-static-cache@5.1.2@koa-static-cache/index.js:51:63
    at async notfound (/Users/abser/go/src/github.com/yhyddr/projector/face/sequelize/node_modules/_egg@2.26.0@egg/app/middleware/notfound.js:5:5)
    at async meta (/Users/abser/go/src/github.com/yhyddr/projector/face/sequelize/node_modules/_egg@2.26.0@egg/app/middleware/meta.js:12:5)
    at async cors (/Users/abser/go/src/github.com/yhyddr/projector/face/sequelize/node_modules/_@koa_cors@3.0.0@@koa/cors/index.js:54:32)
message: "invalid csrf token"
pid: 47449
hostname: ArideMacBook-Air.local

2020-01-11 21:42:32,187 INFO 47541 [egg-sequelize](3ms) Executed (default): SELECT 1+1 AS result
2020-01-11 21:42:35,673 INFO 47550 [egg-sequelize](2ms) Executed (default): SELECT 1+1 AS result
2020-01-11 21:42:38,675 INFO 47561 [egg-sequelize](5ms) Executed (default): SELECT 1+1 AS result
2020-01-11 21:55:40,202 INFO 48064 [egg-sequelize](2ms) Executed (default): SELECT 1+1 AS result
2020-01-11 21:58:59,983 INFO 48175 [egg-sequelize](2ms) Executed (default): SELECT 1+1 AS result
2020-01-11 21:59:27,719 INFO 48208 [egg-sequelize](7ms) Executed (default): SELECT 1+1 AS result
2020-01-11 21:59:42,243 INFO 48227 [egg-sequelize](4ms) Executed (default): SELECT 1+1 AS result
2020-01-11 22:01:55,963 INFO 48294 [egg-sequelize](11ms) Executed (default): SELECT 1+1 AS result
2020-01-11 22:02:39,262 INFO 48339 [egg-sequelize](2ms) Executed (default): SELECT 1+1 AS result
2020-01-11 22:03:50,905 INFO 48385 [egg-sequelize](4ms) Executed (default): SELECT 1+1 AS result
2020-01-11 22:04:39,308 INFO 48422 [egg-sequelize](2ms) Executed (default): SELECT 1+1 AS result
2020-01-11 22:04:46,582 INFO 48441 [egg-sequelize](14ms) Executed (default): SELECT 1+1 AS result
2020-01-11 22:06:01,275 INFO 48519 [egg-sequelize](14ms) Executed (default): SELECT 1+1 AS result
2020-01-11 22:06:22,766 INFO 48540 [egg-sequelize](15ms) Executed (default): SELECT 1+1 AS result
2020-01-11 22:07:09,472 INFO 48596 [egg-sequelize](2ms) Executed (default): SELECT 1+1 AS result
2020-01-11 22:08:45,717 INFO 48662 [egg-sequelize](2ms) Executed (default): SELECT 1+1 AS result
2020-01-11 22:08:57,116 INFO 48681 [egg-sequelize](3ms) Executed (default): SELECT 1+1 AS result
2020-01-11 22:11:06,875 INFO 48681 [egg-sequelize](87ms) Executed (default): INSERT INTO `users` (`id`,`created_at`,`updated_at`) VALUES (DEFAULT,?,?);
2020-01-11 22:11:37,274 INFO 48681 [egg-sequelize](9ms) Executed (default): SELECT `id`, `name`, `age`, `created_at`, `updated_at`, `created_at` AS `createdAt`, `updated_at` AS `updatedAt` FROM `users` AS `user` WHERE `user`.`id` = 1111;
2020-01-11 22:12:10,471 INFO 48681 [egg-sequelize](2ms) Executed (default): SELECT `id`, `name`, `age`, `created_at`, `updated_at`, `created_at` AS `createdAt`, `updated_at` AS `updatedAt` FROM `users` AS `user` WHERE `user`.`id` = 1111;
2020-01-11 22:15:26,398 INFO 48862 [egg-sequelize](4ms) Executed (default): SELECT 1+1 AS result
2020-01-11 22:15:54,428 INFO 48890 [egg-sequelize](3ms) Executed (default): SELECT 1+1 AS result
2020-01-11 22:16:38,176 INFO 48921 [egg-sequelize](5ms) Executed (default): SELECT 1+1 AS result
2020-01-11 22:17:08,695 INFO 48921 [egg-sequelize](9ms) Executed (default): SELECT `id`, `name`, `age`, `created_at`, `updated_at`, `created_at` AS `createdAt`, `updated_at` AS `updatedAt` FROM `users` AS `user` WHERE `user`.`id` = 1111;
2020-01-11 22:18:10,014 INFO 48984 [egg-sequelize](3ms) Executed (default): SELECT 1+1 AS result
2020-01-11 22:18:41,776 INFO 49010 [egg-sequelize](12ms) Executed (default): SELECT 1+1 AS result
2020-01-11 22:20:37,009 INFO 49095 [egg-sequelize](35ms) Executed (default): SELECT 1+1 AS result
2020-01-11 22:21:11,031 INFO 49137 [egg-sequelize](3ms) Executed (default): SELECT 1+1 AS result
2020-01-11 22:21:39,567 INFO 49167 [egg-sequelize](5ms) Executed (default): SELECT 1+1 AS result
2020-01-11 22:22:27,942 INFO 49243 [egg-sequelize](2ms) Executed (default): SELECT 1+1 AS result
2020-01-11 22:23:27,357 INFO 49285 [egg-sequelize](8ms) Executed (default): SELECT 1+1 AS result
2020-01-11 22:23:27,519 INFO 49285 [egg-sequelize](4ms) Executed (default): SELECT `id`, `name`, `age`, `created_at`, `updated_at`, `created_at` AS `createdAt`, `updated_at` AS `updatedAt` FROM `users` AS `user` WHERE `user`.`id` = 1111;
2020-01-11 22:24:30,900 INFO 49327 [egg-sequelize](3ms) Executed (default): SELECT 1+1 AS result
2020-01-11 22:26:30,228 INFO 49404 [egg-sequelize](3ms) Executed (default): SELECT 1+1 AS result
2020-01-11 22:26:58,085 INFO 49429 [egg-sequelize](3ms) Executed (default): SELECT 1+1 AS result
2020-01-11 22:27:04,070 INFO 49441 [egg-sequelize](6ms) Executed (default): SELECT 1+1 AS result
2020-01-11 22:29:35,946 INFO 49538 [egg-sequelize](2ms) Executed (default): SELECT 1+1 AS result
2020-01-11 22:30:00,854 INFO 49538 [egg-sequelize](4ms) Executed (default): SELECT `id`, `name`, `age`, `created_at`, `updated_at`, `created_at` AS `createdAt`, `updated_at` AS `updatedAt` FROM `users` AS `user` WHERE `user`.`id` = 1111;
2020-01-11 22:30:12,611 INFO 49538 [egg-sequelize](6ms) Executed (default): SELECT `id`, `name`, `age`, `created_at`, `updated_at`, `created_at` AS `createdAt`, `updated_at` AS `updatedAt` FROM `users` AS `user` WHERE `user`.`id` = 1111;
2020-01-11 22:30:49,633 INFO 49582 [egg-sequelize](3ms) Executed (default): SELECT 1+1 AS result
2020-01-11 22:30:50,250 INFO 49582 [egg-sequelize](11ms) Executed (default): SELECT `id`, `name`, `age`, `created_at`, `updated_at`, `created_at` AS `createdAt`, `updated_at` AS `updatedAt` FROM `users` AS `user` WHERE `user`.`id` = 1111;
2020-01-11 22:31:16,605 INFO 49582 [egg-sequelize](50ms) Executed (default): SELECT `id`, `name`, `age`, `created_at`, `updated_at`, `created_at` AS `createdAt`, `updated_at` AS `updatedAt` FROM `users` AS `user` WHERE `user`.`id` = 1111;
2020-01-11 22:31:18,910 INFO 49616 [egg-sequelize](2ms) Executed (default): SELECT 1+1 AS result
2020-01-11 22:31:46,058 INFO 49616 [egg-sequelize](10ms) Executed (default): SELECT `id`, `name`, `age`, `created_at`, `updated_at`, `created_at` AS `createdAt`, `updated_at` AS `updatedAt` FROM `users` AS `user` WHERE `user`.`id` = 1111;
2020-01-11 22:31:47,089 INFO 49643 [egg-sequelize](3ms) Executed (default): SELECT 1+1 AS result
2020-01-11 22:32:12,573 INFO 49673 [egg-sequelize](4ms) Executed (default): SELECT 1+1 AS result
2020-01-11 22:32:15,737 INFO 49673 [egg-sequelize](5ms) Executed (default): SELECT `id`, `name`, `age`, `created_at`, `updated_at`, `created_at` AS `createdAt`, `updated_at` AS `updatedAt` FROM `users` AS `user` WHERE `user`.`id` = 1111;
2020-01-11 22:34:12,390 INFO 49747 [egg-sequelize](5ms) Executed (default): SELECT 1+1 AS result
2020-01-11 22:34:17,229 INFO 49747 [egg-sequelize](11ms) Executed (default): SELECT `id`, `name`, `age`, `created_at`, `updated_at`, `created_at` AS `createdAt`, `updated_at` AS `updatedAt` FROM `users` AS `user` WHERE `user`.`id` = 1111;
2020-01-11 22:36:01,241 INFO 49807 [egg-sequelize](4ms) Executed (default): SELECT 1+1 AS result
2020-01-11 22:36:45,412 INFO 49841 [egg-sequelize](4ms) Executed (default): SELECT 1+1 AS result
2020-01-11 22:37:01,127 INFO 49861 [egg-sequelize](4ms) Executed (default): SELECT 1+1 AS result
2020-01-11 22:37:03,792 INFO 49874 [egg-sequelize](3ms) Executed (default): SELECT 1+1 AS result
2020-01-11 22:38:38,581 INFO 49937 [egg-sequelize](3ms) Executed (default): SELECT 1+1 AS result
2020-01-11 22:38:54,542 INFO 49937 [egg-sequelize](5ms) Executed (default): SELECT `id`, `name`, `age`, `created_at`, `updated_at`, `created_at` AS `createdAt`, `updated_at` AS `updatedAt` FROM `users` AS `user` WHERE `user`.`id` = 1111;
2020-01-11 22:42:40,975 INFO 50047 [egg-sequelize](8ms) Executed (default): SELECT 1+1 AS result
2020-01-11 22:42:50,640 INFO 50066 [egg-sequelize](6ms) Executed (default): SELECT 1+1 AS result
2020-01-11 22:42:54,714 INFO 50066 [egg-sequelize](4ms) Executed (default): SELECT `id`, `name`, `age`, `created_at`, `updated_at`, `created_at` AS `createdAt`, `updated_at` AS `updatedAt` FROM `users` AS `user` WHERE `user`.`id` = 111;
2020-01-11 22:42:54,719 WARN 50066 [-/127.0.0.1/-/98ms POST /image?imageurl=https://cdn.nlark.com/yuque/0/2020/jpeg/159267/1578557372771-assets/web-upload/12ac4c59-4231-4d10-8340-1bb56491f276.jpeg&person=1111] nodejs.NotFoundError: user not found
    at Object.throw (/Users/abser/go/src/github.com/yhyddr/projector/face/sequelize/node_modules/_koa@2.11.0@koa/lib/context.js:97:11)
    at User.find (/Users/abser/go/src/github.com/yhyddr/projector/face/sequelize/app/service/user.js:17:21)
    at async ImageInfoController.index (/Users/abser/go/src/github.com/yhyddr/projector/face/sequelize/app/controller/image.js:40:16)
    at async /Users/abser/go/src/github.com/yhyddr/projector/face/sequelize/node_modules/_egg-development@2.4.3@egg-development/app/middleware/egg_loader_trace.js:9:50
    at async xframe (/Users/abser/go/src/github.com/yhyddr/projector/face/sequelize/node_modules/_egg-security@2.7.1@egg-security/lib/middlewares/xframe.js:7:5)
    at async xssProtection (/Users/abser/go/src/github.com/yhyddr/projector/face/sequelize/node_modules/_egg-security@2.7.1@egg-security/lib/middlewares/xssProtection.js:7:5)
    at async nosniff (/Users/abser/go/src/github.com/yhyddr/projector/face/sequelize/node_modules/_egg-security@2.7.1@egg-security/lib/middlewares/nosniff.js:8:5)
    at async noopen (/Users/abser/go/src/github.com/yhyddr/projector/face/sequelize/node_modules/_egg-security@2.7.1@egg-security/lib/middlewares/noopen.js:8:5)
    at async session (/Users/abser/go/src/github.com/yhyddr/projector/face/sequelize/node_modules/_koa-session@5.12.3@koa-session/index.js:41:7)
    at async bodyParser (/Users/abser/go/src/github.com/yhyddr/projector/face/sequelize/node_modules/_koa-bodyparser@4.2.1@koa-bodyparser/index.js:86:5)
    at async /Users/abser/go/src/github.com/yhyddr/projector/face/sequelize/node_modules/_koa-static-cache@5.1.2@koa-static-cache/index.js:51:63
    at async notfound (/Users/abser/go/src/github.com/yhyddr/projector/face/sequelize/node_modules/_egg@2.26.0@egg/app/middleware/notfound.js:5:5)
    at async meta (/Users/abser/go/src/github.com/yhyddr/projector/face/sequelize/node_modules/_egg@2.26.0@egg/app/middleware/meta.js:12:5)
    at async cors (/Users/abser/go/src/github.com/yhyddr/projector/face/sequelize/node_modules/_@koa_cors@3.0.0@@koa/cors/index.js:54:32)
message: "user not found"
pid: 50066
hostname: ArideMacBook-Air.local

2020-01-11 22:43:11,649 INFO 50095 [egg-sequelize](4ms) Executed (default): SELECT 1+1 AS result
2020-01-11 22:43:16,047 INFO 50095 [egg-sequelize](3ms) Executed (default): SELECT `id`, `name`, `age`, `created_at`, `updated_at`, `created_at` AS `createdAt`, `updated_at` AS `updatedAt` FROM `users` AS `user` WHERE `user`.`id` = 111;
2020-01-11 22:43:16,073 WARN 50095 [-/127.0.0.1/-/88ms POST /image?imageurl=https://cdn.nlark.com/yuque/0/2020/jpeg/159267/1578557372771-assets/web-upload/12ac4c59-4231-4d10-8340-1bb56491f276.jpeg&person=1111] nodejs.NotFoundError: user not found
    at Object.throw (/Users/abser/go/src/github.com/yhyddr/projector/face/sequelize/node_modules/_koa@2.11.0@koa/lib/context.js:97:11)
    at User.find (/Users/abser/go/src/github.com/yhyddr/projector/face/sequelize/app/service/user.js:17:21)
    at async ImageInfoController.index (/Users/abser/go/src/github.com/yhyddr/projector/face/sequelize/app/controller/image.js:40:16)
    at async /Users/abser/go/src/github.com/yhyddr/projector/face/sequelize/node_modules/_egg-development@2.4.3@egg-development/app/middleware/egg_loader_trace.js:9:50
    at async xframe (/Users/abser/go/src/github.com/yhyddr/projector/face/sequelize/node_modules/_egg-security@2.7.1@egg-security/lib/middlewares/xframe.js:7:5)
    at async xssProtection (/Users/abser/go/src/github.com/yhyddr/projector/face/sequelize/node_modules/_egg-security@2.7.1@egg-security/lib/middlewares/xssProtection.js:7:5)
    at async nosniff (/Users/abser/go/src/github.com/yhyddr/projector/face/sequelize/node_modules/_egg-security@2.7.1@egg-security/lib/middlewares/nosniff.js:8:5)
    at async noopen (/Users/abser/go/src/github.com/yhyddr/projector/face/sequelize/node_modules/_egg-security@2.7.1@egg-security/lib/middlewares/noopen.js:8:5)
    at async session (/Users/abser/go/src/github.com/yhyddr/projector/face/sequelize/node_modules/_koa-session@5.12.3@koa-session/index.js:41:7)
    at async bodyParser (/Users/abser/go/src/github.com/yhyddr/projector/face/sequelize/node_modules/_koa-bodyparser@4.2.1@koa-bodyparser/index.js:86:5)
    at async /Users/abser/go/src/github.com/yhyddr/projector/face/sequelize/node_modules/_koa-static-cache@5.1.2@koa-static-cache/index.js:51:63
    at async notfound (/Users/abser/go/src/github.com/yhyddr/projector/face/sequelize/node_modules/_egg@2.26.0@egg/app/middleware/notfound.js:5:5)
    at async meta (/Users/abser/go/src/github.com/yhyddr/projector/face/sequelize/node_modules/_egg@2.26.0@egg/app/middleware/meta.js:12:5)
    at async cors (/Users/abser/go/src/github.com/yhyddr/projector/face/sequelize/node_modules/_@koa_cors@3.0.0@@koa/cors/index.js:54:32)
message: "user not found"
pid: 50095
hostname: ArideMacBook-Air.local

2020-01-11 22:44:16,417 INFO 50132 [egg-sequelize](3ms) Executed (default): SELECT 1+1 AS result
2020-01-11 22:44:20,274 INFO 50132 [egg-sequelize](14ms) Executed (default): SELECT `id`, `name`, `age`, `created_at`, `updated_at`, `created_at` AS `createdAt`, `updated_at` AS `updatedAt` FROM `users` AS `user` WHERE `user`.`id` = 1111;
2020-01-11 22:44:39,686 INFO 50183 [egg-sequelize](4ms) Executed (default): SELECT 1+1 AS result
2020-01-11 22:44:41,840 INFO 50183 [egg-sequelize](19ms) Executed (default): SELECT `id`, `name`, `age`, `created_at`, `updated_at`, `created_at` AS `createdAt`, `updated_at` AS `updatedAt` FROM `users` AS `user` WHERE `user`.`id` = 1111;
2020-01-11 22:45:07,366 INFO 50206 [egg-sequelize](4ms) Executed (default): SELECT 1+1 AS result
2020-01-11 22:45:12,897 INFO 50206 [egg-sequelize](3ms) Executed (default): SELECT `id`, `name`, `age`, `created_at`, `updated_at`, `created_at` AS `createdAt`, `updated_at` AS `updatedAt` FROM `users` AS `user` WHERE `user`.`id` = 111;
2020-01-11 22:45:12,901 WARN 50206 [-/127.0.0.1/-/59ms POST /image?imageurl=https://cdn.nlark.com/yuque/0/2020/jpeg/159267/1578557372771-assets/web-upload/12ac4c59-4231-4d10-8340-1bb56491f276.jpeg&person=1111] nodejs.NotFoundError: user not found
    at Object.throw (/Users/abser/go/src/github.com/yhyddr/projector/face/sequelize/node_modules/_koa@2.11.0@koa/lib/context.js:97:11)
    at User.find (/Users/abser/go/src/github.com/yhyddr/projector/face/sequelize/app/service/user.js:17:21)
    at async ImageInfoController.index (/Users/abser/go/src/github.com/yhyddr/projector/face/sequelize/app/controller/image.js:39:16)
    at async /Users/abser/go/src/github.com/yhyddr/projector/face/sequelize/node_modules/_egg-development@2.4.3@egg-development/app/middleware/egg_loader_trace.js:9:50
    at async xframe (/Users/abser/go/src/github.com/yhyddr/projector/face/sequelize/node_modules/_egg-security@2.7.1@egg-security/lib/middlewares/xframe.js:7:5)
    at async xssProtection (/Users/abser/go/src/github.com/yhyddr/projector/face/sequelize/node_modules/_egg-security@2.7.1@egg-security/lib/middlewares/xssProtection.js:7:5)
    at async nosniff (/Users/abser/go/src/github.com/yhyddr/projector/face/sequelize/node_modules/_egg-security@2.7.1@egg-security/lib/middlewares/nosniff.js:8:5)
    at async noopen (/Users/abser/go/src/github.com/yhyddr/projector/face/sequelize/node_modules/_egg-security@2.7.1@egg-security/lib/middlewares/noopen.js:8:5)
    at async session (/Users/abser/go/src/github.com/yhyddr/projector/face/sequelize/node_modules/_koa-session@5.12.3@koa-session/index.js:41:7)
    at async bodyParser (/Users/abser/go/src/github.com/yhyddr/projector/face/sequelize/node_modules/_koa-bodyparser@4.2.1@koa-bodyparser/index.js:86:5)
    at async /Users/abser/go/src/github.com/yhyddr/projector/face/sequelize/node_modules/_koa-static-cache@5.1.2@koa-static-cache/index.js:51:63
    at async notfound (/Users/abser/go/src/github.com/yhyddr/projector/face/sequelize/node_modules/_egg@2.26.0@egg/app/middleware/notfound.js:5:5)
    at async meta (/Users/abser/go/src/github.com/yhyddr/projector/face/sequelize/node_modules/_egg@2.26.0@egg/app/middleware/meta.js:12:5)
    at async cors (/Users/abser/go/src/github.com/yhyddr/projector/face/sequelize/node_modules/_@koa_cors@3.0.0@@koa/cors/index.js:54:32)
message: "user not found"
pid: 50206
hostname: ArideMacBook-Air.local

2020-01-11 22:46:52,170 INFO 50261 [egg-sequelize](2ms) Executed (default): SELECT 1+1 AS result
2020-01-11 22:46:56,882 INFO 50261 [egg-sequelize](12ms) Executed (default): SELECT `id`, `name`, `age`, `created_at`, `updated_at`, `created_at` AS `createdAt`, `updated_at` AS `updatedAt` FROM `users` AS `user` WHERE `user`.`id` = 111;
2020-01-11 22:46:56,885 WARN 50261 [-/127.0.0.1/-/58ms POST /image?imageurl=https://cdn.nlark.com/yuque/0/2020/jpeg/159267/1578557372771-assets/web-upload/12ac4c59-4231-4d10-8340-1bb56491f276.jpeg&person=1111] nodejs.NotFoundError: user not found
    at Object.throw (/Users/abser/go/src/github.com/yhyddr/projector/face/sequelize/node_modules/_koa@2.11.0@koa/lib/context.js:97:11)
    at User.find (/Users/abser/go/src/github.com/yhyddr/projector/face/sequelize/app/service/user.js:17:21)
    at async ImageInfoController.index (/Users/abser/go/src/github.com/yhyddr/projector/face/sequelize/app/controller/image.js:39:16)
    at async /Users/abser/go/src/github.com/yhyddr/projector/face/sequelize/node_modules/_egg-development@2.4.3@egg-development/app/middleware/egg_loader_trace.js:9:50
    at async xframe (/Users/abser/go/src/github.com/yhyddr/projector/face/sequelize/node_modules/_egg-security@2.7.1@egg-security/lib/middlewares/xframe.js:7:5)
    at async xssProtection (/Users/abser/go/src/github.com/yhyddr/projector/face/sequelize/node_modules/_egg-security@2.7.1@egg-security/lib/middlewares/xssProtection.js:7:5)
    at async nosniff (/Users/abser/go/src/github.com/yhyddr/projector/face/sequelize/node_modules/_egg-security@2.7.1@egg-security/lib/middlewares/nosniff.js:8:5)
    at async noopen (/Users/abser/go/src/github.com/yhyddr/projector/face/sequelize/node_modules/_egg-security@2.7.1@egg-security/lib/middlewares/noopen.js:8:5)
    at async session (/Users/abser/go/src/github.com/yhyddr/projector/face/sequelize/node_modules/_koa-session@5.12.3@koa-session/index.js:41:7)
    at async bodyParser (/Users/abser/go/src/github.com/yhyddr/projector/face/sequelize/node_modules/_koa-bodyparser@4.2.1@koa-bodyparser/index.js:86:5)
    at async /Users/abser/go/src/github.com/yhyddr/projector/face/sequelize/node_modules/_koa-static-cache@5.1.2@koa-static-cache/index.js:51:63
    at async notfound (/Users/abser/go/src/github.com/yhyddr/projector/face/sequelize/node_modules/_egg@2.26.0@egg/app/middleware/notfound.js:5:5)
    at async meta (/Users/abser/go/src/github.com/yhyddr/projector/face/sequelize/node_modules/_egg@2.26.0@egg/app/middleware/meta.js:12:5)
    at async cors (/Users/abser/go/src/github.com/yhyddr/projector/face/sequelize/node_modules/_@koa_cors@3.0.0@@koa/cors/index.js:54:32)
message: "user not found"
pid: 50261
hostname: ArideMacBook-Air.local

2020-01-11 22:47:59,662 INFO 50322 [egg-sequelize](2ms) Executed (default): SELECT 1+1 AS result
2020-01-11 22:48:03,409 INFO 50322 [egg-sequelize](7ms) Executed (default): SELECT `id`, `name`, `age`, `created_at`, `updated_at`, `created_at` AS `createdAt`, `updated_at` AS `updatedAt` FROM `users` AS `user` WHERE `user`.`id` = 1111;
2020-01-11 22:49:09,099 INFO 50359 [egg-sequelize](3ms) Executed (default): SELECT 1+1 AS result
2020-01-11 22:50:11,763 INFO 50388 [egg-sequelize](2ms) Executed (default): SELECT 1+1 AS result
2020-01-11 22:50:14,980 INFO 50399 [egg-sequelize](4ms) Executed (default): SELECT 1+1 AS result
2020-01-11 22:50:23,427 INFO 50408 [egg-sequelize](3ms) Executed (default): SELECT 1+1 AS result
2020-01-11 22:50:35,433 WARN 50408 [-/127.0.0.1/-/88ms POST /image?imageurl=https://cdn.nlark.com/yuque/0/2020/jpeg/159267/1578557372771-assets/web-upload/12ac4c59-4231-4d10-8340-1bb56491f276.jpeg&person=1111] nodejs.NotFoundError: user not found
    at Object.throw (/Users/abser/go/src/github.com/yhyddr/projector/face/sequelize/node_modules/_koa@2.11.0@koa/lib/context.js:97:11)
    at User.find (/Users/abser/go/src/github.com/yhyddr/projector/face/sequelize/app/service/user.js:17:21)
    at async ImageInfoController.index (/Users/abser/go/src/github.com/yhyddr/projector/face/sequelize/app/controller/image.js:41:16)
    at async /Users/abser/go/src/github.com/yhyddr/projector/face/sequelize/node_modules/_egg-development@2.4.3@egg-development/app/middleware/egg_loader_trace.js:9:50
    at async xframe (/Users/abser/go/src/github.com/yhyddr/projector/face/sequelize/node_modules/_egg-security@2.7.1@egg-security/lib/middlewares/xframe.js:7:5)
    at async xssProtection (/Users/abser/go/src/github.com/yhyddr/projector/face/sequelize/node_modules/_egg-security@2.7.1@egg-security/lib/middlewares/xssProtection.js:7:5)
    at async nosniff (/Users/abser/go/src/github.com/yhyddr/projector/face/sequelize/node_modules/_egg-security@2.7.1@egg-security/lib/middlewares/nosniff.js:8:5)
    at async noopen (/Users/abser/go/src/github.com/yhyddr/projector/face/sequelize/node_modules/_egg-security@2.7.1@egg-security/lib/middlewares/noopen.js:8:5)
    at async session (/Users/abser/go/src/github.com/yhyddr/projector/face/sequelize/node_modules/_koa-session@5.12.3@koa-session/index.js:41:7)
    at async bodyParser (/Users/abser/go/src/github.com/yhyddr/projector/face/sequelize/node_modules/_koa-bodyparser@4.2.1@koa-bodyparser/index.js:86:5)
    at async /Users/abser/go/src/github.com/yhyddr/projector/face/sequelize/node_modules/_koa-static-cache@5.1.2@koa-static-cache/index.js:51:63
    at async notfound (/Users/abser/go/src/github.com/yhyddr/projector/face/sequelize/node_modules/_egg@2.26.0@egg/app/middleware/notfound.js:5:5)
    at async meta (/Users/abser/go/src/github.com/yhyddr/projector/face/sequelize/node_modules/_egg@2.26.0@egg/app/middleware/meta.js:12:5)
    at async cors (/Users/abser/go/src/github.com/yhyddr/projector/face/sequelize/node_modules/_@koa_cors@3.0.0@@koa/cors/index.js:54:32)
message: "user not found"
pid: 50408
hostname: ArideMacBook-Air.local

2020-01-11 22:51:10,104 INFO 50461 [egg-sequelize](4ms) Executed (default): SELECT 1+1 AS result
2020-01-11 22:51:17,032 WARN 50461 [-/127.0.0.1/-/46ms POST /image?imageurl=https://cdn.nlark.com/yuque/0/2020/jpeg/159267/1578557372771-assets/web-upload/12ac4c59-4231-4d10-8340-1bb56491f276.jpeg&person=1111] nodejs.NotFoundError: user not found
    at Object.throw (/Users/abser/go/src/github.com/yhyddr/projector/face/sequelize/node_modules/_koa@2.11.0@koa/lib/context.js:97:11)
    at User.find (/Users/abser/go/src/github.com/yhyddr/projector/face/sequelize/app/service/user.js:17:21)
    at async ImageInfoController.index (/Users/abser/go/src/github.com/yhyddr/projector/face/sequelize/app/controller/image.js:40:16)
    at async /Users/abser/go/src/github.com/yhyddr/projector/face/sequelize/node_modules/_egg-development@2.4.3@egg-development/app/middleware/egg_loader_trace.js:9:50
    at async xframe (/Users/abser/go/src/github.com/yhyddr/projector/face/sequelize/node_modules/_egg-security@2.7.1@egg-security/lib/middlewares/xframe.js:7:5)
    at async xssProtection (/Users/abser/go/src/github.com/yhyddr/projector/face/sequelize/node_modules/_egg-security@2.7.1@egg-security/lib/middlewares/xssProtection.js:7:5)
    at async nosniff (/Users/abser/go/src/github.com/yhyddr/projector/face/sequelize/node_modules/_egg-security@2.7.1@egg-security/lib/middlewares/nosniff.js:8:5)
    at async noopen (/Users/abser/go/src/github.com/yhyddr/projector/face/sequelize/node_modules/_egg-security@2.7.1@egg-security/lib/middlewares/noopen.js:8:5)
    at async session (/Users/abser/go/src/github.com/yhyddr/projector/face/sequelize/node_modules/_koa-session@5.12.3@koa-session/index.js:41:7)
    at async bodyParser (/Users/abser/go/src/github.com/yhyddr/projector/face/sequelize/node_modules/_koa-bodyparser@4.2.1@koa-bodyparser/index.js:86:5)
    at async /Users/abser/go/src/github.com/yhyddr/projector/face/sequelize/node_modules/_koa-static-cache@5.1.2@koa-static-cache/index.js:51:63
    at async notfound (/Users/abser/go/src/github.com/yhyddr/projector/face/sequelize/node_modules/_egg@2.26.0@egg/app/middleware/notfound.js:5:5)
    at async meta (/Users/abser/go/src/github.com/yhyddr/projector/face/sequelize/node_modules/_egg@2.26.0@egg/app/middleware/meta.js:12:5)
    at async cors (/Users/abser/go/src/github.com/yhyddr/projector/face/sequelize/node_modules/_@koa_cors@3.0.0@@koa/cors/index.js:54:32)
message: "user not found"
pid: 50461
hostname: ArideMacBook-Air.local

2020-01-11 22:52:26,086 INFO 50497 [egg-sequelize](4ms) Executed (default): SELECT 1+1 AS result
2020-01-11 22:52:34,944 INFO 50497 [egg-sequelize](26ms) Executed (default): SELECT `id`, `name`, `age`, `created_at`, `updated_at`, `created_at` AS `createdAt`, `updated_at` AS `updatedAt` FROM `users` AS `user` WHERE `user`.`id` = 1111;
2020-01-11 22:53:22,580 INFO 50545 [egg-sequelize](3ms) Executed (default): SELECT 1+1 AS result
2020-01-11 22:53:27,660 INFO 50545 [egg-sequelize](31ms) Executed (default): SELECT `id`, `name`, `age`, `created_at`, `updated_at`, `created_at` AS `createdAt`, `updated_at` AS `updatedAt` FROM `users` AS `user` WHERE `user`.`id` = 1111;
2020-01-11 22:53:55,659 INFO 50568 [egg-sequelize](2ms) Executed (default): SELECT 1+1 AS result
2020-01-11 22:53:59,622 INFO 50575 [egg-sequelize](2ms) Executed (default): SELECT 1+1 AS result
2020-01-11 22:54:04,510 INFO 50576 [egg-sequelize](3ms) Executed (default): SELECT 1+1 AS result
2020-01-11 22:54:06,206 INFO 50576 [egg-sequelize](3ms) Executed (default): SELECT `id`, `name`, `age`, `created_at`, `updated_at`, `created_at` AS `createdAt`, `updated_at` AS `updatedAt` FROM `users` AS `user` WHERE `user`.`id` = 1111;
2020-01-11 22:56:45,443 INFO 50633 [egg-sequelize](5ms) Executed (default): SELECT 1+1 AS result
2020-01-11 22:57:02,924 INFO 50657 [egg-sequelize](9ms) Executed (default): SELECT 1+1 AS result
2020-01-11 22:57:07,204 INFO 50657 [egg-sequelize](6ms) Executed (default): SELECT `id`, `name`, `age`, `created_at`, `updated_at`, `created_at` AS `createdAt`, `updated_at` AS `updatedAt` FROM `users` AS `user` WHERE `user`.`id` = 1111;
2020-01-11 22:57:35,613 INFO 50697 [egg-sequelize](4ms) Executed (default): SELECT 1+1 AS result
2020-01-11 22:57:37,373 INFO 50697 [egg-sequelize](3ms) Executed (default): SELECT `id`, `name`, `age`, `created_at`, `updated_at`, `created_at` AS `createdAt`, `updated_at` AS `updatedAt` FROM `users` AS `user` WHERE `user`.`id` = 1111;
2020-01-11 22:57:58,139 INFO 50721 [egg-sequelize](11ms) Executed (default): SELECT 1+1 AS result
2020-01-11 22:58:00,849 INFO 50721 [egg-sequelize](4ms) Executed (default): SELECT `id`, `name`, `age`, `created_at`, `updated_at`, `created_at` AS `createdAt`, `updated_at` AS `updatedAt` FROM `users` AS `user` WHERE `user`.`id` = 1111;
2020-01-11 22:59:21,767 INFO 50755 [egg-sequelize](5ms) Executed (default): SELECT 1+1 AS result
2020-01-11 22:59:25,403 INFO 50755 [egg-sequelize](6ms) Executed (default): SELECT `id`, `name`, `age`, `created_at`, `updated_at`, `created_at` AS `createdAt`, `updated_at` AS `updatedAt` FROM `users` AS `user` WHERE `user`.`id` = 1111;
2020-01-11 23:04:17,249 INFO 50879 [egg-sequelize](4ms) Executed (default): SELECT 1+1 AS result
2020-01-12 00:37:47,451 INFO 53988 [egg-sequelize](4ms) Executed (default): SELECT 1+1 AS result
